2020-01-18 20:23:04,822 - INFO: token: aas_et/AKppINYjNqo6I54QbVt-eIuzbA1rRPMtximCesmsbpxS2d1jx8Yl_tq6Jc_2JRwihR9XEwD5kha9HzS99uDRBLHBszPcLvvGiOgt7GH1QCjLnGHnJfPghb79VEs-kfefDZNOnJ6SjHLZZhSGykIqecshX07-Sptn0Y0CLPygWzIuR5QZGgBMnoVeBCSzuESYqaxjFFKhAbf8F5ZLWUlNnFg=
2020-01-18 20:23:05,025 - INFO: auth: swfg_JBElwkboNh3zkJf74lVi3NNb_PjL4D85FvvRe4ckn-fpTRB8kflMhhQ7NfXPuqxsA.
2020-01-18 20:23:06,027 - INFO: 0 previously crawled apps loaded. This crawler won't crawl through these apps.
2020-01-18 20:23:06,027 - INFO: initiated crawling for 1000 apps
2020-01-18 20:23:07,028 - INFO: started crawling through com.snapchat.android on iteration: 1
2020-01-18 20:23:08,304 - INFO: successful purchase
2020-01-18 20:23:08,754 - INFO: downloading...
2020-01-18 20:23:10,622 - INFO: Downloaded version 2008
2020-01-18 20:23:12,492 - INFO: started crawling through com.zhiliaoapp.musically on iteration: 2
2020-01-18 20:23:13,628 - INFO: successful purchase
2020-01-18 20:23:13,952 - INFO: downloading...
2020-01-18 20:23:16,550 - INFO: Downloaded version 2021405030
2020-01-18 20:23:18,558 - INFO: started crawling through video.like on iteration: 3
2020-01-18 20:23:19,676 - INFO: successful purchase
2020-01-18 20:23:20,084 - INFO: downloading...
2020-01-18 20:23:22,552 - INFO: Downloaded version 2546
2020-01-18 20:23:24,360 - INFO: started crawling through video.like.lite on iteration: 4
2020-01-18 20:23:25,609 - INFO: successful purchase
2020-01-18 20:23:25,955 - INFO: downloading...
2020-01-18 20:23:26,943 - INFO: Downloaded version 308
2020-01-18 20:23:28,618 - INFO: started crawling through com.mvmaster.videomaker on iteration: 5
2020-01-18 20:23:36,373 - INFO: successful purchase
2020-01-18 20:23:36,749 - INFO: downloading...
2020-01-18 20:23:40,309 - INFO: Downloaded version 10071
2020-01-18 20:23:41,909 - INFO: started crawling through com.funcamerastudio.videomaker on iteration: 6
2020-01-18 20:23:43,222 - INFO: successful purchase
2020-01-18 20:23:43,606 - INFO: downloading...
2020-01-18 20:23:47,346 - INFO: Downloaded version 68
2020-01-18 20:23:48,968 - INFO: started crawling through com.camerasideas.instashot on iteration: 7
2020-01-18 20:23:50,291 - INFO: successful purchase
2020-01-18 20:23:50,646 - INFO: downloading...
2020-01-18 20:23:55,046 - INFO: Downloaded version 269
2020-01-18 20:23:56,744 - INFO: started crawling through com.camerasideas.trimmer on iteration: 8
2020-01-18 20:23:57,866 - INFO: successful purchase
2020-01-18 20:23:58,223 - INFO: downloading...
2020-01-18 20:23:59,986 - INFO: Downloaded version 89
2020-01-18 20:24:01,786 - INFO: started crawling through videoeditor.videomaker.videoeditorforyoutube on iteration: 9
2020-01-18 20:24:02,986 - INFO: successful purchase
2020-01-18 20:24:03,598 - INFO: downloading...
2020-01-18 20:24:05,637 - INFO: Downloaded version 52
2020-01-18 20:24:07,285 - INFO: started crawling through com.kinemaster.app.beatsync on iteration: 10
2020-01-18 20:24:08,516 - INFO: successful purchase
2020-01-18 20:24:08,858 - INFO: downloading...
2020-01-18 20:24:11,488 - INFO: Downloaded version 12
2020-01-18 20:24:13,099 - INFO: started crawling through com.nexstreaming.app.kinemasterfree on iteration: 11
2020-01-18 20:24:14,249 - INFO: successful purchase
2020-01-18 20:24:14,586 - INFO: downloading...
2020-01-18 20:24:21,074 - INFO: Downloaded version 14940
2020-01-18 20:24:22,700 - INFO: started crawling through com.cyberlink.powerdirector.DRA140225_01 on iteration: 12
2020-01-18 20:24:23,774 - INFO: successful purchase
2020-01-18 20:24:24,095 - INFO: downloading...
2020-01-18 20:24:29,463 - INFO: Downloaded version 75507
2020-01-18 20:24:31,170 - INFO: started crawling through com.cerdillac.filmmaker on iteration: 13
2020-01-18 20:24:32,379 - INFO: successful purchase
2020-01-18 20:24:32,986 - INFO: downloading...
2020-01-18 20:24:36,041 - INFO: Downloaded version 118
2020-01-18 20:24:37,689 - INFO: started crawling through splendid.logomaker.designer on iteration: 14
2020-01-18 20:24:39,133 - INFO: successful purchase
2020-01-18 20:24:39,481 - INFO: downloading...
2020-01-18 20:24:40,613 - INFO: Downloaded version 11
2020-01-18 20:24:42,282 - INFO: started crawling through com.wildDevLabx.logoMaker on iteration: 15
2020-01-18 20:24:43,639 - INFO: successful purchase
2020-01-18 20:24:44,353 - INFO: downloading...
2020-01-18 20:24:45,287 - INFO: Downloaded version 19
2020-01-18 20:24:46,974 - INFO: started crawling through splendid.postermaker.designer on iteration: 16
2020-01-18 20:24:48,349 - INFO: successful purchase
2020-01-18 20:24:48,851 - INFO: downloading...
2020-01-18 20:24:50,275 - INFO: Downloaded version 19
2020-01-18 20:24:51,946 - INFO: started crawling through com.visiting.businesscardmaker on iteration: 17
2020-01-18 20:24:53,060 - INFO: successful purchase
2020-01-18 20:24:53,467 - INFO: downloading...
2020-01-18 20:24:54,222 - INFO: Downloaded version 21
2020-01-18 20:24:56,246 - INFO: started crawling through com.sk.businesscardmaker on iteration: 18
2020-01-18 20:24:57,443 - INFO: successful purchase
2020-01-18 20:24:57,982 - INFO: downloading...
2020-01-18 20:24:59,699 - INFO: Downloaded version 16
2020-01-18 20:25:01,324 - INFO: started crawling through com.visitingcard.businesscardmaker on iteration: 19
2020-01-18 20:25:02,485 - INFO: successful purchase
2020-01-18 20:25:02,824 - INFO: downloading...
2020-01-18 20:25:04,598 - INFO: Downloaded version 7
2020-01-18 20:25:06,272 - INFO: started crawling through com.aiTeam.logoMakers on iteration: 20
2020-01-18 20:25:07,395 - INFO: successful purchase
2020-01-18 20:25:07,755 - INFO: downloading...
2020-01-18 20:25:09,041 - INFO: Downloaded version 10
2020-01-18 20:25:10,776 - INFO: started crawling through com.logopit.logoplus on iteration: 21
2020-01-18 20:25:11,901 - INFO: successful purchase
2020-01-18 20:25:14,541 - INFO: downloading...
2020-01-18 20:25:16,346 - INFO: Downloaded version 235
2020-01-18 20:25:18,002 - INFO: started crawling through com.handycloset.android.eraser on iteration: 22
2020-01-18 20:25:19,279 - INFO: successful purchase
2020-01-18 20:25:19,783 - INFO: downloading...
2020-01-18 20:25:20,025 - INFO: Downloaded version 21
2020-01-18 20:25:21,697 - INFO: started crawling through com.handycloset.android.photolayers on iteration: 23
2020-01-18 20:25:22,863 - INFO: successful purchase
2020-01-18 20:25:23,476 - INFO: downloading...
2020-01-18 20:25:23,914 - INFO: Downloaded version 14
2020-01-18 20:25:25,557 - INFO: started crawling through com.picsart.studio on iteration: 24
2020-01-18 20:25:26,749 - INFO: successful purchase
2020-01-18 20:25:27,464 - INFO: downloading...
2020-01-18 20:25:29,292 - INFO: Downloaded version 993813704
2020-01-18 20:25:30,972 - INFO: started crawling through photo.editor.photoeditor.photoeditorpro on iteration: 25
2020-01-18 20:25:32,079 - INFO: successful purchase
2020-01-18 20:25:32,420 - INFO: downloading...
2020-01-18 20:25:33,514 - INFO: Downloaded version 56
2020-01-18 20:25:35,110 - INFO: started crawling through com.lightx on iteration: 26
2020-01-18 20:25:36,580 - INFO: successful purchase
2020-01-18 20:25:37,192 - INFO: downloading...
2020-01-18 20:25:38,814 - INFO: Downloaded version 244
2020-01-18 20:25:40,493 - INFO: started crawling through com.niksoftware.snapseed on iteration: 27
2020-01-18 20:25:41,700 - INFO: successful purchase
2020-01-18 20:25:42,144 - INFO: downloading...
2020-01-18 20:25:44,770 - INFO: Downloaded version 439397
2020-01-18 20:25:46,516 - INFO: started crawling through com.adobe.lrmobile on iteration: 28
2020-01-18 20:25:47,638 - INFO: successful purchase
2020-01-18 20:25:48,148 - INFO: downloading...
2020-01-18 20:25:57,955 - INFO: Downloaded version 501000002
2020-01-18 20:25:59,526 - INFO: started crawling through com.adobe.psmobile on iteration: 29
2020-01-18 20:26:00,746 - INFO: successful purchase
2020-01-18 20:26:01,131 - INFO: downloading...
2020-01-18 20:26:07,039 - INFO: Downloaded version 239
2020-01-18 20:26:08,613 - INFO: started crawling through com.roidapp.photogrid on iteration: 30
2020-01-18 20:26:09,863 - INFO: successful purchase
2020-01-18 20:26:10,370 - INFO: downloading...
2020-01-18 20:26:13,884 - INFO: Downloaded version 74100004
2020-01-18 20:26:15,540 - INFO: started crawling through photoeditor.layout.collagemaker on iteration: 31
2020-01-18 20:26:16,721 - INFO: successful purchase
2020-01-18 20:26:17,332 - INFO: downloading...
2020-01-18 20:26:18,491 - INFO: Downloaded version 77
2020-01-18 20:26:20,162 - INFO: started crawling through photocollage.photoeditor.photocollageeditor on iteration: 32
2020-01-18 20:26:21,329 - INFO: successful purchase
2020-01-18 20:26:21,736 - INFO: downloading...
2020-01-18 20:26:23,036 - INFO: Downloaded version 18
2020-01-18 20:26:24,674 - INFO: started crawling through collage.maker.photoeditor on iteration: 33
2020-01-18 20:26:25,834 - INFO: successful purchase
2020-01-18 20:26:26,229 - INFO: downloading...
2020-01-18 20:26:27,729 - INFO: Downloaded version 14000
2020-01-18 20:26:29,312 - INFO: started crawling through com.photogrid.lite on iteration: 34
2020-01-18 20:26:30,545 - INFO: successful purchase
2020-01-18 20:26:30,983 - INFO: downloading...
2020-01-18 20:26:31,951 - INFO: Downloaded version 11100003
2020-01-18 20:26:33,519 - INFO: started crawling through photocollage.photoeditor.collagemaker on iteration: 35
2020-01-18 20:26:34,744 - INFO: successful purchase
2020-01-18 20:26:35,101 - INFO: downloading...
2020-01-18 20:26:36,484 - INFO: Downloaded version 87
2020-01-18 20:26:38,074 - INFO: started crawling through com.vsco.cam on iteration: 36
2020-01-18 20:26:39,254 - INFO: successful purchase
2020-01-18 20:26:39,862 - INFO: downloading...
2020-01-18 20:26:45,719 - INFO: Downloaded version 30003282
2020-01-18 20:26:47,373 - INFO: started crawling through com.soundcloud.android on iteration: 37
2020-01-18 20:26:48,567 - INFO: successful purchase
2020-01-18 20:26:48,960 - INFO: downloading...
2020-01-18 20:26:50,624 - INFO: Downloaded version 1508
2020-01-18 20:26:52,394 - INFO: started crawling through com.audiomack on iteration: 38
2020-01-18 20:26:53,585 - INFO: successful purchase
2020-01-18 20:26:54,094 - INFO: downloading...
2020-01-18 20:26:57,061 - INFO: Downloaded version 5722
2020-01-18 20:26:58,769 - INFO: started crawling through com.Project100Pi.themusicplayer on iteration: 39
2020-01-18 20:26:59,933 - INFO: successful purchase
2020-01-18 20:27:00,546 - INFO: downloading...
2020-01-18 20:27:01,250 - INFO: Downloaded version 30700
2020-01-18 20:27:02,897 - INFO: started crawling through com.amapps.media.music on iteration: 40
2020-01-18 20:27:04,030 - INFO: successful purchase
2020-01-18 20:27:04,539 - INFO: downloading...
2020-01-18 20:27:05,568 - INFO: Downloaded version 17
2020-01-18 20:27:07,160 - INFO: started crawling through com.tbig.playerprotrial on iteration: 41
2020-01-18 20:27:08,434 - INFO: successful purchase
2020-01-18 20:27:09,295 - INFO: downloading...
2020-01-18 20:27:12,360 - INFO: Downloaded version 194
2020-01-18 20:27:14,442 - INFO: started crawling through audio.mp3.free.music.player on iteration: 42
2020-01-18 20:27:15,806 - INFO: successful purchase
2020-01-18 20:27:16,527 - INFO: downloading...
2020-01-18 20:27:17,433 - INFO: Downloaded version 160
2020-01-18 20:27:19,776 - INFO: started crawling through video.player.videoplayer on iteration: 43
2020-01-18 20:27:21,132 - INFO: successful purchase
2020-01-18 20:27:22,101 - INFO: downloading...
2020-01-18 20:27:24,363 - INFO: Downloaded version 32160
2020-01-18 20:27:26,288 - INFO: started crawling through com.mxtech.videoplayer.ad on iteration: 44
2020-01-18 20:27:27,684 - INFO: successful purchase
2020-01-18 20:27:28,158 - INFO: downloading...
2020-01-18 20:27:45,757 - INFO: Downloaded version 1330001175
2020-01-18 20:27:47,890 - INFO: started crawling through com.mine.videoplayer on iteration: 45
2020-01-18 20:27:49,291 - INFO: successful purchase
2020-01-18 20:27:49,945 - INFO: downloading...
2020-01-18 20:27:51,716 - INFO: Downloaded version 236
2020-01-18 20:27:53,641 - INFO: started crawling through com.enjoymobi.xvideoplayer on iteration: 46
2020-01-18 20:27:54,923 - INFO: successful purchase
2020-01-18 20:27:55,435 - INFO: downloading...
2020-01-18 20:27:55,933 - INFO: Downloaded version 11
2020-01-18 20:27:57,542 - INFO: started crawling through com.nimblesoft.equalizervideo on iteration: 47
2020-01-18 20:27:58,814 - INFO: successful purchase
2020-01-18 20:27:59,324 - INFO: downloading...
2020-01-18 20:27:59,606 - INFO: Downloaded version 155
2020-01-18 20:28:01,270 - INFO: started crawling through power.hd.videoplayer on iteration: 48
2020-01-18 20:28:02,610 - INFO: successful purchase
2020-01-18 20:28:03,113 - INFO: downloading...
2020-01-18 20:28:03,401 - INFO: Downloaded version 39
2020-01-18 20:28:04,999 - INFO: started crawling through uplayer.video.player on iteration: 49
2020-01-18 20:28:06,085 - INFO: successful purchase
2020-01-18 20:28:06,594 - INFO: downloading...
2020-01-18 20:28:06,914 - INFO: Downloaded version 90000058
2020-01-18 20:28:08,468 - INFO: started crawling through com.cool.volume.sound.booster on iteration: 50
2020-01-18 20:28:09,776 - INFO: successful purchase
2020-01-18 20:28:10,147 - INFO: downloading...
2020-01-18 20:28:11,011 - INFO: Downloaded version 10010
2020-01-18 20:28:12,570 - INFO: started crawling through com.easybrain.make.music on iteration: 51
2020-01-18 20:28:13,765 - INFO: successful purchase
2020-01-18 20:28:14,102 - INFO: downloading...
2020-01-18 20:28:16,372 - INFO: Downloaded version 193
2020-01-18 20:28:18,161 - INFO: started crawling through com.agminstruments.drumpadmachine on iteration: 52
2020-01-18 20:28:19,396 - INFO: successful purchase
2020-01-18 20:28:19,906 - INFO: downloading...
2020-01-18 20:28:21,801 - INFO: Downloaded version 544
2020-01-18 20:28:23,461 - INFO: started crawling through com.amanotes.beathopper on iteration: 53
2020-01-18 20:28:24,721 - INFO: successful purchase
2020-01-18 20:28:25,097 - INFO: downloading...
2020-01-18 20:28:28,242 - INFO: Downloaded version 500115
2020-01-18 20:28:29,813 - INFO: started crawling through com.youmusic.magictiles on iteration: 54
2020-01-18 20:28:31,070 - INFO: successful purchase
2020-01-18 20:28:31,682 - INFO: downloading...
2020-01-18 20:28:38,993 - INFO: Downloaded version 2001141418
2020-01-18 20:28:40,662 - INFO: started crawling through com.kiloo.subwaysurf on iteration: 55
2020-01-18 20:28:41,925 - INFO: successful purchase
2020-01-18 20:28:42,742 - INFO: downloading...
2020-01-18 20:28:52,399 - INFO: Downloaded version 1280
2020-01-18 20:28:54,105 - INFO: started crawling through com.imangi.templerun on iteration: 56
2020-01-18 20:28:55,237 - INFO: successful purchase
2020-01-18 20:28:55,746 - INFO: downloading...
2020-01-18 20:28:58,839 - INFO: Downloaded version 36
2020-01-18 20:29:00,410 - INFO: started crawling through com.imangi.templerun2 on iteration: 57
2020-01-18 20:29:01,586 - INFO: successful purchase
2020-01-18 20:29:02,095 - INFO: downloading...
2020-01-18 20:29:07,629 - INFO: Downloaded version 287
2020-01-18 20:29:09,349 - INFO: started crawling through com.miniclip.railrush on iteration: 58
2020-01-18 20:29:10,495 - INFO: successful purchase
2020-01-18 20:29:10,846 - INFO: downloading...
2020-01-18 20:29:15,314 - INFO: Downloaded version 21014211
2020-01-18 20:29:17,021 - INFO: started crawling through com.gameloft.android.ANMP.GloftDMHM on iteration: 59
2020-01-18 20:29:18,174 - INFO: successful purchase
2020-01-18 20:29:18,539 - INFO: downloading...
2020-01-18 20:29:25,543 - INFO: Downloaded version 69023
2020-01-18 20:29:27,268 - INFO: started crawling through com.YovoGames.dentist on iteration: 60
2020-01-18 20:29:28,312 - INFO: successful purchase
2020-01-18 20:29:28,627 - INFO: downloading...
2020-01-18 20:29:29,442 - INFO: Downloaded version 16
2020-01-18 20:29:31,140 - INFO: started crawling through com.YovoGames.hair on iteration: 61
2020-01-18 20:29:32,208 - INFO: successful purchase
2020-01-18 20:29:32,540 - INFO: downloading...
2020-01-18 20:29:34,369 - INFO: Downloaded version 15
2020-01-18 20:29:35,959 - INFO: started crawling through com.bubadu.princess on iteration: 62
2020-01-18 20:29:37,119 - INFO: successful purchase
2020-01-18 20:29:37,445 - INFO: downloading...
2020-01-18 20:29:39,846 - INFO: Downloaded version 24
2020-01-18 20:29:41,493 - INFO: started crawling through com.kidsthree.princessfashionsalon on iteration: 63
2020-01-18 20:29:42,648 - INFO: successful purchase
2020-01-18 20:29:42,989 - INFO: downloading...
2020-01-18 20:29:46,496 - INFO: Downloaded version 635000
2020-01-18 20:29:48,181 - INFO: started crawling through com.greenteagames.dogracing3d on iteration: 64
2020-01-18 20:29:49,304 - INFO: successful purchase
2020-01-18 20:29:49,648 - INFO: downloading...
2020-01-18 20:29:51,256 - INFO: Downloaded version 100099
2020-01-18 20:29:52,889 - INFO: started crawling through com.greenteagames.dragonrun on iteration: 65
2020-01-18 20:29:54,324 - INFO: successful purchase
2020-01-18 20:29:54,668 - INFO: downloading...
2020-01-18 20:29:57,999 - INFO: Downloaded version 100033
2020-01-18 20:29:59,674 - INFO: started crawling through com.greenteagames.princessrungame on iteration: 66
2020-01-18 20:30:00,876 - INFO: successful purchase
2020-01-18 20:30:01,231 - INFO: downloading...
2020-01-18 20:30:04,280 - INFO: Downloaded version 28
2020-01-18 20:30:06,014 - INFO: started crawling through com.greenteagames.bunnyrunracing on iteration: 67
2020-01-18 20:30:07,120 - INFO: successful purchase
2020-01-18 20:30:07,772 - INFO: downloading...
2020-01-18 20:30:10,156 - INFO: Downloaded version 27
2020-01-18 20:30:11,790 - INFO: started crawling through com.sega.sonicdash on iteration: 68
2020-01-18 20:30:12,857 - INFO: successful purchase
2020-01-18 20:30:13,366 - INFO: downloading...
2020-01-18 20:30:21,136 - INFO: Downloaded version 1711934552
2020-01-18 20:30:22,822 - INFO: started crawling through com.sega.sonicboomandroid on iteration: 69
2020-01-18 20:30:24,018 - INFO: successful purchase
2020-01-18 20:30:24,347 - INFO: downloading...
2020-01-18 20:30:28,928 - INFO: Downloaded version 1811932362
2020-01-18 20:30:30,623 - INFO: started crawling through com.FDGEntertainment.redball4.gp on iteration: 70
2020-01-18 20:30:31,698 - INFO: successful purchase
2020-01-18 20:30:32,052 - INFO: downloading...
2020-01-18 20:30:37,562 - INFO: Downloaded version 1418
2020-01-18 20:30:39,337 - INFO: started crawling through com.FDGEntertainment.CoverOrange2.gp on iteration: 71
2020-01-18 20:30:40,506 - INFO: successful purchase
2020-01-18 20:30:40,881 - INFO: downloading...
2020-01-18 20:30:47,069 - INFO: Downloaded version 446
2020-01-18 20:30:48,659 - INFO: started crawling through com.FDGEntertainment.CoverOrange1.gp on iteration: 72
2020-01-18 20:30:49,824 - INFO: successful purchase
2020-01-18 20:30:50,183 - INFO: downloading...
2020-01-18 20:30:57,766 - INFO: Downloaded version 446
2020-01-18 20:30:59,491 - INFO: started crawling through br.com.tapps.myboo on iteration: 73
2020-01-18 20:31:00,678 - INFO: successful purchase
2020-01-18 20:31:01,290 - INFO: downloading...
2020-01-18 20:31:07,575 - INFO: Downloaded version 11218
2020-01-18 20:31:09,257 - INFO: started crawling through com.frojo.dino.android on iteration: 74
2020-01-18 20:31:10,608 - INFO: successful purchase
2020-01-18 20:31:10,962 - INFO: downloading...
2020-01-18 20:31:12,121 - INFO: Downloaded version 14
2020-01-18 20:31:13,742 - INFO: started crawling through com.frojo.chicken on iteration: 75
2020-01-18 20:31:15,014 - INFO: successful purchase
2020-01-18 20:31:15,394 - INFO: downloading...
2020-01-18 20:31:17,014 - INFO: Downloaded version 17
2020-01-18 20:31:18,550 - INFO: started crawling through com.frojo.chicken2 on iteration: 76
2020-01-18 20:31:19,725 - INFO: successful purchase
2020-01-18 20:31:20,233 - INFO: downloading...
2020-01-18 20:31:23,310 - INFO: Downloaded version 17
2020-01-18 20:31:24,880 - INFO: started crawling through com.frojo.hippo on iteration: 77
2020-01-18 20:31:26,278 - INFO: successful purchase
2020-01-18 20:31:26,628 - INFO: downloading...
2020-01-18 20:31:33,535 - INFO: Downloaded version 9
2020-01-18 20:31:35,224 - INFO: started crawling through com.frojo.bear on iteration: 78
2020-01-18 20:31:36,319 - INFO: successful purchase
2020-01-18 20:31:37,028 - INFO: downloading...
2020-01-18 20:31:39,929 - INFO: Downloaded version 16
2020-01-18 20:31:41,571 - INFO: started crawling through com.frojo.pug on iteration: 79
2020-01-18 20:31:42,667 - INFO: successful purchase
2020-01-18 20:31:43,022 - INFO: downloading...
2020-01-18 20:31:47,251 - INFO: Downloaded version 16
2020-01-18 20:31:48,840 - INFO: started crawling through com.frojo.corgi on iteration: 80
2020-01-18 20:31:50,035 - INFO: successful purchase
2020-01-18 20:31:50,647 - INFO: downloading...
2020-01-18 20:31:55,049 - INFO: Downloaded version 6
2020-01-18 20:31:56,655 - INFO: started crawling through com.frojo.cat on iteration: 81
2020-01-18 20:31:57,818 - INFO: successful purchase
2020-01-18 20:31:58,156 - INFO: downloading...
2020-01-18 20:32:01,986 - INFO: Downloaded version 17
2020-01-18 20:32:03,624 - INFO: started crawling through com.lily.times.tweenshusky.all on iteration: 82
2020-01-18 20:32:04,781 - INFO: successful purchase
2020-01-18 20:32:05,393 - INFO: downloading...
2020-01-18 20:32:10,423 - INFO: Downloaded version 934217
2020-01-18 20:32:12,117 - INFO: started crawling through com.lily.times.dog1.all on iteration: 83
2020-01-18 20:32:13,279 - INFO: successful purchase
2020-01-18 20:32:13,789 - INFO: downloading...
2020-01-18 20:32:19,159 - INFO: Downloaded version 956158
2020-01-18 20:32:20,850 - INFO: started crawling through com.lily.times.rabbit1.all on iteration: 84
2020-01-18 20:32:22,086 - INFO: successful purchase
2020-01-18 20:32:22,419 - INFO: downloading...
2020-01-18 20:32:26,278 - INFO: Downloaded version 934222
2020-01-18 20:32:27,921 - INFO: started crawling through kr.co.smartstudy.babyshark_android_googlemarket on iteration: 85
2020-01-18 20:32:29,049 - INFO: successful purchase
2020-01-18 20:32:29,433 - INFO: downloading...
2020-01-18 20:32:32,135 - INFO: Downloaded version 2500
2020-01-18 20:32:33,834 - INFO: started crawling through kr.co.smartstudy.singingphone_android_googlemarket on iteration: 86
2020-01-18 20:32:34,989 - INFO: successful purchase
2020-01-18 20:32:35,309 - INFO: downloading...
2020-01-18 20:32:37,551 - INFO: Downloaded version 2401
2020-01-18 20:32:39,117 - INFO: started crawling through com.gokids.bphone1 on iteration: 87
2020-01-18 20:32:40,211 - INFO: successful purchase
2020-01-18 20:32:40,720 - INFO: downloading...
2020-01-18 20:32:42,293 - INFO: Downloaded version 1005009
2020-01-18 20:32:43,885 - INFO: started crawling through com.orange.kidspiano.music.songs on iteration: 88
2020-01-18 20:32:45,024 - INFO: successful purchase
2020-01-18 20:32:45,636 - INFO: downloading...
2020-01-18 20:32:48,933 - INFO: Downloaded version 239
2020-01-18 20:32:50,609 - INFO: started crawling through com.rvappstudios.baby.games.piano.phone.kids on iteration: 89
2020-01-18 20:32:51,782 - INFO: successful purchase
2020-01-18 20:32:52,292 - INFO: downloading...
2020-01-18 20:32:55,371 - INFO: Downloaded version 16
2020-01-18 20:32:56,947 - INFO: started crawling through com.infigames.babycomputer on iteration: 90
2020-01-18 20:32:58,034 - INFO: successful purchase
2020-01-18 20:32:58,846 - INFO: downloading...
2020-01-18 20:33:02,343 - INFO: Downloaded version 200036
2020-01-18 20:33:03,962 - INFO: started crawling through com.gokids.tablet on iteration: 91
2020-01-18 20:33:05,094 - INFO: successful purchase
2020-01-18 20:33:05,808 - INFO: downloading...
2020-01-18 20:33:07,794 - INFO: Downloaded version 1009007
2020-01-18 20:33:09,450 - INFO: started crawling through com.appsbergman.celulareducacional on iteration: 92
2020-01-18 20:33:10,624 - INFO: successful purchase
2020-01-18 20:33:10,980 - INFO: downloading...
2020-01-18 20:33:14,604 - INFO: Downloaded version 17
2020-01-18 20:33:16,227 - INFO: started crawling through com.oki.babyphone on iteration: 93
2020-01-18 20:33:17,484 - INFO: successful purchase
2020-01-18 20:33:17,955 - INFO: downloading...
2020-01-18 20:33:19,295 - INFO: Downloaded version 1004012
2020-01-18 20:33:20,918 - INFO: started crawling through com.pescapps.game4kids on iteration: 94
2020-01-18 20:33:21,995 - INFO: successful purchase
2020-01-18 20:33:22,342 - INFO: downloading...
2020-01-18 20:33:25,705 - INFO: Downloaded version 8
2020-01-18 20:33:27,270 - INFO: started crawling through com.pescapps.gamekids5 on iteration: 95
2020-01-18 20:33:28,339 - INFO: successful purchase
2020-01-18 20:33:28,696 - INFO: downloading...
2020-01-18 20:33:30,217 - INFO: Downloaded version 6
2020-01-18 20:33:31,852 - INFO: started crawling through com.orange.coloring.learn.kids on iteration: 96
2020-01-18 20:33:32,947 - INFO: successful purchase
2020-01-18 20:33:33,390 - INFO: downloading...
2020-01-18 20:33:37,482 - INFO: Downloaded version 107
2020-01-18 20:33:39,238 - INFO: started crawling through com.redberry.glitterdressa2 on iteration: 97
2020-01-18 20:33:40,422 - INFO: successful purchase
2020-01-18 20:33:41,035 - INFO: downloading...
2020-01-18 20:33:42,538 - INFO: Downloaded version 5
2020-01-18 20:33:44,160 - INFO: started crawling through com.funpop.android_conecupcake on iteration: 98
2020-01-18 20:33:45,338 - INFO: successful purchase
2020-01-18 20:33:45,755 - INFO: downloading...
2020-01-18 20:33:52,197 - INFO: Downloaded version 15
2020-01-18 20:33:53,741 - INFO: started crawling through com.kiwigo.cottoncandyshop.free on iteration: 99
2020-01-18 20:33:54,963 - INFO: successful purchase
2020-01-18 20:33:55,283 - INFO: downloading...
2020-01-18 20:33:59,795 - INFO: Downloaded version 505000
2020-01-18 20:34:01,404 - INFO: started crawling through com.funpop.android_iceprincess on iteration: 100
2020-01-18 20:34:02,650 - INFO: successful purchase
2020-01-18 20:34:02,996 - INFO: downloading...
2020-01-18 20:34:10,428 - INFO: Downloaded version 12
2020-01-18 20:34:12,186 - INFO: started crawling through com.funpop.android_princesscake on iteration: 101
2020-01-18 20:34:13,498 - INFO: successful purchase
2020-01-18 20:34:13,837 - INFO: downloading...
2020-01-18 20:34:18,634 - INFO: Downloaded version 15
2020-01-18 20:34:20,210 - INFO: started crawling through com.funpop.android_shoecake on iteration: 102
2020-01-18 20:34:21,485 - INFO: successful purchase
2020-01-18 20:34:21,851 - INFO: downloading...
2020-01-18 20:34:29,157 - INFO: Downloaded version 11
2020-01-18 20:34:30,749 - INFO: started crawling through com.funpop.android_makeupcake on iteration: 103
2020-01-18 20:34:32,037 - INFO: successful purchase
2020-01-18 20:34:32,650 - INFO: downloading...
2020-01-18 20:34:45,494 - INFO: Downloaded version 10
2020-01-18 20:34:47,178 - INFO: started crawling through com.k3games.babyfashiontailor2.free on iteration: 104
2020-01-18 20:34:48,314 - INFO: successful purchase
2020-01-18 20:34:48,664 - INFO: downloading...
2020-01-18 20:34:51,542 - INFO: Downloaded version 515000
2020-01-18 20:34:53,445 - INFO: started crawling through com.sinyee.babybus.tailor on iteration: 105
2020-01-18 20:34:54,561 - INFO: successful purchase
2020-01-18 20:34:54,942 - INFO: downloading...
2020-01-18 20:34:59,602 - INFO: Downloaded version 8400010
2020-01-18 20:35:01,220 - INFO: started crawling through com.sinyee.babybus.cosmetology on iteration: 106
2020-01-18 20:35:02,451 - INFO: successful purchase
2020-01-18 20:35:02,972 - INFO: downloading...
2020-01-18 20:35:07,225 - INFO: Downloaded version 8400010
2020-01-18 20:35:08,869 - INFO: started crawling through com.sinyee.babybus.village on iteration: 107
2020-01-18 20:35:10,023 - INFO: successful purchase
2020-01-18 20:35:10,840 - INFO: downloading...
2020-01-18 20:35:14,490 - INFO: Downloaded version 8400010
2020-01-18 20:35:16,170 - INFO: started crawling through air.bullstudios.fairyhorsecare on iteration: 108
2020-01-18 20:35:17,293 - INFO: successful purchase
2020-01-18 20:35:17,749 - INFO: downloading...
2020-01-18 20:35:22,433 - INFO: Downloaded version 2003024
2020-01-18 20:35:23,991 - INFO: started crawling through com.cocoplay.cocopony on iteration: 109
2020-01-18 20:35:25,183 - INFO: successful purchase
2020-01-18 20:35:25,586 - INFO: downloading...
2020-01-18 20:35:31,439 - INFO: Downloaded version 109
2020-01-18 20:35:33,354 - INFO: started crawling through com.cocoplay.ponyfashionacademy on iteration: 110
2020-01-18 20:35:34,906 - INFO: successful purchase
2020-01-18 20:35:35,287 - INFO: downloading...
2020-01-18 20:35:40,163 - INFO: Downloaded version 135
2020-01-18 20:35:41,850 - INFO: started crawling through com.cocoplay.cocorockstar on iteration: 111
2020-01-18 20:35:43,200 - INFO: successful purchase
2020-01-18 20:35:44,120 - INFO: downloading...
2020-01-18 20:35:52,915 - INFO: Downloaded version 105
2020-01-18 20:35:54,525 - INFO: started crawling through com.cocoplay.cocoparty on iteration: 112
2020-01-18 20:35:55,796 - INFO: successful purchase
2020-01-18 20:35:56,157 - INFO: downloading...
2020-01-18 20:36:02,329 - INFO: Downloaded version 104
2020-01-18 20:36:03,970 - INFO: started crawling through com.cocoplay.cocosupermodel on iteration: 113
2020-01-18 20:36:05,217 - INFO: successful purchase
2020-01-18 20:36:05,676 - INFO: downloading...
2020-01-18 20:36:12,143 - INFO: Downloaded version 107
2020-01-18 20:36:13,931 - INFO: started crawling through com.budgestudios.HelloKittyNailSalon on iteration: 114
2020-01-18 20:36:15,149 - INFO: successful purchase
2020-01-18 20:36:15,762 - INFO: downloading...
2020-01-18 20:36:22,491 - INFO: Downloaded version 1369
2020-01-18 20:36:24,146 - INFO: started crawling through com.budgestudios.HelloKittyLunchBox on iteration: 115
2020-01-18 20:36:25,595 - INFO: successful purchase
2020-01-18 20:36:25,977 - INFO: downloading...
2020-01-18 20:36:29,055 - INFO: Downloaded version 1503
2020-01-18 20:36:30,803 - INFO: started crawling through com.budgestudios.googleplay.hellokittyfashionstar on iteration: 116
2020-01-18 20:36:31,943 - INFO: successful purchase
2020-01-18 20:36:32,266 - INFO: downloading...
2020-01-18 20:36:34,262 - INFO: Downloaded version 925
2020-01-18 20:36:35,916 - INFO: started crawling through se.appfamily.hellokitty.coloring.free on iteration: 117
2020-01-18 20:36:37,165 - INFO: successful purchase
2020-01-18 20:36:37,526 - INFO: downloading...
2020-01-18 20:36:38,422 - INFO: Downloaded version 240
2020-01-18 20:36:40,106 - INFO: started crawling through se.appfamily.hellokitty.puzzle.seasons.free on iteration: 118
2020-01-18 20:36:41,467 - INFO: successful purchase
2020-01-18 20:36:41,960 - INFO: downloading...
2020-01-18 20:36:43,089 - INFO: Downloaded version 240
2020-01-18 20:36:44,853 - INFO: started crawling through com.iabuzz.HelloKittyRacingAdventure on iteration: 119
2020-01-18 20:36:46,177 - INFO: successful purchase
2020-01-18 20:36:46,635 - INFO: downloading...
2020-01-18 20:36:48,857 - INFO: Downloaded version 302
2020-01-18 20:36:50,513 - INFO: started crawling through com.rvappstudios.jigsaw.puzzles.kids on iteration: 120
2020-01-18 20:36:51,706 - INFO: successful purchase
2020-01-18 20:36:52,032 - INFO: downloading...
2020-01-18 20:36:56,556 - INFO: Downloaded version 40
2020-01-18 20:36:58,273 - INFO: started crawling through com.rvappstudios.kids.coloring.book.color.painting on iteration: 121
2020-01-18 20:36:59,597 - INFO: successful purchase
2020-01-18 20:37:00,101 - INFO: downloading...
2020-01-18 20:37:02,356 - INFO: Downloaded version 5
2020-01-18 20:37:04,078 - INFO: started crawling through com.rvappstudios.numbers123.toddler.counting.tracing on iteration: 122
2020-01-18 20:37:05,223 - INFO: successful purchase
2020-01-18 20:37:05,589 - INFO: downloading...
2020-01-18 20:37:07,404 - INFO: Downloaded version 45
2020-01-18 20:37:09,030 - INFO: started crawling through com.rvappstudios.abc_kids_toddler_tracing_phonics on iteration: 123
2020-01-18 20:37:10,139 - INFO: successful purchase
2020-01-18 20:37:10,563 - INFO: downloading...
2020-01-18 20:37:12,598 - INFO: Downloaded version 46
2020-01-18 20:37:14,200 - INFO: started crawling through com.rvappstudios.shapes.colors.toddler on iteration: 124
2020-01-18 20:37:15,361 - INFO: successful purchase
2020-01-18 20:37:15,871 - INFO: downloading...
2020-01-18 20:37:17,875 - INFO: Downloaded version 26
2020-01-18 20:37:19,561 - INFO: started crawling through com.appquiz.Baby_Blocks on iteration: 125
2020-01-18 20:37:20,686 - INFO: successful purchase
2020-01-18 20:37:21,195 - INFO: downloading...
2020-01-18 20:37:21,953 - INFO: Downloaded version 70
2020-01-18 20:37:23,680 - INFO: started crawling through com.edujoy.Baby_puzzles on iteration: 126
2020-01-18 20:37:24,987 - INFO: successful purchase
2020-01-18 20:37:25,394 - INFO: downloading...
2020-01-18 20:37:26,062 - INFO: Downloaded version 80
2020-01-18 20:37:27,720 - INFO: started crawling through com.iabuzz.puzzle4kidsAnimals on iteration: 127
2020-01-18 20:37:28,878 - INFO: successful purchase
2020-01-18 20:37:29,220 - INFO: downloading...
2020-01-18 20:37:33,072 - INFO: Downloaded version 300
2020-01-18 20:37:34,686 - INFO: started crawling through com.iabuzz.apk.p4kall on iteration: 128
2020-01-18 20:37:35,841 - INFO: successful purchase
2020-01-18 20:37:36,311 - INFO: downloading...
2020-01-18 20:37:43,893 - INFO: Downloaded version 300
2020-01-18 20:37:45,682 - INFO: started crawling through net.cleverbit.DinoPuzzles on iteration: 129
2020-01-18 20:37:47,003 - INFO: successful purchase
2020-01-18 20:37:47,381 - INFO: downloading...
2020-01-18 20:37:49,541 - INFO: Downloaded version 200241
2020-01-18 20:37:51,500 - INFO: started crawling through net.cleverbit.SafariPuzzles on iteration: 130
2020-01-18 20:37:52,636 - INFO: successful purchase
2020-01-18 20:37:52,985 - INFO: downloading...
2020-01-18 20:37:55,072 - INFO: Downloaded version 200241
2020-01-18 20:37:56,706 - INFO: started crawling through net.cleverbit.PuzzlesForKids on iteration: 131
2020-01-18 20:37:57,960 - INFO: successful purchase
2020-01-18 20:37:58,315 - INFO: downloading...
2020-01-18 20:38:00,330 - INFO: Downloaded version 200240
2020-01-18 20:38:02,069 - INFO: started crawling through com.bigstarkids.animalspuzzlegame on iteration: 132
2020-01-18 20:38:03,182 - INFO: successful purchase
2020-01-18 20:38:03,526 - INFO: downloading...
2020-01-18 20:38:07,013 - INFO: Downloaded version 6
2020-01-18 20:38:08,684 - INFO: started crawling through se.appfamily.puzzle.dinosaurs.free on iteration: 133
2020-01-18 20:38:09,941 - INFO: successful purchase
2020-01-18 20:38:10,397 - INFO: downloading...
2020-01-18 20:38:11,530 - INFO: Downloaded version 240
2020-01-18 20:38:13,242 - INFO: started crawling through com.sparklingsocietysims.jurassicdinosaurarkofcarnivores on iteration: 134
2020-01-18 20:38:14,451 - INFO: successful purchase
2020-01-18 20:38:14,789 - INFO: downloading...
2020-01-18 20:38:19,837 - INFO: Downloaded version 13835
2020-01-18 20:38:21,518 - INFO: started crawling through com.sparklingsocietycity.battlecardssavageheroestcg on iteration: 135
2020-01-18 20:38:22,740 - INFO: successful purchase
2020-01-18 20:38:23,075 - INFO: downloading...
2020-01-18 20:38:27,475 - INFO: Downloaded version 14740
2020-01-18 20:38:29,325 - INFO: started crawling through com.sparklingsocietysims.deckadventureswildarena on iteration: 136
2020-01-18 20:38:30,625 - INFO: successful purchase
2020-01-18 20:38:30,962 - INFO: downloading...
2020-01-18 20:38:35,101 - INFO: Downloaded version 14740
2020-01-18 20:38:36,868 - INFO: started crawling through com.lego.ninjago.rideninja on iteration: 137
2020-01-18 20:38:38,101 - INFO: successful purchase
2020-01-18 20:38:38,508 - INFO: downloading...
2020-01-18 20:38:44,530 - INFO: Downloaded version 20
2020-01-18 20:38:46,294 - INFO: started crawling through com.roblox.client on iteration: 138
2020-01-18 20:38:47,419 - INFO: successful purchase
2020-01-18 20:38:48,031 - INFO: downloading...
2020-01-18 20:38:53,929 - INFO: Downloaded version 668
2020-01-18 20:38:55,636 - INFO: started crawling through com.tellmewow.senior.hangman on iteration: 139
2020-01-18 20:38:57,045 - INFO: successful purchase
2020-01-18 20:38:57,554 - INFO: downloading...
2020-01-18 20:38:58,644 - INFO: Downloaded version 299
2020-01-18 20:39:00,297 - INFO: started crawling through com.drawapp.magicdoodle on iteration: 140
2020-01-18 20:39:01,448 - INFO: successful purchase
2020-01-18 20:39:01,958 - INFO: downloading...
2020-01-18 20:39:02,577 - INFO: Downloaded version 38
2020-01-18 20:39:04,196 - INFO: started crawling through com.doodle.master.draw.glow.art on iteration: 141
2020-01-18 20:39:05,442 - INFO: successful purchase
2020-01-18 20:39:06,062 - INFO: downloading...
2020-01-18 20:39:06,857 - INFO: Downloaded version 15
2020-01-18 20:39:08,592 - INFO: started crawling through ee.kaader.colortouch on iteration: 142
2020-01-18 20:39:09,748 - INFO: successful purchase
2020-01-18 20:39:10,354 - INFO: downloading...
2020-01-18 20:39:10,601 - INFO: Downloaded version 14
2020-01-18 20:39:12,259 - INFO: started crawling through com.workSPACE.Fraksl on iteration: 143
2020-01-18 20:39:13,429 - INFO: successful purchase
2020-01-18 20:39:14,043 - INFO: downloading...
2020-01-18 20:39:16,307 - INFO: Downloaded version 14
2020-01-18 20:39:18,069 - INFO: started crawling through com.lojugames.games.transmission on iteration: 144
2020-01-18 20:39:19,271 - INFO: successful purchase
2020-01-18 20:39:19,781 - INFO: downloading...
2020-01-18 20:39:25,691 - INFO: Downloaded version 200148
2020-01-18 20:39:27,367 - INFO: started crawling through com.mmagician.addx on iteration: 145
2020-01-18 20:39:28,585 - INFO: successful purchase
2020-01-18 20:39:29,094 - INFO: downloading...
2020-01-18 20:39:29,421 - INFO: Downloaded version 10201
2020-01-18 20:39:31,015 - INFO: started crawling through com.andreasabbatini.logicgamestk on iteration: 146
2020-01-18 20:39:32,276 - INFO: successful purchase
2020-01-18 20:39:32,785 - INFO: downloading...
2020-01-18 20:39:35,874 - INFO: Downloaded version 1082
2020-01-18 20:39:37,516 - INFO: started crawling through com.andreasabbatini.logicgames2tk on iteration: 147
2020-01-18 20:39:38,824 - INFO: successful purchase
2020-01-18 20:39:39,334 - INFO: downloading...
2020-01-18 20:39:42,913 - INFO: Downloaded version 1036
2020-01-18 20:39:44,550 - INFO: started crawling through com.oas_dev.doors_world_of_history on iteration: 148
2020-01-18 20:39:45,792 - INFO: successful purchase
2020-01-18 20:39:46,809 - INFO: downloading...
2020-01-18 20:39:50,365 - INFO: Downloaded version 200029
2020-01-18 20:39:52,162 - INFO: started crawling through com.oas_dev.doors_world_of_history_2 on iteration: 149
2020-01-18 20:39:53,365 - INFO: successful purchase
2020-01-18 20:39:53,722 - INFO: downloading...
2020-01-18 20:39:55,691 - INFO: Downloaded version 200011
2020-01-18 20:39:57,361 - INFO: started crawling through com.oas_dev.doors_world_of_history_3 on iteration: 150
2020-01-18 20:39:58,588 - INFO: successful purchase
2020-01-18 20:39:58,920 - INFO: downloading...
2020-01-18 20:40:01,877 - INFO: Downloaded version 200015
2020-01-18 20:40:03,538 - INFO: started crawling through com.oas_dev.doors_4.happy_family_house on iteration: 151
2020-01-18 20:40:04,733 - INFO: successful purchase
2020-01-18 20:40:05,063 - INFO: downloading...
2020-01-18 20:40:07,663 - INFO: Downloaded version 200011
2020-01-18 20:40:09,353 - INFO: started crawling through com.bonbeart.doorsseasons.part3 on iteration: 152
2020-01-18 20:40:10,569 - INFO: successful purchase
2020-01-18 20:40:10,949 - INFO: downloading...
2020-01-18 20:40:13,395 - INFO: Downloaded version 44
2020-01-18 20:40:15,082 - INFO: started crawling through com.superswell.findthedifferences on iteration: 153
2020-01-18 20:40:16,303 - INFO: successful purchase
2020-01-18 20:40:16,765 - INFO: downloading...
2020-01-18 20:40:24,044 - INFO: Downloaded version 385
2020-01-18 20:40:25,664 - INFO: started crawling through com.edujoy.Word_Search on iteration: 154
2020-01-18 20:40:27,055 - INFO: successful purchase
2020-01-18 20:40:27,604 - INFO: downloading...
2020-01-18 20:40:28,718 - INFO: Downloaded version 94
2020-01-18 20:40:30,577 - INFO: started crawling through com.tellmewow.senior.word.search on iteration: 155
2020-01-18 20:40:32,077 - INFO: successful purchase
2020-01-18 20:40:32,583 - INFO: downloading...
2020-01-18 20:40:33,311 - INFO: Downloaded version 128
2020-01-18 20:40:34,996 - INFO: started crawling through com.e3games.wordsearch on iteration: 156
2020-01-18 20:40:36,169 - INFO: successful purchase
2020-01-18 20:40:36,679 - INFO: downloading...
2020-01-18 20:40:36,844 - INFO: Downloaded version 20
2020-01-18 20:40:38,467 - INFO: started crawling through ua.krou.remembery on iteration: 157
2020-01-18 20:40:40,060 - INFO: successful purchase
2020-01-18 20:40:40,435 - INFO: downloading...
2020-01-18 20:40:40,907 - INFO: Downloaded version 53
2020-01-18 20:40:42,768 - INFO: started crawling through com.GamesForKids.Mathgames.MultiplicationTables on iteration: 158
2020-01-18 20:40:44,054 - INFO: successful purchase
2020-01-18 20:40:44,536 - INFO: downloading...
2020-01-18 20:40:45,034 - INFO: Downloaded version 78
2020-01-18 20:40:46,720 - INFO: started crawling through com.multiplication.table on iteration: 159
2020-01-18 20:40:48,048 - INFO: successful purchase
2020-01-18 20:40:48,557 - INFO: downloading...
2020-01-18 20:40:48,794 - INFO: Downloaded version 7
2020-01-18 20:40:50,436 - INFO: started crawling through com.closeapps.mathrun on iteration: 160
2020-01-18 20:40:51,939 - INFO: successful purchase
2020-01-18 20:40:52,554 - INFO: downloading...
2020-01-18 20:40:54,626 - INFO: Downloaded version 186
2020-01-18 20:40:56,336 - INFO: started crawling through kids.juegodesumas on iteration: 161
2020-01-18 20:40:57,673 - INFO: successful purchase
2020-01-18 20:40:58,286 - INFO: downloading...
2020-01-18 20:40:58,549 - INFO: Downloaded version 21
2020-01-18 20:41:00,206 - INFO: started crawling through com.rvappstudios.math.kids.counting on iteration: 162
2020-01-18 20:41:01,462 - INFO: successful purchase
2020-01-18 20:41:01,900 - INFO: downloading...
2020-01-18 20:41:04,369 - INFO: Downloaded version 26
2020-01-18 20:41:05,984 - INFO: started crawling through com.rvappstudios.abc.spelling.toddler.spell.phonics on iteration: 163
2020-01-18 20:41:07,196 - INFO: successful purchase
2020-01-18 20:41:07,649 - INFO: downloading...
2020-01-18 20:41:10,416 - INFO: Downloaded version 29
2020-01-18 20:41:12,069 - INFO: started crawling through com.sinyee.babybus.happycounting on iteration: 164
2020-01-18 20:41:13,238 - INFO: successful purchase
2020-01-18 20:41:13,956 - INFO: downloading...
2020-01-18 20:41:16,430 - INFO: Downloaded version 8390010
2020-01-18 20:41:18,012 - INFO: started crawling through com.sinyee.babybus.number on iteration: 165
2020-01-18 20:41:19,284 - INFO: successful purchase
2020-01-18 20:41:19,720 - INFO: downloading...
2020-01-18 20:41:21,811 - INFO: Downloaded version 8390010
2020-01-18 20:41:23,473 - INFO: started crawling through com.sinyee.babybus.numberwriter on iteration: 166
2020-01-18 20:41:24,810 - INFO: successful purchase
2020-01-18 20:41:25,306 - INFO: downloading...
2020-01-18 20:41:28,530 - INFO: Downloaded version 8390010
2020-01-18 20:41:30,246 - INFO: started crawling through com.sinyee.babybus.rescue on iteration: 167
2020-01-18 20:41:31,610 - INFO: successful purchase
2020-01-18 20:41:32,000 - INFO: downloading...
2020-01-18 20:41:35,766 - INFO: Downloaded version 8390010
2020-01-18 20:41:37,486 - INFO: started crawling through com.tellmewow.senior.one.line on iteration: 168
2020-01-18 20:41:38,838 - INFO: successful purchase
2020-01-18 20:41:39,962 - INFO: downloading...
2020-01-18 20:41:42,445 - INFO: Downloaded version 36
2020-01-18 20:41:44,040 - INFO: started crawling through com.orbital.brainiton on iteration: 169
2020-01-18 20:41:45,289 - INFO: successful purchase
2020-01-18 20:41:45,672 - INFO: downloading...
2020-01-18 20:41:47,017 - INFO: Downloaded version 216
2020-01-18 20:41:48,717 - INFO: started crawling through com.tectumgames.unblock on iteration: 170
2020-01-18 20:41:50,000 - INFO: successful purchase
2020-01-18 20:41:50,477 - INFO: downloading...
2020-01-18 20:41:51,634 - INFO: Downloaded version 118
2020-01-18 20:41:53,333 - INFO: started crawling through roll.unblock.ball.slide.puzzle.rolltheball.free on iteration: 171
2020-01-18 20:41:54,813 - INFO: successful purchase
2020-01-18 20:41:55,424 - INFO: downloading...
2020-01-18 20:41:57,174 - INFO: Downloaded version 1152920000
2020-01-18 20:41:58,958 - INFO: started crawling through pipelines.connect.pipegames.puzzle.pipeplumber.flow on iteration: 172
2020-01-18 20:42:00,239 - INFO: successful purchase
2020-01-18 20:42:00,851 - INFO: downloading...
2020-01-18 20:42:03,236 - INFO: Downloaded version 11162
2020-01-18 20:42:04,925 - INFO: started crawling through by.ai91.lyfoes on iteration: 173
2020-01-18 20:42:06,389 - INFO: successful purchase
2020-01-18 20:42:07,099 - INFO: downloading...
2020-01-18 20:42:08,184 - INFO: Downloaded version 10665
2020-01-18 20:42:10,134 - INFO: started crawling through com.klabjan.movethematchespuzzles on iteration: 174
2020-01-18 20:42:11,299 - INFO: successful purchase
2020-01-18 20:42:11,639 - INFO: downloading...
2020-01-18 20:42:12,588 - INFO: Downloaded version 35
2020-01-18 20:42:14,374 - INFO: started crawling through com.orbital.donttouchit on iteration: 175
2020-01-18 20:42:15,600 - INFO: successful purchase
2020-01-18 20:42:16,212 - INFO: downloading...
2020-01-18 20:42:22,831 - INFO: Downloaded version 58
2020-01-18 20:42:24,502 - INFO: started crawling through com.frozengun.freeze on iteration: 176
2020-01-18 20:42:25,738 - INFO: successful purchase
2020-01-18 20:42:26,353 - INFO: downloading...
2020-01-18 20:42:30,144 - INFO: Downloaded version 206
2020-01-18 20:42:31,734 - INFO: started crawling through com.giyomu.frogtactics on iteration: 177
2020-01-18 20:42:33,007 - INFO: successful purchase
2020-01-18 20:42:33,620 - INFO: downloading...
2020-01-18 20:42:35,378 - INFO: Downloaded version 118
2020-01-18 20:42:36,981 - INFO: started crawling through air.MusterenGames.ElHarezmiCoding on iteration: 178
2020-01-18 20:42:38,230 - INFO: successful purchase
2020-01-18 20:42:38,702 - INFO: downloading...
2020-01-18 20:42:39,744 - INFO: Downloaded version 1000005
2020-01-18 20:42:41,357 - INFO: started crawling through com.fivedaysweekend.math on iteration: 179
2020-01-18 20:42:42,531 - INFO: successful purchase
2020-01-18 20:42:42,878 - INFO: downloading...
2020-01-18 20:42:43,081 - INFO: Downloaded version 71
2020-01-18 20:42:44,760 - INFO: started crawling through com.pixplicity.cryptogram on iteration: 180
2020-01-18 20:42:46,115 - INFO: successful purchase
2020-01-18 20:42:46,625 - INFO: downloading...
2020-01-18 20:42:47,300 - INFO: Downloaded version 235
2020-01-18 20:42:48,862 - INFO: started crawling through air.com.akkad.rullo on iteration: 181
2020-01-18 20:42:50,007 - INFO: successful purchase
2020-01-18 20:42:50,621 - INFO: downloading...
2020-01-18 20:42:52,787 - INFO: Downloaded version 1002005
2020-01-18 20:42:54,365 - INFO: started crawling through org.brilliant.android on iteration: 182
2020-01-18 20:42:55,741 - INFO: successful purchase
2020-01-18 20:42:56,353 - INFO: downloading...
2020-01-18 20:42:58,487 - INFO: Downloaded version 380
2020-01-18 20:43:00,230 - INFO: started crawling through com.seterra.free on iteration: 183
2020-01-18 20:43:01,373 - INFO: successful purchase
2020-01-18 20:43:02,087 - INFO: downloading...
2020-01-18 20:43:08,986 - INFO: Downloaded version 30
2020-01-18 20:43:10,800 - INFO: started crawling through com.digitalgene.mappuzzleworld on iteration: 184
2020-01-18 20:43:11,925 - INFO: successful purchase
2020-01-18 20:43:12,430 - INFO: downloading...
2020-01-18 20:43:13,113 - INFO: Downloaded version 30302
2020-01-18 20:43:14,717 - INFO: started crawling through com.eplostar.geomaster on iteration: 185
2020-01-18 20:43:15,914 - INFO: successful purchase
2020-01-18 20:43:16,526 - INFO: downloading...
2020-01-18 20:43:19,451 - INFO: Downloaded version 103
2020-01-18 20:43:21,030 - INFO: started crawling through net.shapkin.famouspeoplequiz on iteration: 186
2020-01-18 20:43:22,264 - INFO: successful purchase
2020-01-18 20:43:22,670 - INFO: downloading...
2020-01-18 20:43:24,551 - INFO: Downloaded version 15
2020-01-18 20:43:26,108 - INFO: started crawling through net.shapkin.countries on iteration: 187
2020-01-18 20:43:27,280 - INFO: successful purchase
2020-01-18 20:43:27,893 - INFO: downloading...
2020-01-18 20:43:30,033 - INFO: Downloaded version 6
2020-01-18 20:43:31,638 - INFO: started crawling through com.works.timeglass.country.flags.quiz on iteration: 188
2020-01-18 20:43:32,912 - INFO: successful purchase
2020-01-18 20:43:33,374 - INFO: downloading...
2020-01-18 20:43:34,695 - INFO: Downloaded version 15
2020-01-18 20:43:36,292 - INFO: started crawling through com.blueboat.justriddles on iteration: 189
2020-01-18 20:43:37,418 - INFO: successful purchase
2020-01-18 20:43:37,759 - INFO: downloading...
2020-01-18 20:43:38,103 - INFO: Downloaded version 27
2020-01-18 20:43:39,733 - INFO: started crawling through com.tellmewow.senior.memory on iteration: 190
2020-01-18 20:43:40,900 - INFO: successful purchase
2020-01-18 20:43:41,511 - INFO: downloading...
2020-01-18 20:43:43,717 - INFO: Downloaded version 2057
2020-01-18 20:43:45,375 - INFO: started crawling through com.tellmewow.senior.visuospatial on iteration: 191
2020-01-18 20:43:46,531 - INFO: successful purchase
2020-01-18 20:43:47,246 - INFO: downloading...
2020-01-18 20:43:48,956 - INFO: Downloaded version 123
2020-01-18 20:43:50,686 - INFO: started crawling through com.tellmewow.senior.coordination on iteration: 192
2020-01-18 20:43:51,856 - INFO: successful purchase
2020-01-18 20:43:52,196 - INFO: downloading...
2020-01-18 20:43:53,147 - INFO: Downloaded version 47
2020-01-18 20:43:54,906 - INFO: started crawling through com.tellmewow.senior.attention on iteration: 193
2020-01-18 20:43:56,054 - INFO: successful purchase
2020-01-18 20:43:56,497 - INFO: downloading...
2020-01-18 20:43:58,683 - INFO: Downloaded version 149
2020-01-18 20:44:00,314 - INFO: started crawling through com.tellmewow.senior.reasoning on iteration: 194
2020-01-18 20:44:01,584 - INFO: successful purchase
2020-01-18 20:44:02,161 - INFO: downloading...
2020-01-18 20:44:03,594 - INFO: Downloaded version 52
2020-01-18 20:44:05,189 - INFO: started crawling through com.firstcenturythinking.braintraining on iteration: 195
2020-01-18 20:44:06,500 - INFO: successful purchase
2020-01-18 20:44:06,878 - INFO: downloading...
2020-01-18 20:44:08,223 - INFO: Downloaded version 30
2020-01-18 20:44:09,867 - INFO: started crawling through de.softan.brainstorm on iteration: 196
2020-01-18 20:44:11,005 - INFO: successful purchase
2020-01-18 20:44:11,515 - INFO: downloading...
2020-01-18 20:44:12,267 - INFO: Downloaded version 132
2020-01-18 20:44:13,832 - INFO: started crawling through com.edujoy.skills on iteration: 197
2020-01-18 20:44:15,000 - INFO: successful purchase
2020-01-18 20:44:15,508 - INFO: downloading...
2020-01-18 20:44:16,857 - INFO: Downloaded version 24
2020-01-18 20:44:18,415 - INFO: started crawling through com.masterkeygames.prepmaster on iteration: 198
2020-01-18 20:44:19,607 - INFO: successful purchase
2020-01-18 20:44:20,116 - INFO: downloading...
2020-01-18 20:44:21,755 - INFO: Downloaded version 18
2020-01-18 20:44:23,397 - INFO: started crawling through com.pmqsoftware.logopedia.nl1 on iteration: 199
2020-01-18 20:44:24,624 - INFO: successful purchase
2020-01-18 20:44:25,134 - INFO: downloading...
2020-01-18 20:44:30,930 - INFO: Downloaded version 47
2020-01-18 20:44:32,556 - INFO: started crawling through com.pmqsoftware.logopedia.nl2 on iteration: 200
2020-01-18 20:44:33,739 - INFO: successful purchase
2020-01-18 20:44:34,248 - INFO: downloading...
2020-01-18 20:44:39,798 - INFO: Downloaded version 47
2020-01-18 20:44:41,430 - INFO: started crawling through com.squins.tkl.nl on iteration: 201
2020-01-18 20:44:42,545 - INFO: successful purchase
2020-01-18 20:44:42,878 - INFO: downloading...
2020-01-18 20:44:46,132 - INFO: Downloaded version 201911040
2020-01-18 20:44:47,816 - INFO: started crawling through com.parkelsoft.letrakidfree on iteration: 202
2020-01-18 20:44:48,996 - INFO: successful purchase
2020-01-18 20:44:49,608 - INFO: downloading...
2020-01-18 20:44:52,326 - INFO: Downloaded version 281
2020-01-18 20:44:53,906 - INFO: started crawling through com.binibambini.MiniABCLite on iteration: 203
2020-01-18 20:44:55,037 - INFO: successful purchase
2020-01-18 20:44:55,649 - INFO: downloading...
2020-01-18 20:45:00,938 - INFO: Downloaded version 3202003
2020-01-18 20:45:02,542 - INFO: started crawling through com.gamesforkids.preschoolworksheets.alphabets on iteration: 204
2020-01-18 20:45:03,644 - INFO: successful purchase
2020-01-18 20:45:04,149 - INFO: downloading...
2020-01-18 20:45:05,696 - INFO: Downloaded version 21
2020-01-18 20:45:07,338 - INFO: started crawling through com.kidsappbox.kidslearninggame on iteration: 205
2020-01-18 20:45:08,452 - INFO: successful purchase
2020-01-18 20:45:09,064 - INFO: downloading...
2020-01-18 20:45:09,758 - INFO: Downloaded version 12
2020-01-18 20:45:11,453 - INFO: started crawling through com.edubuzzkids.learntospellforchildren on iteration: 206
2020-01-18 20:45:12,655 - INFO: successful purchase
2020-01-18 20:45:13,160 - INFO: downloading...
2020-01-18 20:45:16,650 - INFO: Downloaded version 13
2020-01-18 20:45:18,259 - INFO: started crawling through brilliant.sari on iteration: 207
2020-01-18 20:45:19,409 - INFO: successful purchase
2020-01-18 20:45:19,773 - INFO: downloading...
2020-01-18 20:45:24,438 - INFO: Downloaded version 168
2020-01-18 20:45:26,027 - INFO: started crawling through biz.arrowstar.funnyfood2 on iteration: 208
2020-01-18 20:45:27,293 - INFO: successful purchase
2020-01-18 20:45:27,803 - INFO: downloading...
2020-01-18 20:45:30,252 - INFO: Downloaded version 1900051
2020-01-18 20:45:31,901 - INFO: started crawling through com.arrowstar.FunnyFoodsLite on iteration: 209
2020-01-18 20:45:33,028 - INFO: successful purchase
2020-01-18 20:45:33,538 - INFO: downloading...
2020-01-18 20:45:36,716 - INFO: Downloaded version 2000118
2020-01-18 20:45:38,336 - INFO: started crawling through biz.arrowstar.funnyfood3 on iteration: 210
2020-01-18 20:45:39,479 - INFO: successful purchase
2020-01-18 20:45:39,887 - INFO: downloading...
2020-01-18 20:45:43,476 - INFO: Downloaded version 2200035
2020-01-18 20:45:45,119 - INFO: started crawling through biz.arrowstar.funnyfood4 on iteration: 211
2020-01-18 20:45:46,244 - INFO: successful purchase
2020-01-18 20:45:46,850 - INFO: downloading...
2020-01-18 20:45:50,062 - INFO: Downloaded version 1500004
2020-01-18 20:45:51,814 - INFO: started crawling through com.greysprings.connect.dot.to.dot.ABC.games.kids on iteration: 212
2020-01-18 20:45:52,894 - INFO: successful purchase
2020-01-18 20:45:53,515 - INFO: downloading...
2020-01-18 20:45:58,784 - INFO: Downloaded version 820341019
2020-01-18 20:46:00,742 - INFO: started crawling through com.funeasylearn.dutch on iteration: 213
2020-01-18 20:46:02,021 - INFO: successful purchase
2020-01-18 20:46:02,503 - INFO: downloading...
2020-01-18 20:46:07,619 - INFO: Downloaded version 183
2020-01-18 20:46:09,373 - INFO: started crawling through com.silvermoonapps.learnjapaneselanguageguide on iteration: 214
2020-01-18 20:46:10,507 - INFO: successful purchase
2020-01-18 20:46:11,221 - INFO: downloading...
2020-01-18 20:46:13,081 - INFO: Downloaded version 84
2020-01-18 20:46:14,860 - INFO: started crawling through com.silvermoonapps.learnkoreanquicklite on iteration: 215
2020-01-18 20:46:16,036 - INFO: successful purchase
2020-01-18 20:46:16,546 - INFO: downloading...
2020-01-18 20:46:17,805 - INFO: Downloaded version 123
2020-01-18 20:46:19,452 - INFO: started crawling through com.simyasolutions.writeme.ko on iteration: 216
2020-01-18 20:46:20,645 - INFO: successful purchase
2020-01-18 20:46:21,256 - INFO: downloading...
2020-01-18 20:46:22,398 - INFO: Downloaded version 68
2020-01-18 20:46:24,040 - INFO: started crawling through com.funeasylearn.korean on iteration: 217
2020-01-18 20:46:25,150 - INFO: successful purchase
2020-01-18 20:46:25,763 - INFO: downloading...
2020-01-18 20:46:32,648 - INFO: Downloaded version 183
2020-01-18 20:46:34,394 - INFO: started crawling through com.funeasylearn.english on iteration: 218
2020-01-18 20:46:35,595 - INFO: successful purchase
2020-01-18 20:46:36,207 - INFO: downloading...
2020-01-18 20:46:43,046 - INFO: Downloaded version 183
2020-01-18 20:46:44,670 - INFO: started crawling through com.english.vivoapp.grammar.grammaren on iteration: 219
2020-01-18 20:46:45,835 - INFO: successful purchase
2020-01-18 20:46:46,548 - INFO: downloading...
2020-01-18 20:46:51,306 - INFO: Downloaded version 5
2020-01-18 20:46:52,997 - INFO: started crawling through com.mandrakesoft.a2000words on iteration: 220
2020-01-18 20:46:54,130 - INFO: successful purchase
2020-01-18 20:46:54,742 - INFO: downloading...
2020-01-18 20:46:55,370 - INFO: Downloaded version 13
2020-01-18 20:46:56,964 - INFO: started crawling through com.mandrakesoft.a1000words on iteration: 221
2020-01-18 20:46:58,128 - INFO: successful purchase
2020-01-18 20:46:58,735 - INFO: downloading...
2020-01-18 20:46:59,410 - INFO: Downloaded version 30
2020-01-18 20:47:01,116 - INFO: started crawling through com.funeasylearn.spanish on iteration: 222
2020-01-18 20:47:02,224 - INFO: successful purchase
2020-01-18 20:47:02,588 - INFO: downloading...
2020-01-18 20:47:06,901 - INFO: Downloaded version 183
2020-01-18 20:47:08,573 - INFO: started crawling through com.silvermoonapps.luvlingualearnfunspanish on iteration: 223
2020-01-18 20:47:09,796 - INFO: successful purchase
2020-01-18 20:47:10,279 - INFO: downloading...
2020-01-18 20:47:11,864 - INFO: Downloaded version 71
2020-01-18 20:47:13,459 - INFO: started crawling through com.silvermoonapps.luvlingualearnfunfrenchlanguage on iteration: 224
2020-01-18 20:47:14,609 - INFO: successful purchase
2020-01-18 20:47:15,017 - INFO: downloading...
2020-01-18 20:47:16,155 - INFO: Downloaded version 61
2020-01-18 20:47:17,760 - INFO: started crawling through ns.com.frenchforkids on iteration: 225
2020-01-18 20:47:18,910 - INFO: successful purchase
2020-01-18 20:47:19,420 - INFO: downloading...
2020-01-18 20:47:22,134 - INFO: Downloaded version 47
2020-01-18 20:47:23,871 - INFO: started crawling through com.amayasoft.bookstorem4.en on iteration: 226
2020-01-18 20:47:24,995 - INFO: successful purchase
2020-01-18 20:47:25,564 - INFO: downloading...
2020-01-18 20:47:35,306 - INFO: Downloaded version 31
2020-01-18 20:47:36,910 - INFO: started crawling through com.gameloft.android.ANMP.GloftPOHM on iteration: 227
2020-01-18 20:47:38,164 - INFO: successful purchase
2020-01-18 20:47:38,520 - INFO: downloading...
2020-01-18 20:47:40,994 - INFO: Downloaded version 58022
2020-01-18 20:47:42,638 - INFO: started crawling through com.budgestudios.googleplay.MyLittlePonyRainbowRunners on iteration: 228
2020-01-18 20:47:43,999 - INFO: successful purchase
2020-01-18 20:47:44,610 - INFO: downloading...
2020-01-18 20:47:47,845 - INFO: Downloaded version 1364
2020-01-18 20:47:49,501 - INFO: started crawling through com.budgestudios.MyLittlePonyHarmonyQuest on iteration: 229
2020-01-18 20:47:50,654 - INFO: successful purchase
2020-01-18 20:47:51,164 - INFO: downloading...
2020-01-18 20:47:53,262 - INFO: Downloaded version 40
2020-01-18 20:47:54,813 - INFO: started crawling through com.hasbro.mlpcoreAPPSTORE on iteration: 230
2020-01-18 20:47:55,979 - INFO: successful purchase
2020-01-18 20:47:56,337 - INFO: downloading...
2020-01-18 20:47:57,845 - INFO: Downloaded version 15
2020-01-18 20:47:59,542 - INFO: started crawling through com.budgestudios.googleplay.MyLittlePonyPocketPonies on iteration: 231
2020-01-18 20:48:00,791 - INFO: successful purchase
2020-01-18 20:48:01,129 - INFO: downloading...
2020-01-18 20:48:04,595 - INFO: Downloaded version 3049
2020-01-18 20:48:06,344 - INFO: started crawling through com.pjmasks.moonlightheroes on iteration: 232
2020-01-18 20:48:07,556 - INFO: successful purchase
2020-01-18 20:48:07,937 - INFO: downloading...
2020-01-18 20:48:15,044 - INFO: Downloaded version 112
2020-01-18 20:48:16,854 - INFO: started crawling through com.pjmasks.timetobeahero on iteration: 233
2020-01-18 20:48:18,128 - INFO: successful purchase
2020-01-18 20:48:18,729 - INFO: downloading...
2020-01-18 20:48:29,341 - INFO: Downloaded version 243
2020-01-18 20:48:30,927 - INFO: started crawling through com.mtvn.hdcrimewarpapp on iteration: 234
2020-01-18 20:48:32,029 - INFO: successful purchase
2020-01-18 20:48:32,345 - INFO: downloading...
2020-01-18 20:48:35,171 - INFO: Downloaded version 516
2020-01-18 20:48:36,794 - INFO: started crawling through com.mtvn.loudhouseapp on iteration: 235
2020-01-18 20:48:37,861 - INFO: successful purchase
2020-01-18 20:48:38,371 - INFO: downloading...
2020-01-18 20:48:45,457 - INFO: Downloaded version 222
2020-01-18 20:48:47,226 - INFO: started crawling through com.nickappintl.android.nickelodeon on iteration: 236
2020-01-18 20:48:48,408 - INFO: successful purchase
2020-01-18 20:48:48,761 - INFO: downloading...
2020-01-18 20:48:51,463 - INFO: Downloaded version 3170
2020-01-18 20:48:53,269 - INFO: started crawling through com.WildWorks.AnimalJamPlayWild on iteration: 237
2020-01-18 20:48:54,452 - INFO: successful purchase
2020-01-18 20:48:54,815 - INFO: downloading...
2020-01-18 20:48:59,900 - INFO: Downloaded version 863
2020-01-18 20:49:01,445 - INFO: started crawling through com.gameloft.android.ANMP.GloftPEHM on iteration: 238
2020-01-18 20:49:02,648 - INFO: successful purchase
2020-01-18 20:49:03,111 - INFO: downloading...
2020-01-18 20:49:06,162 - INFO: Downloaded version 23323
2020-01-18 20:49:08,096 - INFO: started crawling through com.hasbro.lpsyourworld on iteration: 239
2020-01-18 20:49:09,196 - INFO: successful purchase
2020-01-18 20:49:09,916 - INFO: downloading...
2020-01-18 20:49:13,376 - INFO: Downloaded version 2000003
2020-01-18 20:49:15,018 - INFO: started crawling through com.mattel.eahdragons on iteration: 240
2020-01-18 20:49:16,261 - INFO: successful purchase
2020-01-18 20:49:16,771 - INFO: downloading...
2020-01-18 20:49:24,918 - INFO: Downloaded version 121003
2020-01-18 20:49:26,605 - INFO: started crawling through com.spinmaster.enterprise.colleggtibles on iteration: 241
2020-01-18 20:49:27,833 - INFO: successful purchase
2020-01-18 20:49:28,445 - INFO: downloading...
2020-01-18 20:49:46,998 - INFO: Downloaded version 100
2020-01-18 20:49:48,590 - INFO: started crawling through com.mightykingdom.pikmipops on iteration: 242
2020-01-18 20:49:49,746 - INFO: successful purchase
2020-01-18 20:49:50,256 - INFO: downloading...
2020-01-18 20:49:56,896 - INFO: Downloaded version 12
2020-01-18 20:49:58,484 - INFO: started crawling through com.mightykingdom.shopkinscutiecars on iteration: 243
2020-01-18 20:49:59,679 - INFO: successful purchase
2020-01-18 20:50:00,394 - INFO: downloading...
2020-01-18 20:50:06,676 - INFO: Downloaded version 23
2020-01-18 20:50:08,446 - INFO: started crawling through com.moose.shopville on iteration: 244
2020-01-18 20:50:09,614 - INFO: successful purchase
2020-01-18 20:50:09,996 - INFO: downloading...
2020-01-18 20:50:12,544 - INFO: Downloaded version 154
2020-01-18 20:50:14,184 - INFO: started crawling through com.mightykingdom.shopkinsworldvacation on iteration: 245
2020-01-18 20:50:15,346 - INFO: successful purchase
2020-01-18 20:50:15,856 - INFO: downloading...
2020-01-18 20:50:21,095 - INFO: Downloaded version 58
2020-01-18 20:50:22,682 - INFO: started crawling through com.mightykingdom.shopkinschefclub on iteration: 246
2020-01-18 20:50:23,953 - INFO: successful purchase
2020-01-18 20:50:24,561 - INFO: downloading...
2020-01-18 20:50:32,654 - INFO: Downloaded version 10054
2020-01-18 20:50:34,362 - INFO: started crawling through air.com.moviestarplanet.boonieverse on iteration: 247
2020-01-18 20:50:35,524 - INFO: successful purchase
2020-01-18 20:50:35,897 - INFO: downloading...
2020-01-18 20:50:42,283 - INFO: Downloaded version 5004009
2020-01-18 20:50:43,949 - INFO: started crawling through com.hyperbeard.kleptocorns on iteration: 248
2020-01-18 20:50:45,145 - INFO: successful purchase
2020-01-18 20:50:45,757 - INFO: downloading...
2020-01-18 20:50:53,141 - INFO: Downloaded version 21
2020-01-18 20:50:54,715 - INFO: started crawling through com.hyperbeard.klep2cats on iteration: 249
2020-01-18 20:50:55,999 - INFO: successful purchase
2020-01-18 20:50:56,476 - INFO: downloading...
2020-01-18 20:51:02,230 - INFO: Downloaded version 52
2020-01-18 20:51:03,864 - INFO: started crawling through com.appsorama.kleptocats on iteration: 250
2020-01-18 20:51:05,215 - INFO: successful purchase
2020-01-18 20:51:05,609 - INFO: downloading...
2020-01-18 20:51:14,441 - INFO: Downloaded version 103
2020-01-18 20:51:16,217 - INFO: started crawling through com.hyperbeard.kleptodogs on iteration: 251
2020-01-18 20:51:17,299 - INFO: successful purchase
2020-01-18 20:51:17,808 - INFO: downloading...
2020-01-18 20:51:23,419 - INFO: Downloaded version 34
2020-01-18 20:51:25,074 - INFO: started crawling through com.hyperbeard.cnkleptocats on iteration: 252
2020-01-18 20:51:26,207 - INFO: successful purchase
2020-01-18 20:51:26,578 - INFO: downloading...
2020-01-18 20:51:36,162 - INFO: Downloaded version 45
2020-01-18 20:51:37,921 - INFO: started crawling through com.turner.super_slime_blitz on iteration: 253
2020-01-18 20:51:39,213 - INFO: successful purchase
2020-01-18 20:51:39,656 - INFO: downloading...
2020-01-18 20:51:42,059 - INFO: Downloaded version 180
2020-01-18 20:51:43,778 - INFO: started crawling through com.turner.kickahead on iteration: 254
2020-01-18 20:51:45,152 - INFO: successful purchase
2020-01-18 20:51:45,663 - INFO: downloading...
2020-01-18 20:51:47,985 - INFO: Downloaded version 37
2020-01-18 20:51:49,637 - INFO: started crawling through com.ankama.kingtongue on iteration: 255
2020-01-18 20:51:50,887 - INFO: successful purchase
2020-01-18 20:51:51,324 - INFO: downloading...
2020-01-18 20:51:57,823 - INFO: Downloaded version 24
2020-01-18 20:51:59,542 - INFO: started crawling through com.ninjakiwi.bloonstdbattles on iteration: 256
2020-01-18 20:52:00,717 - INFO: successful purchase
2020-01-18 20:52:01,124 - INFO: downloading...
2020-01-18 20:52:08,087 - INFO: Downloaded version 1010955
2020-01-18 20:52:09,866 - INFO: started crawling through com.ninjakiwi.monkeycity on iteration: 257
2020-01-18 20:52:11,264 - INFO: successful purchase
2020-01-18 20:52:11,773 - INFO: downloading...
2020-01-18 20:52:16,151 - INFO: Downloaded version 19406
2020-01-18 20:52:17,769 - INFO: started crawling through com.ninjakiwi.supermonkey on iteration: 258
2020-01-18 20:52:19,051 - INFO: successful purchase
2020-01-18 20:52:19,512 - INFO: downloading...
2020-01-18 20:52:28,006 - INFO: Downloaded version 8601
2020-01-18 20:52:29,644 - INFO: started crawling through com.ninjakiwi.btdadventuretime on iteration: 259
2020-01-18 20:52:30,925 - INFO: successful purchase
2020-01-18 20:52:31,269 - INFO: downloading...
2020-01-18 20:52:39,014 - INFO: Downloaded version 2716
2020-01-18 20:52:40,780 - INFO: started crawling through com.sega.sonic1px on iteration: 260
2020-01-18 20:52:42,193 - INFO: successful purchase
2020-01-18 20:52:42,699 - INFO: downloading...
2020-01-18 20:52:48,146 - INFO: Downloaded version 81
2020-01-18 20:52:49,833 - INFO: started crawling through com.sega.sonic2.runner on iteration: 261
2020-01-18 20:52:50,995 - INFO: successful purchase
2020-01-18 20:52:51,462 - INFO: downloading...
2020-01-18 20:52:57,060 - INFO: Downloaded version 56
2020-01-18 20:52:58,929 - INFO: started crawling through com.ninjakiwi.bloonstd6 on iteration: 262
2020-01-18 20:52:59,188 - WARNING: This app needs to be paid for in order to download
2020-01-18 20:53:00,782 - INFO: started crawling through com.ninjakiwi.bloonstd5 on iteration: 263
2020-01-18 20:53:01,235 - WARNING: This app needs to be paid for in order to download
2020-01-18 20:53:02,888 - INFO: started crawling through com.vascof.GSwitch3 on iteration: 264
2020-01-18 20:53:04,205 - INFO: successful purchase
2020-01-18 20:53:04,584 - INFO: downloading...
2020-01-18 20:53:07,848 - INFO: Downloaded version 110146
2020-01-18 20:53:09,486 - INFO: started crawling through com.tocaboca.tocakitchen2 on iteration: 265
2020-01-18 20:53:10,656 - INFO: successful purchase
2020-01-18 20:53:11,096 - INFO: downloading...
2020-01-18 20:53:15,412 - INFO: Downloaded version 4226
2020-01-18 20:53:17,110 - INFO: started crawling through com.tocaboca.tocakitchen on iteration: 266
2020-01-18 20:53:18,336 - INFO: successful purchase
2020-01-18 20:53:18,790 - INFO: downloading...
2020-01-18 20:53:27,522 - INFO: Downloaded version 647
2020-01-18 20:53:29,150 - INFO: started crawling through jp.smarteducation.tofusushi on iteration: 267
2020-01-18 20:53:30,531 - INFO: successful purchase
2020-01-18 20:53:31,037 - INFO: downloading...
2020-01-18 20:53:35,740 - INFO: Downloaded version 400030
2020-01-18 20:53:37,363 - INFO: started crawling through br.com.tapps.donotdisturb on iteration: 268
2020-01-18 20:53:38,919 - INFO: successful purchase
2020-01-18 20:53:39,271 - INFO: downloading...
2020-01-18 20:53:41,835 - INFO: Downloaded version 2036
2020-01-18 20:53:43,745 - INFO: started crawling through br.com.tapps.donotdisturb3 on iteration: 269
2020-01-18 20:53:45,063 - INFO: successful purchase
2020-01-18 20:53:45,675 - INFO: downloading...
2020-01-18 20:53:48,492 - INFO: Downloaded version 107
2020-01-18 20:53:50,131 - INFO: started crawling through com.sagosago.ConstructionWinter.googleplay.free on iteration: 270
2020-01-18 20:53:51,412 - INFO: successful purchase
2020-01-18 20:53:52,126 - INFO: downloading...
2020-01-18 20:54:02,290 - INFO: Downloaded version 12
2020-01-18 20:54:03,881 - INFO: started crawling through com.sagosago.Friends.googleplay on iteration: 271
2020-01-18 20:54:05,031 - INFO: successful purchase
2020-01-18 20:54:05,376 - INFO: downloading...
2020-01-18 20:54:12,739 - INFO: Downloaded version 122
2020-01-18 20:54:14,551 - INFO: started crawling through com.sagosago.BabiesDressUp.googleplay.free on iteration: 272
2020-01-18 20:54:15,885 - INFO: successful purchase
2020-01-18 20:54:16,326 - INFO: downloading...
2020-01-18 20:54:22,832 - INFO: Downloaded version 44
2020-01-18 20:54:24,564 - INFO: started crawling through com.sagosago.ForestFlyer.googleplay on iteration: 273
2020-01-18 20:54:25,818 - INFO: successful purchase
2020-01-18 20:54:26,232 - INFO: downloading...
2020-01-18 20:54:32,786 - INFO: Downloaded version 40
2020-01-18 20:54:34,447 - INFO: started crawling through com.sinyee.babybus.magichouse on iteration: 274
2020-01-18 20:54:35,551 - INFO: successful purchase
2020-01-18 20:54:36,159 - INFO: downloading...
2020-01-18 20:54:40,087 - INFO: Downloaded version 8400010
2020-01-18 20:54:41,752 - INFO: started crawling through com.sinyee.babybus.assistant on iteration: 275
2020-01-18 20:54:43,226 - INFO: successful purchase
2020-01-18 20:54:43,838 - INFO: downloading...
2020-01-18 20:54:46,572 - INFO: Downloaded version 8390010
2020-01-18 20:54:48,192 - INFO: started crawling through com.sinyee.babybus.familyday on iteration: 276
2020-01-18 20:54:49,370 - INFO: successful purchase
2020-01-18 20:54:49,778 - INFO: downloading...
2020-01-18 20:54:52,850 - INFO: Downloaded version 8390010
2020-01-18 20:54:54,458 - INFO: started crawling through com.sinyee.babybus.garden on iteration: 277
2020-01-18 20:54:55,719 - INFO: successful purchase
2020-01-18 20:54:56,229 - INFO: downloading...
2020-01-18 20:54:59,627 - INFO: Downloaded version 8400010
2020-01-18 20:55:01,292 - INFO: started crawling through com.sinyee.babybus.manor on iteration: 278
2020-01-18 20:55:02,585 - INFO: successful purchase
2020-01-18 20:55:03,192 - INFO: downloading...
2020-01-18 20:55:07,404 - INFO: Downloaded version 8390010
2020-01-18 20:55:09,127 - INFO: started crawling through com.sinyee.babybus.cultivation on iteration: 279
2020-01-18 20:55:10,265 - INFO: successful purchase
2020-01-18 20:55:10,770 - INFO: downloading...
2020-01-18 20:55:14,696 - INFO: Downloaded version 8360008
2020-01-18 20:55:16,294 - INFO: started crawling through com.sinyee.babybus.ant on iteration: 280
2020-01-18 20:55:17,530 - INFO: successful purchase
2020-01-18 20:55:18,142 - INFO: downloading...
2020-01-18 20:55:21,247 - INFO: Downloaded version 8390010
2020-01-18 20:55:22,962 - INFO: started crawling through com.sinyee.babybus.hexapod on iteration: 281
2020-01-18 20:55:24,289 - INFO: successful purchase
2020-01-18 20:55:24,799 - INFO: downloading...
2020-01-18 20:55:28,899 - INFO: Downloaded version 8390010
2020-01-18 20:55:30,534 - INFO: started crawling through com.sinyee.babybus.forest on iteration: 282
2020-01-18 20:55:31,867 - INFO: successful purchase
2020-01-18 20:55:32,327 - INFO: downloading...
2020-01-18 20:55:36,004 - INFO: Downloaded version 8390010
2020-01-18 20:55:37,922 - INFO: started crawling through com.sinyee.babybus.expedition on iteration: 283
2020-01-18 20:55:39,547 - INFO: successful purchase
2020-01-18 20:55:40,056 - INFO: downloading...
2020-01-18 20:55:43,473 - INFO: Downloaded version 8390010
2020-01-18 20:55:45,140 - INFO: started crawling through com.sinyee.babybus.zoo on iteration: 284
2020-01-18 20:55:46,511 - INFO: successful purchase
2020-01-18 20:55:46,890 - INFO: downloading...
2020-01-18 20:55:51,681 - INFO: Downloaded version 8390010
2020-01-18 20:55:53,313 - INFO: started crawling through com.sinyee.babybus.dinosaur on iteration: 285
2020-01-18 20:55:54,499 - INFO: successful purchase
2020-01-18 20:55:54,988 - INFO: downloading...
2020-01-18 20:55:57,476 - INFO: Downloaded version 8390011
2020-01-18 20:55:59,145 - INFO: started crawling through com.sinyee.babybus.dinosaurII on iteration: 286
2020-01-18 20:56:00,340 - INFO: successful purchase
2020-01-18 20:56:00,946 - INFO: downloading...
2020-01-18 20:56:06,512 - INFO: Downloaded version 8390012
2020-01-18 20:56:08,166 - INFO: started crawling through com.sinyee.babybus.natural on iteration: 287
2020-01-18 20:56:09,345 - INFO: successful purchase
2020-01-18 20:56:10,163 - INFO: downloading...
2020-01-18 20:56:18,651 - INFO: Downloaded version 8391300
2020-01-18 20:56:20,386 - INFO: started crawling through com.sinyee.babybus.world on iteration: 288
2020-01-18 20:56:21,633 - INFO: successful purchase
2020-01-18 20:56:22,245 - INFO: downloading...
2020-01-18 20:56:27,088 - INFO: Downloaded version 8390400
2020-01-18 20:56:28,888 - INFO: started crawling through com.sinyee.babybus.superman on iteration: 289
2020-01-18 20:56:30,132 - INFO: successful purchase
2020-01-18 20:56:30,745 - INFO: downloading...
2020-01-18 20:56:34,049 - INFO: Downloaded version 8400010
2020-01-18 20:56:35,745 - INFO: started crawling through com.sinyee.babybus.adventure on iteration: 290
2020-01-18 20:56:37,096 - INFO: successful purchase
2020-01-18 20:56:37,573 - INFO: downloading...
2020-01-18 20:56:41,274 - INFO: Downloaded version 8400010
2020-01-18 20:56:43,024 - INFO: started crawling through com.sinyee.babybus.greenguard.global on iteration: 291
2020-01-18 20:56:44,674 - INFO: successful purchase
2020-01-18 20:56:45,081 - INFO: downloading...
2020-01-18 20:56:48,464 - INFO: Downloaded version 8390010
2020-01-18 20:56:50,109 - INFO: started crawling through com.sinyee.babybus.repairshop on iteration: 292
2020-01-18 20:56:51,330 - INFO: successful purchase
2020-01-18 20:56:51,839 - INFO: downloading...
2020-01-18 20:56:58,673 - INFO: Downloaded version 8390011
2020-01-18 20:57:00,312 - INFO: started crawling through com.sinyee.babybus.repair on iteration: 293
2020-01-18 20:57:01,672 - INFO: successful purchase
2020-01-18 20:57:02,156 - INFO: downloading...
2020-01-18 20:57:04,551 - INFO: Downloaded version 8400010
2020-01-18 20:57:06,233 - INFO: started crawling through com.sinyee.babybus.build on iteration: 294
2020-01-18 20:57:07,509 - INFO: successful purchase
2020-01-18 20:57:07,974 - INFO: downloading...
2020-01-18 20:57:12,724 - INFO: Downloaded version 8400010
2020-01-18 20:57:14,393 - INFO: started crawling through com.sinyee.babybus.homesafe.global on iteration: 295
2020-01-18 20:57:15,598 - INFO: successful purchase
2020-01-18 20:57:16,043 - INFO: downloading...
2020-01-18 20:57:19,780 - INFO: Downloaded version 8400010
2020-01-18 20:57:21,393 - INFO: started crawling through com.sinyee.babybus.care on iteration: 296
2020-01-18 20:57:22,562 - INFO: successful purchase
2020-01-18 20:57:22,927 - INFO: downloading...
2020-01-18 20:57:26,329 - INFO: Downloaded version 8400011
2020-01-18 20:57:27,964 - INFO: started crawling through com.sinyee.babybus.toilet on iteration: 297
2020-01-18 20:57:29,432 - INFO: successful purchase
2020-01-18 20:57:29,933 - INFO: downloading...
2020-01-18 20:57:32,922 - INFO: Downloaded version 8390008
2020-01-18 20:57:34,752 - INFO: started crawling through com.sinyee.babybus.selfcare on iteration: 298
2020-01-18 20:57:36,082 - INFO: successful purchase
2020-01-18 20:57:36,485 - INFO: downloading...
2020-01-18 20:57:41,028 - INFO: Downloaded version 8390010
2020-01-18 20:57:42,700 - INFO: started crawling through com.sinyee.babybus.behaviour on iteration: 299
2020-01-18 20:57:43,964 - INFO: successful purchase
2020-01-18 20:57:44,316 - INFO: downloading...
2020-01-18 20:57:46,929 - INFO: Downloaded version 8390010
2020-01-18 20:57:48,641 - INFO: started crawling through com.sinyee.babybus.goodbaby on iteration: 300
2020-01-18 20:57:49,766 - INFO: successful purchase
2020-01-18 20:57:50,822 - INFO: downloading...
2020-01-18 20:57:55,147 - INFO: Downloaded version 8390010
2020-01-18 20:57:56,814 - INFO: started crawling through com.sinyee.babybus.foodstuff on iteration: 301
2020-01-18 20:57:57,993 - INFO: successful purchase
2020-01-18 20:57:58,400 - INFO: downloading...
2020-01-18 20:58:01,710 - INFO: Downloaded version 8390010
2020-01-18 20:58:03,390 - INFO: started crawling through com.sinyee.babybus.icecream on iteration: 302
2020-01-18 20:58:04,648 - INFO: successful purchase
2020-01-18 20:58:04,989 - INFO: downloading...
2020-01-18 20:58:10,469 - INFO: Downloaded version 8400002
2020-01-18 20:58:12,116 - INFO: started crawling through com.sinyee.babybus.soda on iteration: 303
2020-01-18 20:58:13,352 - INFO: successful purchase
2020-01-18 20:58:13,964 - INFO: downloading...
2020-01-18 20:58:17,450 - INFO: Downloaded version 8390011
2020-01-18 20:58:19,041 - INFO: started crawling through com.sinyee.babybus.candy on iteration: 304
2020-01-18 20:58:20,419 - INFO: successful purchase
2020-01-18 20:58:20,969 - INFO: downloading...
2020-01-18 20:58:26,113 - INFO: Downloaded version 8390012
2020-01-18 20:58:27,891 - INFO: started crawling through com.sinyee.babybus.grove on iteration: 305
2020-01-18 20:58:29,121 - INFO: successful purchase
2020-01-18 20:58:29,572 - INFO: downloading...
2020-01-18 20:58:33,019 - INFO: Downloaded version 8390010
2020-01-18 20:58:34,702 - INFO: started crawling through com.sinyee.babybus.snacks on iteration: 306
2020-01-18 20:58:36,091 - INFO: successful purchase
2020-01-18 20:58:36,443 - INFO: downloading...
2020-01-18 20:58:42,029 - INFO: Downloaded version 8390008
2020-01-18 20:58:43,693 - INFO: started crawling through com.sinyee.babybus.bakery on iteration: 307
2020-01-18 20:58:44,994 - INFO: successful purchase
2020-01-18 20:58:45,913 - INFO: downloading...
2020-01-18 20:58:52,280 - INFO: Downloaded version 8390012
2020-01-18 20:58:53,939 - INFO: started crawling through com.sinyee.babybus.drinks on iteration: 308
2020-01-18 20:58:55,239 - INFO: successful purchase
2020-01-18 20:58:55,726 - INFO: downloading...
2020-01-18 20:58:59,177 - INFO: Downloaded version 8400010
2020-01-18 20:59:00,862 - INFO: started crawling through com.sinyee.babybus.kitchens on iteration: 309
2020-01-18 20:59:02,096 - INFO: successful purchase
2020-01-18 20:59:02,456 - INFO: downloading...
2020-01-18 20:59:05,040 - INFO: Downloaded version 8400010
2020-01-18 20:59:06,688 - INFO: started crawling through com.sinyee.babybus.restaurant on iteration: 310
2020-01-18 20:59:08,342 - INFO: successful purchase
2020-01-18 20:59:08,837 - INFO: downloading...
2020-01-18 20:59:13,828 - INFO: Downloaded version 8410002
2020-01-18 20:59:15,578 - INFO: started crawling through com.sinyee.babybus.food on iteration: 311
2020-01-18 20:59:16,840 - INFO: successful purchase
2020-01-18 20:59:18,074 - INFO: downloading...
2020-01-18 20:59:22,450 - INFO: Downloaded version 8400011
2020-01-18 20:59:24,110 - INFO: started crawling through com.sinyee.babybus.shopping on iteration: 312
2020-01-18 20:59:25,340 - INFO: successful purchase
2020-01-18 20:59:25,730 - INFO: downloading...
2020-01-18 20:59:28,958 - INFO: Downloaded version 8400002
2020-01-18 20:59:30,649 - INFO: started crawling through com.sinyee.babybus.career on iteration: 313
2020-01-18 20:59:31,894 - INFO: successful purchase
2020-01-18 20:59:32,408 - INFO: downloading...
2020-01-18 20:59:37,926 - INFO: Downloaded version 8391210
2020-01-18 20:59:39,522 - INFO: started crawling through com.sinyee.babybus.policemen on iteration: 314
2020-01-18 20:59:41,007 - INFO: successful purchase
2020-01-18 20:59:41,619 - INFO: downloading...
2020-01-18 20:59:50,629 - INFO: Downloaded version 8400000
2020-01-18 20:59:52,344 - INFO: started crawling through com.sinyee.babybus.firemanII on iteration: 315
2020-01-18 20:59:53,602 - INFO: successful purchase
2020-01-18 20:59:54,751 - INFO: downloading...
2020-01-18 21:00:00,324 - INFO: Downloaded version 8400011
2020-01-18 21:00:01,966 - INFO: started crawling through com.sinyee.babybus.taxi on iteration: 316
2020-01-18 21:00:03,228 - INFO: successful purchase
2020-01-18 21:00:03,715 - INFO: downloading...
2020-01-18 21:00:12,312 - INFO: Downloaded version 8390012
2020-01-18 21:00:13,921 - INFO: started crawling through com.sinyee.babybus.olympic on iteration: 317
2020-01-18 21:00:15,004 - INFO: successful purchase
2020-01-18 21:00:15,543 - INFO: downloading...
2020-01-18 21:00:21,133 - INFO: Downloaded version 8360006
2020-01-18 21:00:22,781 - INFO: started crawling through com.sinyee.babybus.picnic on iteration: 318
2020-01-18 21:00:24,118 - INFO: successful purchase
2020-01-18 21:00:24,459 - INFO: downloading...
2020-01-18 21:00:27,565 - INFO: Downloaded version 8390010
2020-01-18 21:00:29,305 - INFO: started crawling through com.sinyee.babybus.holiday on iteration: 319
2020-01-18 21:00:30,466 - INFO: successful purchase
2020-01-18 21:00:30,874 - INFO: downloading...
2020-01-18 21:00:33,206 - INFO: Downloaded version 8400010
2020-01-18 21:00:34,875 - INFO: started crawling through com.sinyee.babybus.speaking on iteration: 320
2020-01-18 21:00:36,201 - INFO: successful purchase
2020-01-18 21:00:37,018 - INFO: downloading...
2020-01-18 21:00:44,244 - INFO: Downloaded version 8360007
2020-01-18 21:00:45,916 - INFO: started crawling through com.sinyee.babybus.wobunanguo on iteration: 321
2020-01-18 21:00:47,157 - INFO: successful purchase
2020-01-18 21:00:47,518 - INFO: downloading...
2020-01-18 21:00:50,871 - INFO: Downloaded version 8390010
2020-01-18 21:00:52,538 - INFO: started crawling through com.sinyee.babybus.custom on iteration: 322
2020-01-18 21:00:53,916 - INFO: successful purchase
2020-01-18 21:00:54,308 - INFO: downloading...
2020-01-18 21:00:56,120 - INFO: Downloaded version 8390010
2020-01-18 21:00:57,765 - INFO: started crawling through com.sinyee.babybus.goodnight on iteration: 323
2020-01-18 21:00:59,139 - INFO: successful purchase
2020-01-18 21:00:59,483 - INFO: downloading...
2020-01-18 21:01:02,523 - INFO: Downloaded version 8390008
2020-01-18 21:01:04,302 - INFO: started crawling through com.sinyee.babybus.polite on iteration: 324
2020-01-18 21:01:05,590 - INFO: successful purchase
2020-01-18 21:01:05,966 - INFO: downloading...
2020-01-18 21:01:09,173 - INFO: Downloaded version 8390010
2020-01-18 21:01:10,822 - INFO: started crawling through com.sinyee.babybus.organized on iteration: 325
2020-01-18 21:01:12,041 - INFO: successful purchase
2020-01-18 21:01:12,494 - INFO: downloading...
2020-01-18 21:01:17,915 - INFO: Downloaded version 8400010
2020-01-18 21:01:19,474 - INFO: started crawling through com.sinyee.babybus.clean on iteration: 326
2020-01-18 21:01:20,750 - INFO: successful purchase
2020-01-18 21:01:21,117 - INFO: downloading...
2020-01-18 21:01:24,512 - INFO: Downloaded version 8390010
2020-01-18 21:01:26,114 - INFO: started crawling through com.sinyee.babybus.greenhouse on iteration: 327
2020-01-18 21:01:27,401 - INFO: successful purchase
2020-01-18 21:01:27,872 - INFO: downloading...
2020-01-18 21:01:34,752 - INFO: Downloaded version 8410001
2020-01-18 21:01:36,388 - INFO: started crawling through com.sinyee.babybus.trainII on iteration: 328
2020-01-18 21:01:37,642 - INFO: successful purchase
2020-01-18 21:01:38,253 - INFO: downloading...
2020-01-18 21:01:41,118 - INFO: Downloaded version 8390010
2020-01-18 21:01:42,804 - INFO: started crawling through com.sinyee.babybus.karting.global on iteration: 329
2020-01-18 21:01:43,994 - INFO: successful purchase
2020-01-18 21:01:44,482 - INFO: downloading...
2020-01-18 21:01:47,421 - INFO: Downloaded version 8390008
2020-01-18 21:01:49,001 - INFO: started crawling through com.sinyee.babybus.travelsafety on iteration: 330
2020-01-18 21:01:50,236 - INFO: successful purchase
2020-01-18 21:01:52,026 - INFO: started crawling through com.sinyee.babybus.babyhospital on iteration: 331
2020-01-18 21:01:53,207 - INFO: successful purchase
2020-01-18 21:01:55,302 - INFO: started crawling through com.sinyee.babybus.dailysafety on iteration: 332
2020-01-18 21:01:56,586 - INFO: successful purchase
2020-01-18 21:01:58,404 - INFO: started crawling through com.sinyee.babybus.earthquake on iteration: 333
2020-01-18 21:01:59,555 - INFO: successful purchase
2020-01-18 21:02:01,368 - INFO: started crawling through com.sinyee.babybus.earthquakeII on iteration: 334
2020-01-18 21:02:02,838 - INFO: successful purchase
2020-01-18 21:02:04,826 - INFO: started crawling through com.sinyee.babybus.hotel on iteration: 335
2020-01-18 21:02:06,007 - INFO: successful purchase
2020-01-18 21:02:07,824 - INFO: started crawling through com.sinyee.babybus.fireman on iteration: 336
2020-01-18 21:02:09,078 - INFO: successful purchase
2020-01-18 21:02:10,989 - INFO: started crawling through com.sinyee.babybus.earthquakeIII on iteration: 337
2020-01-18 21:02:12,150 - INFO: successful purchase
2020-01-18 21:02:14,047 - INFO: started crawling through com.sinyee.babybus.pilot on iteration: 338
2020-01-18 21:02:15,222 - INFO: successful purchase
2020-01-18 21:02:17,006 - INFO: started crawling through com.sinyee.babybus.culture on iteration: 339
2020-01-18 21:02:18,193 - INFO: successful purchase
2020-01-18 21:02:20,057 - INFO: started crawling through com.sinyee.babybus.airport on iteration: 340
2020-01-18 21:02:21,264 - INFO: successful purchase
2020-01-18 21:02:23,096 - INFO: started crawling through com.sinyee.babybus.hero on iteration: 341
2020-01-18 21:02:24,336 - INFO: successful purchase
2020-01-18 21:02:26,203 - INFO: started crawling through com.sinyee.babybus.boat on iteration: 342
2020-01-18 21:02:27,511 - INFO: successful purchase
2020-01-18 21:02:29,451 - INFO: started crawling through com.sinyee.babybus.sport on iteration: 343
2020-01-18 21:02:30,793 - INFO: successful purchase
2020-01-18 21:02:32,617 - INFO: started crawling through com.sinyee.babybus.coffee on iteration: 344
2020-01-18 21:02:33,770 - INFO: successful purchase
2020-01-18 21:02:35,677 - INFO: started crawling through com.sinyee.babybus.foodstory on iteration: 345
2020-01-18 21:02:37,034 - INFO: successful purchase
2020-01-18 21:02:38,978 - INFO: started crawling through com.sinyee.babybus.greening on iteration: 346
2020-01-18 21:02:40,209 - INFO: successful purchase
2020-01-18 21:02:42,093 - INFO: started crawling through com.sinyee.babybus.occupation.global on iteration: 347
2020-01-18 21:02:43,384 - INFO: successful purchase
2020-01-18 21:02:45,206 - INFO: started crawling through com.sinyee.babybus.seaworld on iteration: 348
2020-01-18 21:02:46,558 - INFO: successful purchase
2020-01-18 21:02:48,372 - INFO: started crawling through com.sinyee.babybus.animal on iteration: 349
2020-01-18 21:02:49,630 - INFO: successful purchase
2020-01-18 21:02:51,540 - INFO: started crawling through com.sinyee.babybus.penguin on iteration: 350
2020-01-18 21:02:52,805 - INFO: successful purchase
2020-01-18 21:02:54,681 - INFO: started crawling through com.sinyee.babybus.monsterII on iteration: 351
2020-01-18 21:02:55,881 - INFO: successful purchase
2020-01-18 21:02:57,688 - INFO: started crawling through com.sinyee.babybus.bathhouse on iteration: 352
2020-01-18 21:02:58,846 - INFO: successful purchase
2020-01-18 21:03:00,698 - INFO: started crawling through com.tutotoons.app.pandalufunpark.free on iteration: 353
2020-01-18 21:03:01,918 - INFO: successful purchase
2020-01-18 21:03:03,772 - INFO: started crawling through com.PepiPlay.KingsCastle on iteration: 354
2020-01-18 21:03:04,991 - INFO: successful purchase
2020-01-18 21:03:06,929 - INFO: started crawling through com.PepiPlay.PepiHospital on iteration: 355
2020-01-18 21:03:08,164 - INFO: successful purchase
2020-01-18 21:03:10,082 - INFO: started crawling through com.PepiPlay.PepiShopping on iteration: 356
2020-01-18 21:03:11,338 - INFO: successful purchase
2020-01-18 21:03:13,145 - INFO: started crawling through com.pepiplay.pepihome on iteration: 357
2020-01-18 21:03:14,410 - INFO: successful purchase
2020-01-18 21:03:16,201 - INFO: started crawling through mytown.home on iteration: 358
2020-01-18 21:03:17,483 - INFO: successful purchase
2020-01-18 21:03:19,262 - INFO: started crawling through mytown.police on iteration: 359
2020-01-18 21:03:20,453 - INFO: successful purchase
2020-01-18 21:03:22,294 - INFO: started crawling through mytown.beautycontest.free on iteration: 360
2020-01-18 21:03:23,524 - INFO: successful purchase
2020-01-18 21:03:25,336 - INFO: started crawling through mytown.danceschool.free on iteration: 361
2020-01-18 21:03:26,493 - INFO: successful purchase
2020-01-18 21:03:28,274 - INFO: started crawling through mytown.fashion on iteration: 362
2020-01-18 21:03:29,567 - INFO: successful purchase
2020-01-18 21:03:31,474 - INFO: started crawling through mylittleprincess.castle.free on iteration: 363
2020-01-18 21:03:32,843 - INFO: successful purchase
2020-01-18 21:03:34,688 - INFO: started crawling through com.tocaboca.tocalifeworld on iteration: 364
2020-01-18 21:03:35,813 - INFO: successful purchase
2020-01-18 21:03:37,954 - INFO: started crawling through com.miga.world on iteration: 365
2020-01-18 21:03:39,296 - INFO: successful purchase
2020-01-18 21:03:41,200 - INFO: started crawling through com.miga.myapartment on iteration: 366
2020-01-18 21:03:42,467 - INFO: successful purchase
2020-01-18 21:03:44,235 - INFO: started crawling through com.miga.mytvshows on iteration: 367
2020-01-18 21:03:45,335 - INFO: successful purchase
2020-01-18 21:03:47,197 - INFO: started crawling through com.miga.mystore on iteration: 368
2020-01-18 21:03:48,510 - INFO: successful purchase
2020-01-18 21:03:50,428 - INFO: started crawling through com.miga.mypets on iteration: 369
2020-01-18 21:03:51,682 - INFO: successful purchase
2020-01-18 21:03:53,461 - INFO: started crawling through com.miga.myvacation on iteration: 370
2020-01-18 21:03:54,756 - INFO: successful purchase
2020-01-18 21:03:56,496 - INFO: started crawling through com.miga.myfirestation on iteration: 371
2020-01-18 21:03:57,725 - INFO: successful purchase
2020-01-18 21:03:59,556 - INFO: started crawling through com.miga.myschool on iteration: 372
2020-01-18 21:04:00,797 - INFO: successful purchase
2020-01-18 21:04:02,612 - INFO: started crawling through com.miga.mytown on iteration: 373
2020-01-18 21:04:03,767 - INFO: successful purchase
2020-01-18 21:04:05,692 - INFO: started crawling through com.drpanda.town.street on iteration: 374
2020-01-18 21:04:06,840 - INFO: successful purchase
2020-01-18 21:04:08,766 - INFO: started crawling through com.drpanda.town.mall on iteration: 375
2020-01-18 21:04:10,020 - INFO: successful purchase
