2020-01-19 15:27:36,372 - INFO: token: aas_et/AKppINZKCDwZIwYiZd8hLg9ELsumwLRMDEXtk_Sl4HujqWcXH25-jUhguafEHJRkcLtihan_bHyxa0mKBc8nkop3_cS_dk-de6NwVp-AQi3Qczkm4w9-d1siQ2A7xmtRh5xxIqRr2J_sQEVORex7D-BBEisukiaCDBeSgjcC-oIAlAZoLc4_-KUz0qKscKIpXxlLa-56tSdqlNTw9TEZYCg=
2020-01-19 15:27:36,422 - INFO: auth: swfg_JUJZiNgZ94KHUD3BdHK_XzwdZs-5L0T9P_RD15PrrvLKmR5yFwcWSdl6BtWSdiEpA.
2020-01-19 15:27:37,423 - INFO: 0 previously crawled apps loaded. This crawler won't crawl through these apps.
2020-01-19 15:27:37,424 - INFO: initiated crawling for 1000 apps
2020-01-19 15:27:38,425 - INFO: started crawling through com.snapchat.android on iteration: 1
2020-01-19 15:27:39,438 - INFO: successful purchase
2020-01-19 15:27:39,949 - INFO: downloading...
2020-01-19 15:27:42,218 - INFO: Downloaded version 2008
2020-01-19 15:27:44,100 - INFO: started crawling through com.zhiliaoapp.musically on iteration: 2
2020-01-19 15:27:45,173 - INFO: successful purchase
2020-01-19 15:27:45,611 - INFO: downloading...
2020-01-19 15:27:48,393 - INFO: Downloaded version 2021405030
2020-01-19 15:27:50,286 - INFO: started crawling through com.kiloo.subwaysurf on iteration: 3
2020-01-19 15:27:51,419 - INFO: successful purchase
2020-01-19 15:27:51,786 - INFO: downloading...
2020-01-19 15:27:58,013 - INFO: Downloaded version 1280
2020-01-19 15:27:59,648 - INFO: started crawling through com.youmusic.magictiles on iteration: 4
2020-01-19 15:28:00,739 - INFO: successful purchase
2020-01-19 15:28:01,061 - INFO: downloading...
2020-01-19 15:28:06,448 - INFO: Downloaded version 2001141418
2020-01-19 15:28:08,145 - INFO: started crawling through com.amanotes.beathopper on iteration: 5
2020-01-19 15:28:09,236 - INFO: successful purchase
2020-01-19 15:28:09,748 - INFO: downloading...
2020-01-19 15:28:12,560 - INFO: Downloaded version 500115
2020-01-19 15:28:14,240 - INFO: started crawling through com.outfit7.talkingtomgoldrun on iteration: 6
2020-01-19 15:28:15,486 - INFO: successful purchase
2020-01-19 15:28:15,831 - INFO: downloading...
2020-01-19 15:28:25,732 - INFO: Downloaded version 940
2020-01-19 15:28:27,409 - INFO: started crawling through com.outfit7.herodash on iteration: 7
2020-01-19 15:28:28,488 - INFO: successful purchase
2020-01-19 15:28:29,409 - INFO: downloading...
2020-01-19 15:28:38,847 - INFO: Downloaded version 202
2020-01-19 15:28:40,493 - INFO: started crawling through com.outfit7.mytalkingtom2 on iteration: 8
2020-01-19 15:28:41,698 - INFO: successful purchase
2020-01-19 15:28:42,098 - INFO: downloading...
2020-01-19 15:28:48,967 - INFO: Downloaded version 310
2020-01-19 15:28:50,664 - INFO: started crawling through com.outfit7.mytalkingtomfree on iteration: 9
2020-01-19 15:28:51,836 - INFO: successful purchase
2020-01-19 15:28:52,248 - INFO: downloading...
2020-01-19 15:29:01,213 - INFO: Downloaded version 2032
2020-01-19 15:29:02,834 - INFO: started crawling through com.outfit7.mytalkingangelafree on iteration: 10
2020-01-19 15:29:03,921 - INFO: successful purchase
2020-01-19 15:29:04,739 - INFO: downloading...
2020-01-19 15:29:12,852 - INFO: Downloaded version 1412
2020-01-19 15:29:14,526 - INFO: started crawling through com.YovoGames.dentist on iteration: 11
2020-01-19 15:29:15,697 - INFO: successful purchase
2020-01-19 15:29:16,018 - INFO: downloading...
2020-01-19 15:29:17,483 - INFO: Downloaded version 16
2020-01-19 15:29:19,145 - INFO: started crawling through com.YovoGames.hair on iteration: 12
2020-01-19 15:29:20,309 - INFO: successful purchase
2020-01-19 15:29:20,919 - INFO: downloading...
2020-01-19 15:29:24,095 - INFO: Downloaded version 15
2020-01-19 15:29:25,693 - INFO: started crawling through com.bubadu.princess on iteration: 13
2020-01-19 15:29:26,964 - INFO: successful purchase
2020-01-19 15:29:27,289 - INFO: downloading...
2020-01-19 15:29:31,017 - INFO: Downloaded version 24
2020-01-19 15:29:32,573 - INFO: started crawling through com.kidsthree.princessfashionsalon on iteration: 14
2020-01-19 15:29:33,721 - INFO: successful purchase
2020-01-19 15:29:34,232 - INFO: downloading...
2020-01-19 15:29:38,908 - INFO: Downloaded version 635000
2020-01-19 15:29:40,490 - INFO: started crawling through com.budgestudios.HelloKittyNailSalon on iteration: 15
2020-01-19 15:29:41,707 - INFO: successful purchase
2020-01-19 15:29:42,627 - INFO: downloading...
2020-01-19 15:29:49,005 - INFO: Downloaded version 1369
2020-01-19 15:29:50,736 - INFO: started crawling through com.budgestudios.HelloKittyLunchBox on iteration: 16
2020-01-19 15:29:51,844 - INFO: successful purchase
2020-01-19 15:29:52,355 - INFO: downloading...
2020-01-19 15:29:55,947 - INFO: Downloaded version 1503
2020-01-19 15:29:57,611 - INFO: started crawling through kr.co.smartstudy.babyshark_android_googlemarket on iteration: 17
2020-01-19 15:29:58,709 - INFO: successful purchase
2020-01-19 15:29:59,831 - INFO: downloading...
2020-01-19 15:30:03,177 - INFO: Downloaded version 2500
2020-01-19 15:30:05,030 - INFO: started crawling through kr.co.smartstudy.babysharkrun_android_googlemarket on iteration: 18
2020-01-19 15:30:06,180 - INFO: successful purchase
2020-01-19 15:30:06,611 - INFO: downloading...
2020-01-19 15:30:11,821 - INFO: Downloaded version 1600
2020-01-19 15:30:13,459 - INFO: started crawling through com.lily.times.tweenshusky.all on iteration: 19
2020-01-19 15:30:14,681 - INFO: successful purchase
2020-01-19 15:30:15,601 - INFO: downloading...
2020-01-19 15:30:22,866 - INFO: Downloaded version 934217
2020-01-19 15:30:24,508 - INFO: started crawling through com.lily.times.dog1.all on iteration: 20
2020-01-19 15:30:25,637 - INFO: successful purchase
2020-01-19 15:30:26,013 - INFO: downloading...
2020-01-19 15:30:29,869 - INFO: Downloaded version 956158
2020-01-19 15:30:31,475 - INFO: started crawling through com.lily.talking.dinosaur on iteration: 21
2020-01-19 15:30:32,607 - INFO: successful purchase
2020-01-19 15:30:33,118 - INFO: downloading...
2020-01-19 15:30:37,861 - INFO: Downloaded version 13
2020-01-19 15:30:39,584 - INFO: started crawling through com.lily.times.dragon1.all on iteration: 22
2020-01-19 15:30:40,895 - INFO: successful purchase
2020-01-19 15:30:41,250 - INFO: downloading...
2020-01-19 15:30:45,418 - INFO: Downloaded version 934223
2020-01-19 15:30:47,118 - INFO: started crawling through com.WildWorks.AnimalJamPlayWild on iteration: 23
2020-01-19 15:30:48,268 - INFO: successful purchase
2020-01-19 15:30:48,723 - INFO: downloading...
2020-01-19 15:30:55,304 - INFO: Downloaded version 863
2020-01-19 15:30:56,961 - INFO: started crawling through com.roblox.client on iteration: 24
2020-01-19 15:30:58,201 - INFO: successful purchase
2020-01-19 15:30:58,551 - INFO: downloading...
2020-01-19 15:31:06,644 - INFO: Downloaded version 668
2020-01-19 15:31:08,364 - INFO: started crawling through com.lego.ninjago.rideninja on iteration: 25
2020-01-19 15:31:09,465 - INFO: successful purchase
2020-01-19 15:31:09,797 - INFO: downloading...
2020-01-19 15:31:15,293 - INFO: Downloaded version 20
2020-01-19 15:31:17,035 - INFO: started crawling through com.FDGEntertainment.redball4.gp on iteration: 26
2020-01-19 15:31:18,170 - INFO: successful purchase
2020-01-19 15:31:18,783 - INFO: downloading...
2020-01-19 15:31:23,870 - INFO: Downloaded version 1418
2020-01-19 15:31:25,660 - INFO: started crawling through com.sega.sonicdash on iteration: 27
2020-01-19 15:31:27,079 - INFO: successful purchase
2020-01-19 15:31:27,618 - INFO: downloading...
2020-01-19 15:31:36,923 - INFO: Downloaded version 1711934552
2020-01-19 15:31:38,514 - INFO: started crawling through com.sega.sonicboomandroid on iteration: 28
2020-01-19 15:31:39,777 - INFO: successful purchase
2020-01-19 15:31:40,220 - INFO: downloading...
2020-01-19 15:31:44,546 - INFO: Downloaded version 1811932362
2020-01-19 15:31:46,166 - INFO: started crawling through com.sega.sonic2.runner on iteration: 29
2020-01-19 15:31:47,255 - INFO: successful purchase
2020-01-19 15:31:47,587 - INFO: downloading...
2020-01-19 15:31:54,230 - INFO: Downloaded version 56
2020-01-19 15:31:56,077 - INFO: started crawling through com.sega.sonic1px on iteration: 30
2020-01-19 15:31:57,184 - INFO: successful purchase
2020-01-19 15:31:57,589 - INFO: downloading...
2020-01-19 15:32:02,710 - INFO: Downloaded version 81
2020-01-19 15:32:04,511 - INFO: started crawling through com.gameloft.android.ANMP.GloftDMHM on iteration: 31
2020-01-19 15:32:05,787 - INFO: successful purchase
2020-01-19 15:32:06,099 - INFO: downloading...
2020-01-19 15:32:12,031 - INFO: Downloaded version 69023
2020-01-19 15:32:14,083 - INFO: started crawling through net.gogame.rainbow on iteration: 32
2020-01-19 15:32:15,208 - INFO: successful purchase
2020-01-19 15:32:15,822 - INFO: downloading...
2020-01-19 15:32:25,526 - INFO: Downloaded version 200202566
2020-01-19 15:32:27,284 - INFO: started crawling through com.pjmasks.moonlightheroes on iteration: 33
2020-01-19 15:32:28,418 - INFO: successful purchase
2020-01-19 15:32:28,970 - INFO: downloading...
2020-01-19 15:32:38,290 - INFO: Downloaded version 112
2020-01-19 15:32:39,940 - INFO: started crawling through com.pjmasks.timetobeahero on iteration: 34
2020-01-19 15:32:41,013 - INFO: successful purchase
2020-01-19 15:32:41,627 - INFO: downloading...
2020-01-19 15:32:51,202 - INFO: Downloaded version 243
2020-01-19 15:32:52,839 - INFO: started crawling through com.devgame.robocar.poli.city.game.amber.kids.free on iteration: 35
2020-01-19 15:32:54,122 - INFO: successful purchase
2020-01-19 15:32:54,734 - INFO: downloading...
2020-01-19 15:32:59,712 - INFO: Downloaded version 106
2020-01-19 15:33:01,417 - INFO: started crawling through com.devgame.fixies.masters.repair.games on iteration: 36
2020-01-19 15:33:02,524 - INFO: successful purchase
2020-01-19 15:33:03,136 - INFO: downloading...
2020-01-19 15:33:08,994 - INFO: Downloaded version 258
2020-01-19 15:33:10,636 - INFO: started crawling through com.kingbirdgames.fixies on iteration: 37
2020-01-19 15:33:11,838 - INFO: successful purchase
2020-01-19 15:33:12,245 - INFO: downloading...
2020-01-19 15:33:16,331 - INFO: Downloaded version 10069
2020-01-19 15:33:17,937 - INFO: started crawling through com.gameloft.android.ANMP.GloftPOHM on iteration: 38
2020-01-19 15:33:19,004 - INFO: successful purchase
2020-01-19 15:33:19,464 - INFO: downloading...
2020-01-19 15:33:22,115 - INFO: Downloaded version 58022
2020-01-19 15:33:23,802 - INFO: started crawling through com.budgestudios.googleplay.MyLittlePonyRainbowRunners on iteration: 39
2020-01-19 15:33:25,150 - INFO: successful purchase
2020-01-19 15:33:25,455 - INFO: downloading...
2020-01-19 15:33:29,653 - INFO: Downloaded version 1364
2020-01-19 15:33:31,342 - INFO: started crawling through com.budgestudios.MyLittlePonyHarmonyQuest on iteration: 40
2020-01-19 15:33:32,424 - INFO: successful purchase
2020-01-19 15:33:32,758 - INFO: downloading...
2020-01-19 15:33:35,340 - INFO: Downloaded version 40
2020-01-19 15:33:37,005 - INFO: started crawling through com.cocoplay.cocopony on iteration: 41
2020-01-19 15:33:38,154 - INFO: successful purchase
2020-01-19 15:33:38,664 - INFO: downloading...
2020-01-19 15:33:48,599 - INFO: Downloaded version 109
2020-01-19 15:33:50,148 - INFO: started crawling through com.cocoplay.ponyfashionacademy on iteration: 42
2020-01-19 15:33:51,368 - INFO: successful purchase
2020-01-19 15:33:51,680 - INFO: downloading...
2020-01-19 15:33:55,470 - INFO: Downloaded version 135
2020-01-19 15:33:57,052 - INFO: started crawling through com.cocoplay.cocoiceprincesstwo on iteration: 43
2020-01-19 15:33:58,328 - INFO: successful purchase
2020-01-19 15:33:58,838 - INFO: downloading...
2020-01-19 15:34:07,142 - INFO: Downloaded version 109
2020-01-19 15:34:08,812 - INFO: started crawling through com.cocoplay.cocorockstar on iteration: 44
2020-01-19 15:34:10,103 - INFO: successful purchase
2020-01-19 15:34:10,455 - INFO: downloading...
2020-01-19 15:34:21,996 - INFO: Downloaded version 105
2020-01-19 15:34:23,542 - INFO: started crawling through com.cocoplay.cocoparty on iteration: 45
2020-01-19 15:34:24,746 - INFO: successful purchase
2020-01-19 15:34:25,070 - INFO: downloading...
2020-01-19 15:34:32,930 - INFO: Downloaded version 104
2020-01-19 15:34:34,730 - INFO: started crawling through com.cocoplay.cocosupermodel on iteration: 46
2020-01-19 15:34:35,909 - INFO: successful purchase
2020-01-19 15:34:36,237 - INFO: downloading...
2020-01-19 15:34:44,702 - INFO: Downloaded version 107
2020-01-19 15:34:46,261 - INFO: started crawling through com.cocoplay.cocokitty on iteration: 47
2020-01-19 15:34:47,479 - INFO: successful purchase
2020-01-19 15:34:47,990 - INFO: downloading...
2020-01-19 15:34:57,169 - INFO: Downloaded version 116
2020-01-19 15:34:58,769 - INFO: started crawling through com.cocoplay.cocobunny on iteration: 48
2020-01-19 15:34:59,973 - INFO: successful purchase
2020-01-19 15:35:00,792 - INFO: downloading...
2020-01-19 15:35:11,869 - INFO: Downloaded version 111
2020-01-19 15:35:13,410 - INFO: started crawling through com.NeufOctobre.BuMyBunnyVirtualPet on iteration: 49
2020-01-19 15:35:14,623 - INFO: successful purchase
2020-01-19 15:35:15,048 - INFO: downloading...
2020-01-19 15:35:26,362 - INFO: Downloaded version 200023
2020-01-19 15:35:28,058 - INFO: started crawling through air.bullstudios.fairyhorsecare on iteration: 50
2020-01-19 15:35:29,362 - INFO: successful purchase
2020-01-19 15:35:29,975 - INFO: downloading...
2020-01-19 15:35:36,380 - INFO: Downloaded version 2003024
2020-01-19 15:35:37,998 - INFO: started crawling through com.gamesforgirlsfree.unicorn on iteration: 51
2020-01-19 15:35:39,192 - INFO: successful purchase
2020-01-19 15:35:39,908 - INFO: downloading...
2020-01-19 15:35:41,499 - INFO: Downloaded version 400018
2020-01-19 15:35:43,118 - INFO: started crawling through com.edujoy.masha.games on iteration: 52
2020-01-19 15:35:44,444 - INFO: successful purchase
2020-01-19 15:35:45,543 - INFO: downloading...
2020-01-19 15:35:48,770 - INFO: Downloaded version 50
2020-01-19 15:35:50,358 - INFO: started crawling through com.edujoy.Masha.Bear on iteration: 53
2020-01-19 15:35:51,583 - INFO: successful purchase
2020-01-19 15:35:52,037 - INFO: downloading...
2020-01-19 15:35:53,591 - INFO: Downloaded version 49
2020-01-19 15:35:55,392 - INFO: started crawling through com.indigokids.mimdoctor on iteration: 54
2020-01-19 15:35:56,498 - INFO: successful purchase
2020-01-19 15:35:56,819 - INFO: downloading...
2020-01-19 15:36:02,832 - INFO: Downloaded version 393
2020-01-19 15:36:04,609 - INFO: started crawling through com.orange.coloring.learn.kids on iteration: 55
2020-01-19 15:36:05,714 - INFO: successful purchase
2020-01-19 15:36:06,124 - INFO: downloading...
2020-01-19 15:36:11,893 - INFO: Downloaded version 107
2020-01-19 15:36:13,657 - INFO: started crawling through com.orange.kidspiano.music.songs on iteration: 56
2020-01-19 15:36:14,728 - INFO: successful purchase
2020-01-19 15:36:15,136 - INFO: downloading...
2020-01-19 15:36:20,098 - INFO: Downloaded version 239
2020-01-19 15:36:21,743 - INFO: started crawling through com.rvappstudios.baby.games.piano.phone.kids on iteration: 57
2020-01-19 15:36:22,816 - INFO: successful purchase
2020-01-19 15:36:23,736 - INFO: downloading...
2020-01-19 15:36:28,760 - INFO: Downloaded version 16
2020-01-19 15:36:30,333 - INFO: started crawling through com.indocipta.kidspiano on iteration: 58
2020-01-19 15:36:31,525 - INFO: successful purchase
2020-01-19 15:36:31,977 - INFO: downloading...
2020-01-19 15:36:32,915 - INFO: Downloaded version 18
2020-01-19 15:36:34,490 - INFO: started crawling through com.gokids.bphone1 on iteration: 59
2020-01-19 15:36:35,723 - INFO: successful purchase
2020-01-19 15:36:36,089 - INFO: downloading...
2020-01-19 15:36:38,001 - INFO: Downloaded version 1005009
2020-01-19 15:36:39,656 - INFO: started crawling through com.gokids.tablet on iteration: 60
2020-01-19 15:36:40,839 - INFO: successful purchase
2020-01-19 15:36:41,247 - INFO: downloading...
2020-01-19 15:36:43,010 - INFO: Downloaded version 1009007
2020-01-19 15:36:44,623 - INFO: started crawling through com.infigames.babycomputer on iteration: 61
2020-01-19 15:36:45,756 - INFO: successful purchase
2020-01-19 15:36:46,235 - INFO: downloading...
2020-01-19 15:36:50,568 - INFO: Downloaded version 200036
2020-01-19 15:36:52,250 - INFO: started crawling through com.appsbergman.celulareducacional on iteration: 62
2020-01-19 15:36:53,587 - INFO: successful purchase
2020-01-19 15:36:53,911 - INFO: downloading...
2020-01-19 15:36:58,089 - INFO: Downloaded version 17
2020-01-19 15:36:59,743 - INFO: started crawling through com.pescapps.game4kids on iteration: 63
2020-01-19 15:37:00,908 - INFO: successful purchase
2020-01-19 15:37:01,421 - INFO: downloading...
2020-01-19 15:37:06,683 - INFO: Downloaded version 8
2020-01-19 15:37:08,246 - INFO: started crawling through com.pescapps.gamekids5 on iteration: 64
2020-01-19 15:37:09,513 - INFO: successful purchase
2020-01-19 15:37:09,854 - INFO: downloading...
2020-01-19 15:37:11,184 - INFO: Downloaded version 6
2020-01-19 15:37:12,807 - INFO: started crawling through com.gamesforkids.preschoolworksheets.alphabets on iteration: 65
2020-01-19 15:37:13,915 - INFO: successful purchase
2020-01-19 15:37:14,670 - INFO: downloading...
2020-01-19 15:37:16,283 - INFO: Downloaded version 21
2020-01-19 15:37:17,956 - INFO: started crawling through com.rvappstudios.numbers123.toddler.counting.tracing on iteration: 66
2020-01-19 15:37:19,136 - INFO: successful purchase
2020-01-19 15:37:19,750 - INFO: downloading...
2020-01-19 15:37:21,674 - INFO: Downloaded version 45
2020-01-19 15:37:23,265 - INFO: started crawling through com.rvappstudios.abc_kids_toddler_tracing_phonics on iteration: 67
2020-01-19 15:37:24,564 - INFO: successful purchase
2020-01-19 15:37:25,486 - INFO: downloading...
2020-01-19 15:37:28,134 - INFO: Downloaded version 46
2020-01-19 15:37:29,718 - INFO: started crawling through com.rvappstudios.shapes.colors.toddler on iteration: 68
2020-01-19 15:37:30,914 - INFO: successful purchase
2020-01-19 15:37:31,365 - INFO: downloading...
2020-01-19 15:37:33,357 - INFO: Downloaded version 26
2020-01-19 15:37:35,052 - INFO: started crawling through com.rvappstudios.kids.coloring.book.color.painting on iteration: 69
2020-01-19 15:37:36,242 - INFO: successful purchase
2020-01-19 15:37:36,749 - INFO: downloading...
2020-01-19 15:37:40,061 - INFO: Downloaded version 5
2020-01-19 15:37:41,694 - INFO: started crawling through com.bimiboo.mysteries on iteration: 70
2020-01-19 15:37:42,996 - INFO: successful purchase
2020-01-19 15:37:43,406 - INFO: downloading...
2020-01-19 15:37:52,238 - INFO: Downloaded version 39
2020-01-19 15:37:53,937 - INFO: started crawling through com.bimiboo.colors on iteration: 71
2020-01-19 15:37:55,181 - INFO: successful purchase
2020-01-19 15:37:55,551 - INFO: downloading...
2020-01-19 15:37:58,604 - INFO: Downloaded version 65
2020-01-19 15:38:00,117 - INFO: started crawling through com.bimiboo.birthday on iteration: 72
2020-01-19 15:38:01,326 - INFO: successful purchase
2020-01-19 15:38:01,939 - INFO: downloading...
2020-01-19 15:38:05,528 - INFO: Downloaded version 46
2020-01-19 15:38:07,202 - INFO: started crawling through com.bimiboo.adventure on iteration: 73
2020-01-19 15:38:08,391 - INFO: successful purchase
2020-01-19 15:38:08,865 - INFO: downloading...
2020-01-19 15:38:15,816 - INFO: Downloaded version 53
2020-01-19 15:38:17,435 - INFO: started crawling through com.bimiboo.runner on iteration: 74
2020-01-19 15:38:18,734 - INFO: successful purchase
2020-01-19 15:38:19,348 - INFO: downloading...
2020-01-19 15:38:25,308 - INFO: Downloaded version 13
2020-01-19 15:38:26,850 - INFO: started crawling through com.bimiboo.drawing on iteration: 75
2020-01-19 15:38:28,054 - INFO: successful purchase
2020-01-19 15:38:28,768 - INFO: downloading...
2020-01-19 15:38:35,070 - INFO: Downloaded version 105
2020-01-19 15:38:36,656 - INFO: started crawling through com.bimiboo.coloring on iteration: 76
2020-01-19 15:38:37,885 - INFO: successful purchase
2020-01-19 15:38:38,394 - INFO: downloading...
2020-01-19 15:38:41,186 - INFO: Downloaded version 51
2020-01-19 15:38:42,833 - INFO: started crawling through com.bimiboo.puzzles on iteration: 77
2020-01-19 15:38:44,027 - INFO: successful purchase
2020-01-19 15:38:44,437 - INFO: downloading...
2020-01-19 15:38:50,746 - INFO: Downloaded version 70
2020-01-19 15:38:52,350 - INFO: started crawling through brilliant.sari on iteration: 78
2020-01-19 15:38:53,552 - INFO: successful purchase
2020-01-19 15:38:54,266 - INFO: downloading...
2020-01-19 15:38:59,902 - INFO: Downloaded version 168
2020-01-19 15:39:01,458 - INFO: started crawling through com.gokids.transportbuilding on iteration: 79
2020-01-19 15:39:02,674 - INFO: successful purchase
2020-01-19 15:39:03,082 - INFO: downloading...
2020-01-19 15:39:09,227 - INFO: Downloaded version 1000016
2020-01-19 15:39:10,903 - INFO: started crawling through com.razmobi.monstertrucks2 on iteration: 80
2020-01-19 15:39:12,090 - INFO: successful purchase
2020-01-19 15:39:12,440 - INFO: downloading...
2020-01-19 15:39:14,411 - INFO: Downloaded version 43
2020-01-19 15:39:16,211 - INFO: started crawling through com.PSVStudio.HippoMonstarTruck on iteration: 81
2020-01-19 15:39:17,616 - INFO: successful purchase
2020-01-19 15:39:18,433 - INFO: downloading...
2020-01-19 15:39:24,476 - INFO: Downloaded version 19
2020-01-19 15:39:26,287 - INFO: started crawling through com.iabuzz.apk.BEEPZZ on iteration: 82
2020-01-19 15:39:27,445 - INFO: successful purchase
2020-01-19 15:39:27,822 - INFO: downloading...
2020-01-19 15:39:33,241 - INFO: Downloaded version 300
2020-01-19 15:39:34,807 - INFO: started crawling through com.razmobi.funkidsplanes on iteration: 83
2020-01-19 15:39:35,945 - INFO: successful purchase
2020-01-19 15:39:36,397 - INFO: downloading...
2020-01-19 15:39:39,654 - INFO: Downloaded version 9
2020-01-19 15:39:41,314 - INFO: started crawling through com.greenteagames.dogracing3d on iteration: 84
2020-01-19 15:39:42,396 - INFO: successful purchase
2020-01-19 15:39:42,760 - INFO: downloading...
2020-01-19 15:39:45,744 - INFO: Downloaded version 100099
2020-01-19 15:39:47,482 - INFO: started crawling through com.YovoGames.airport on iteration: 85
2020-01-19 15:39:48,645 - INFO: successful purchase
2020-01-19 15:39:48,992 - INFO: downloading...
2020-01-19 15:39:51,305 - INFO: Downloaded version 31
2020-01-19 15:39:53,149 - INFO: started crawling through com.hippo_kids_games.for_girls_boys.water_slide_park on iteration: 86
2020-01-19 15:39:54,274 - INFO: successful purchase
2020-01-19 15:39:54,600 - INFO: downloading...
2020-01-19 15:39:58,878 - INFO: Downloaded version 33
2020-01-19 15:40:00,448 - INFO: started crawling through com.psvn.doors100 on iteration: 87
2020-01-19 15:40:01,647 - INFO: successful purchase
2020-01-19 15:40:01,985 - INFO: downloading...
2020-01-19 15:40:08,008 - INFO: Downloaded version 29
2020-01-19 15:40:10,012 - INFO: started crawling through com.hippo.CousinWedding on iteration: 88
2020-01-19 15:40:11,227 - INFO: successful purchase
2020-01-19 15:40:11,748 - INFO: downloading...
2020-01-19 15:40:16,987 - INFO: Downloaded version 23
2020-01-19 15:40:18,752 - INFO: started crawling through com.hippo_kids_games.girls_dress_up.newborn_baby_care on iteration: 89
2020-01-19 15:40:20,084 - INFO: successful purchase
2020-01-19 15:40:20,425 - INFO: downloading...
2020-01-19 15:40:24,713 - INFO: Downloaded version 30
2020-01-19 15:40:26,472 - INFO: started crawling through com.psv.psvn_goodnight_hippo_2 on iteration: 90
2020-01-19 15:40:27,658 - INFO: successful purchase
2020-01-19 15:40:28,374 - INFO: downloading...
2020-01-19 15:40:32,176 - INFO: Downloaded version 25
2020-01-19 15:40:33,859 - INFO: started crawling through com.hyppo.goodnight on iteration: 91
2020-01-19 15:40:35,134 - INFO: successful purchase
2020-01-19 15:40:35,556 - INFO: downloading...
2020-01-19 15:40:38,155 - INFO: Downloaded version 28
2020-01-19 15:40:39,838 - INFO: started crawling through com.Hippo.GoodMorning on iteration: 92
2020-01-19 15:40:41,174 - INFO: successful purchase
2020-01-19 15:40:41,667 - INFO: downloading...
2020-01-19 15:40:46,950 - INFO: Downloaded version 16
2020-01-19 15:40:48,441 - INFO: started crawling through com.PSVStudio.KidsHelloween on iteration: 93
2020-01-19 15:40:49,776 - INFO: successful purchase
2020-01-19 15:40:50,196 - INFO: downloading...
2020-01-19 15:40:52,634 - INFO: Downloaded version 17
2020-01-19 15:40:54,306 - INFO: started crawling through com.KidsGames.SuperHippo2 on iteration: 94
2020-01-19 15:40:55,408 - INFO: successful purchase
2020-01-19 15:40:56,022 - INFO: downloading...
2020-01-19 15:41:00,981 - INFO: Downloaded version 27
2020-01-19 15:41:02,735 - INFO: started crawling through com.KidsGames.SuperHippo on iteration: 95
2020-01-19 15:41:03,909 - INFO: successful purchase
2020-01-19 15:41:04,681 - INFO: downloading...
2020-01-19 15:41:11,458 - INFO: Downloaded version 26
2020-01-19 15:41:13,184 - INFO: started crawling through com.kidgame.supermarket on iteration: 96
2020-01-19 15:41:14,250 - INFO: successful purchase
2020-01-19 15:41:14,593 - INFO: downloading...
2020-01-19 15:41:18,241 - INFO: Downloaded version 78
2020-01-19 15:41:19,942 - INFO: started crawling through com.PSVStudio.HippoDentist on iteration: 97
2020-01-19 15:41:21,111 - INFO: successful purchase
2020-01-19 15:41:22,340 - INFO: downloading...
2020-01-19 15:41:26,233 - INFO: Downloaded version 32
2020-01-19 15:41:27,882 - INFO: started crawling through com.psvn.traumatologist on iteration: 98
2020-01-19 15:41:29,099 - INFO: successful purchase
2020-01-19 15:41:29,549 - INFO: downloading...
2020-01-19 15:41:34,252 - INFO: Downloaded version 41
2020-01-19 15:41:35,952 - INFO: started crawling through com.PSVGameStudio.HippoFirePatrol on iteration: 99
2020-01-19 15:41:37,190 - INFO: successful purchase
2020-01-19 15:41:37,904 - INFO: downloading...
2020-01-19 15:41:42,979 - INFO: Downloaded version 24
2020-01-19 15:41:44,755 - INFO: started crawling through com.HippoKidsGame.KidsLearnProfessios3 on iteration: 100
2020-01-19 15:41:45,894 - INFO: successful purchase
2020-01-19 15:41:46,221 - INFO: downloading...
2020-01-19 15:41:49,600 - INFO: Downloaded version 34
2020-01-19 15:41:51,218 - INFO: started crawling through com.PSV.Baby_Cooking_School on iteration: 101
2020-01-19 15:41:52,447 - INFO: successful purchase
2020-01-19 15:41:52,791 - INFO: downloading...
2020-01-19 15:41:57,116 - INFO: Downloaded version 37
2020-01-19 15:41:58,884 - INFO: started crawling through com.PSVStudio.HippoRailwayStation on iteration: 102
2020-01-19 15:41:59,924 - INFO: successful purchase
2020-01-19 15:42:00,638 - INFO: downloading...
2020-01-19 15:42:02,702 - INFO: Downloaded version 30
2020-01-19 15:42:04,424 - INFO: started crawling through com.budgestudios.googleplay.ThomasAndFriendsMagicalTracks on iteration: 103
2020-01-19 15:42:05,620 - INFO: successful purchase
2020-01-19 15:42:06,069 - INFO: downloading...
2020-01-19 15:42:10,088 - INFO: Downloaded version 1970
2020-01-19 15:42:12,074 - INFO: started crawling through com.budgestudios.googleplay.ThomasAndFriendsMinis on iteration: 104
2020-01-19 15:42:13,131 - INFO: successful purchase
2020-01-19 15:42:13,444 - INFO: downloading...
2020-01-19 15:42:17,799 - INFO: Downloaded version 348
2020-01-19 15:42:19,507 - INFO: started crawling through com.budgestudios.ThomasAndFriendsGoGoThomas on iteration: 105
2020-01-19 15:42:20,608 - INFO: successful purchase
2020-01-19 15:42:20,948 - INFO: downloading...
2020-01-19 15:42:23,757 - INFO: Downloaded version 534
2020-01-19 15:42:25,486 - INFO: started crawling through com.budgestudios.ChuggingtonReadyToBuild on iteration: 106
2020-01-19 15:42:26,546 - INFO: successful purchase
2020-01-19 15:42:27,261 - INFO: downloading...
2020-01-19 15:42:28,362 - INFO: Downloaded version 21
2020-01-19 15:42:30,028 - INFO: started crawling through com.thevoxelagents.tc3 on iteration: 107
2020-01-19 15:42:31,256 - INFO: successful purchase
2020-01-19 15:42:31,766 - INFO: downloading...
2020-01-19 15:42:35,168 - INFO: Downloaded version 2019122005
2020-01-19 15:42:36,874 - INFO: started crawling through com.dogbytegames.blockyrush on iteration: 108
2020-01-19 15:42:38,014 - INFO: successful purchase
2020-01-19 15:42:38,445 - INFO: downloading...
2020-01-19 15:42:40,034 - INFO: Downloaded version 43
2020-01-19 15:42:41,806 - INFO: started crawling through com.yodo1.crossyroad on iteration: 109
2020-01-19 15:42:42,929 - INFO: successful purchase
2020-01-19 15:42:43,290 - INFO: downloading...
2020-01-19 15:42:49,962 - INFO: Downloaded version 100430
2020-01-19 15:42:51,556 - INFO: started crawling through com.disney.disneycrossyroad_goo on iteration: 110
2020-01-19 15:42:52,658 - INFO: successful purchase
2020-01-19 15:42:52,950 - INFO: downloading...
2020-01-19 15:42:59,802 - INFO: Downloaded version 18441
2020-01-19 15:43:01,366 - INFO: started crawling through air.com.turner.boomerangmakeandrace on iteration: 111
2020-01-19 15:43:02,492 - INFO: successful purchase
2020-01-19 15:43:02,799 - INFO: downloading...
2020-01-19 15:43:08,725 - INFO: Downloaded version 1008000
2020-01-19 15:43:10,378 - INFO: started crawling through com.gameloft.android.ANMP.GloftDYHM on iteration: 112
2020-01-19 15:43:11,499 - INFO: successful purchase
2020-01-19 15:43:11,861 - INFO: downloading...
2020-01-19 15:43:14,173 - INFO: Downloaded version 460030
2020-01-19 15:43:15,830 - INFO: started crawling through com.tellmewow.senior.hangman on iteration: 113
2020-01-19 15:43:16,928 - INFO: successful purchase
2020-01-19 15:43:17,539 - INFO: downloading...
2020-01-19 15:43:18,729 - INFO: Downloaded version 299
2020-01-19 15:43:20,328 - INFO: started crawling through com.edujoy.Word_Search on iteration: 114
2020-01-19 15:43:21,435 - INFO: successful purchase
2020-01-19 15:43:21,864 - INFO: downloading...
2020-01-19 15:43:23,243 - INFO: Downloaded version 94
2020-01-19 15:43:24,868 - INFO: started crawling through com.superswell.findthedifferences on iteration: 115
2020-01-19 15:43:26,040 - INFO: successful purchase
2020-01-19 15:43:26,552 - INFO: downloading...
2020-01-19 15:43:37,048 - INFO: Downloaded version 385
2020-01-19 15:43:38,699 - INFO: started crawling through com.generamobile.bubblewords on iteration: 116
2020-01-19 15:43:39,762 - INFO: successful purchase
2020-01-19 15:43:40,087 - INFO: downloading...
2020-01-19 15:43:44,350 - INFO: Downloaded version 122
2020-01-19 15:43:46,036 - INFO: started crawling through com.drawapp.magicdoodle on iteration: 117
2020-01-19 15:43:47,135 - INFO: successful purchase
2020-01-19 15:43:47,543 - INFO: downloading...
2020-01-19 15:43:48,750 - INFO: Downloaded version 38
2020-01-19 15:43:50,458 - INFO: started crawling through com.doodle.master.draw.glow.art on iteration: 118
2020-01-19 15:43:51,541 - INFO: successful purchase
2020-01-19 15:43:51,992 - INFO: downloading...
2020-01-19 15:43:53,320 - INFO: Downloaded version 15
2020-01-19 15:43:54,834 - INFO: started crawling through ee.kaader.colortouch on iteration: 119
2020-01-19 15:43:55,942 - INFO: successful purchase
2020-01-19 15:43:56,452 - INFO: downloading...
2020-01-19 15:43:56,702 - INFO: Downloaded version 14
2020-01-19 15:43:58,292 - INFO: started crawling through com.workSPACE.Fraksl on iteration: 120
2020-01-19 15:44:00,038 - INFO: successful purchase
2020-01-19 15:44:00,374 - INFO: downloading...
2020-01-19 15:44:03,968 - INFO: Downloaded version 14
2020-01-19 15:44:05,609 - INFO: started crawling through com.lojugames.games.transmission on iteration: 121
2020-01-19 15:44:06,797 - INFO: successful purchase
2020-01-19 15:44:07,205 - INFO: downloading...
2020-01-19 15:44:11,940 - INFO: Downloaded version 200148
2020-01-19 15:44:13,561 - INFO: started crawling through org.brilliant.android on iteration: 122
2020-01-19 15:44:14,989 - INFO: successful purchase
2020-01-19 15:44:15,909 - INFO: downloading...
2020-01-19 15:44:18,218 - INFO: Downloaded version 380
2020-01-19 15:44:20,064 - INFO: started crawling through com.speedreading.alexander.speedreading on iteration: 123
2020-01-19 15:44:21,235 - INFO: successful purchase
2020-01-19 15:44:21,747 - INFO: downloading...
2020-01-19 15:44:22,176 - INFO: Downloaded version 90
2020-01-19 15:44:23,802 - INFO: started crawling through com.Store.ReaderPro on iteration: 124
2020-01-19 15:44:24,921 - INFO: successful purchase
2020-01-19 15:44:25,270 - INFO: downloading...
2020-01-19 15:44:26,367 - INFO: Downloaded version 141
2020-01-19 15:44:28,159 - INFO: started crawling through de.softan.brainstorm on iteration: 125
2020-01-19 15:44:29,324 - INFO: successful purchase
2020-01-19 15:44:29,645 - INFO: downloading...
2020-01-19 15:44:30,507 - INFO: Downloaded version 132
2020-01-19 15:44:32,054 - INFO: started crawling through com.fivedaysweekend.math on iteration: 126
2020-01-19 15:44:33,216 - INFO: successful purchase
2020-01-19 15:44:33,569 - INFO: downloading...
2020-01-19 15:44:33,774 - INFO: Downloaded version 71
2020-01-19 15:44:35,404 - INFO: started crawling through com.mmagician.addx on iteration: 127
2020-01-19 15:44:36,596 - INFO: successful purchase
2020-01-19 15:44:37,003 - INFO: downloading...
2020-01-19 15:44:37,644 - INFO: Downloaded version 10201
2020-01-19 15:44:39,241 - INFO: started crawling through air.com.akkad.rullo on iteration: 128
2020-01-19 15:44:40,489 - INFO: successful purchase
2020-01-19 15:44:40,923 - INFO: downloading...
2020-01-19 15:44:43,034 - INFO: Downloaded version 1002005
2020-01-19 15:44:44,583 - INFO: started crawling through com.pixplicity.cryptogram on iteration: 129
2020-01-19 15:44:45,708 - INFO: successful purchase
2020-01-19 15:44:46,424 - INFO: downloading...
2020-01-19 15:44:46,904 - INFO: Downloaded version 235
2020-01-19 15:44:48,486 - INFO: started crawling through air.com.gamebrain.hocus on iteration: 130
2020-01-19 15:44:49,702 - INFO: successful purchase
2020-01-19 15:44:50,058 - INFO: downloading...
2020-01-19 15:44:51,604 - INFO: Downloaded version 2002002
2020-01-19 15:44:53,117 - INFO: started crawling through com.orbital.donttouchit on iteration: 131
2020-01-19 15:44:54,310 - INFO: successful purchase
2020-01-19 15:44:55,026 - INFO: downloading...
2020-01-19 15:45:00,210 - INFO: Downloaded version 58
2020-01-19 15:45:01,817 - INFO: started crawling through smellymoo.sand on iteration: 132
2020-01-19 15:45:03,019 - INFO: successful purchase
2020-01-19 15:45:03,320 - INFO: downloading...
2020-01-19 15:45:03,531 - INFO: Downloaded version 14129
2020-01-19 15:45:05,090 - INFO: started crawling through com.poly.art.coloring.color.by.number on iteration: 133
2020-01-19 15:45:06,398 - INFO: successful purchase
2020-01-19 15:45:06,860 - INFO: downloading...
2020-01-19 15:45:09,611 - INFO: Downloaded version 31
2020-01-19 15:45:11,233 - INFO: started crawling through com.love.poly.puzzle.game on iteration: 134
2020-01-19 15:45:12,435 - INFO: successful purchase
2020-01-19 15:45:12,844 - INFO: downloading...
2020-01-19 15:45:16,883 - INFO: Downloaded version 12000
2020-01-19 15:45:18,702 - INFO: started crawling through com.no.poly.artbook.relax.draw.color on iteration: 135
2020-01-19 15:45:19,911 - INFO: successful purchase
2020-01-19 15:45:20,426 - INFO: downloading...
2020-01-19 15:45:22,167 - INFO: Downloaded version 16
2020-01-19 15:45:23,936 - INFO: started crawling through com.poly.polyart.color.by.number on iteration: 136
2020-01-19 15:45:25,139 - INFO: successful purchase
2020-01-19 15:45:25,542 - INFO: downloading...
2020-01-19 15:45:26,211 - INFO: Downloaded version 106
2020-01-19 15:45:27,933 - INFO: started crawling through com.inpoly.lowpoly.polyart.puzzle on iteration: 137
2020-01-19 15:45:29,127 - INFO: successful purchase
2020-01-19 15:45:29,536 - INFO: downloading...
2020-01-19 15:45:30,926 - INFO: Downloaded version 16
2020-01-19 15:45:32,526 - INFO: started crawling through com.no.color on iteration: 138
2020-01-19 15:45:33,631 - INFO: successful purchase
2020-01-19 15:45:34,450 - INFO: downloading...
2020-01-19 15:45:36,254 - INFO: Downloaded version 80
2020-01-19 15:45:37,925 - INFO: started crawling through com.creative.sandbox.number.drawning.coloring on iteration: 139
2020-01-19 15:45:39,064 - INFO: successful purchase
2020-01-19 15:45:39,402 - INFO: downloading...
2020-01-19 15:45:40,877 - INFO: Downloaded version 48
2020-01-19 15:45:42,474 - INFO: started crawling through com.no.draw.color.by.number on iteration: 140
2020-01-19 15:45:43,566 - INFO: successful purchase
2020-01-19 15:45:43,978 - INFO: downloading...
2020-01-19 15:45:48,257 - INFO: Downloaded version 30
2020-01-19 15:45:49,834 - INFO: started crawling through com.number.draw.ly.color.by.number.pixel.art.sandbox.coloring on iteration: 141
2020-01-19 15:45:50,938 - INFO: successful purchase
2020-01-19 15:45:51,321 - INFO: downloading...
2020-01-19 15:45:52,681 - INFO: Downloaded version 24
2020-01-19 15:45:54,345 - INFO: started crawling through sandbox.art.sandbox on iteration: 142
2020-01-19 15:45:55,449 - INFO: successful purchase
2020-01-19 15:45:55,956 - INFO: downloading...
2020-01-19 15:45:56,221 - INFO: Downloaded version 131
2020-01-19 15:45:57,702 - INFO: started crawling through com.tocaboca.tocakitchen2 on iteration: 143
2020-01-19 15:45:58,930 - INFO: successful purchase
2020-01-19 15:45:59,438 - INFO: downloading...
2020-01-19 15:46:05,183 - INFO: Downloaded version 4226
2020-01-19 15:46:06,862 - INFO: started crawling through com.tocaboca.tocakitchen on iteration: 144
2020-01-19 15:46:07,937 - INFO: successful purchase
2020-01-19 15:46:08,243 - INFO: downloading...
2020-01-19 15:46:19,997 - INFO: Downloaded version 647
2020-01-19 15:46:21,680 - INFO: started crawling through jp.smarteducation.tofusushi on iteration: 145
2020-01-19 15:46:22,886 - INFO: successful purchase
2020-01-19 15:46:23,500 - INFO: downloading...
2020-01-19 15:46:31,840 - INFO: Downloaded version 400030
2020-01-19 15:46:33,596 - INFO: started crawling through br.com.tapps.donotdisturb on iteration: 146
2020-01-19 15:46:34,868 - INFO: successful purchase
2020-01-19 15:46:35,285 - INFO: downloading...
2020-01-19 15:46:37,799 - INFO: Downloaded version 2036
2020-01-19 15:46:39,494 - INFO: started crawling through br.com.tapps.donotdisturb3 on iteration: 147
2020-01-19 15:46:40,602 - INFO: successful purchase
2020-01-19 15:46:41,216 - INFO: downloading...
2020-01-19 15:46:46,282 - INFO: Downloaded version 107
2020-01-19 15:46:47,860 - INFO: started crawling through com.crescentmoongames.blocky_roads on iteration: 148
2020-01-19 15:46:48,896 - INFO: successful purchase
2020-01-19 15:46:49,354 - INFO: downloading...
2020-01-19 15:46:50,769 - INFO: Downloaded version 56
2020-01-19 15:46:52,390 - INFO: started crawling through com.nimblebit.legotower on iteration: 149
2020-01-19 15:46:53,607 - INFO: successful purchase
2020-01-19 15:46:53,939 - INFO: downloading...
2020-01-19 15:47:05,085 - INFO: Downloaded version 153
2020-01-19 15:47:06,862 - INFO: started crawling through com.lego.common.legolife on iteration: 150
2020-01-19 15:47:07,943 - INFO: successful purchase
2020-01-19 15:47:08,557 - INFO: downloading...
2020-01-19 15:47:11,720 - INFO: Downloaded version 100000178
2020-01-19 15:47:13,542 - INFO: started crawling through com.lego.friends.heartlake on iteration: 151
2020-01-19 15:47:14,599 - INFO: successful purchase
2020-01-19 15:47:14,927 - INFO: downloading...
2020-01-19 15:47:25,871 - INFO: Downloaded version 96
2020-01-19 15:47:27,524 - INFO: started crawling through mytown.home on iteration: 152
2020-01-19 15:47:28,633 - INFO: successful purchase
2020-01-19 15:47:28,925 - INFO: downloading...
2020-01-19 15:47:31,100 - INFO: Downloaded version 90
2020-01-19 15:47:32,763 - INFO: started crawling through mytown.police on iteration: 153
2020-01-19 15:47:33,955 - INFO: successful purchase
2020-01-19 15:47:34,416 - INFO: downloading...
2020-01-19 15:47:36,991 - INFO: Downloaded version 37
2020-01-19 15:47:38,672 - INFO: started crawling through mytown.fashion on iteration: 154
2020-01-19 15:47:39,791 - INFO: successful purchase
2020-01-19 15:47:40,244 - INFO: downloading...
2020-01-19 15:47:42,659 - INFO: Downloaded version 14
2020-01-19 15:47:44,342 - INFO: started crawling through mytown.danceschool.free on iteration: 155
2020-01-19 15:47:45,422 - INFO: successful purchase
2020-01-19 15:47:45,754 - INFO: downloading...
2020-01-19 15:47:50,091 - INFO: Downloaded version 18
2020-01-19 15:47:51,730 - INFO: started crawling through mytown.beautycontest.free on iteration: 156
2020-01-19 15:47:52,898 - INFO: successful purchase
2020-01-19 15:47:53,244 - INFO: downloading...
2020-01-19 15:48:00,198 - INFO: Downloaded version 15
2020-01-19 15:48:01,734 - INFO: started crawling through mylittleprincess.stores.free on iteration: 157
2020-01-19 15:48:02,829 - INFO: successful purchase
2020-01-19 15:48:03,177 - INFO: downloading...
2020-01-19 15:48:07,544 - INFO: Downloaded version 18
2020-01-19 15:48:09,196 - INFO: started crawling through mylittleprincess.castle.free on iteration: 158
2020-01-19 15:48:10,306 - INFO: successful purchase
2020-01-19 15:48:10,770 - INFO: downloading...
2020-01-19 15:48:16,167 - INFO: Downloaded version 31
2020-01-19 15:48:17,774 - INFO: started crawling through com.miga.world on iteration: 159
2020-01-19 15:48:18,907 - INFO: successful purchase
2020-01-19 15:48:19,247 - INFO: downloading...
2020-01-19 15:48:30,471 - INFO: Downloaded version 18
2020-01-19 15:48:32,115 - INFO: started crawling through com.miga.myapartment on iteration: 160
2020-01-19 15:48:33,345 - INFO: successful purchase
2020-01-19 15:48:33,857 - INFO: downloading...
2020-01-19 15:48:37,649 - INFO: Downloaded version 9
2020-01-19 15:48:39,285 - INFO: started crawling through com.miga.mytvshows on iteration: 161
2020-01-19 15:48:40,411 - INFO: successful purchase
2020-01-19 15:48:41,026 - INFO: downloading...
2020-01-19 15:48:44,294 - INFO: Downloaded version 5
2020-01-19 15:48:45,972 - INFO: started crawling through com.miga.mystore on iteration: 162
2020-01-19 15:48:47,174 - INFO: successful purchase
2020-01-19 15:48:47,596 - INFO: downloading...
2020-01-19 15:48:54,338 - INFO: Downloaded version 6
2020-01-19 15:48:55,948 - INFO: started crawling through com.miga.mypets on iteration: 163
2020-01-19 15:48:57,102 - INFO: successful purchase
2020-01-19 15:48:57,716 - INFO: downloading...
2020-01-19 15:49:01,078 - INFO: Downloaded version 5
2020-01-19 15:49:02,681 - INFO: started crawling through com.miga.myvacation on iteration: 164
2020-01-19 15:49:03,863 - INFO: successful purchase
2020-01-19 15:49:04,373 - INFO: downloading...
2020-01-19 15:49:07,107 - INFO: Downloaded version 14
2020-01-19 15:49:08,713 - INFO: started crawling through com.miga.myfirestation on iteration: 165
2020-01-19 15:49:09,800 - INFO: successful purchase
2020-01-19 15:49:10,619 - INFO: downloading...
2020-01-19 15:49:13,848 - INFO: Downloaded version 4
2020-01-19 15:49:15,346 - INFO: started crawling through com.miga.mytown on iteration: 166
2020-01-19 15:49:16,457 - INFO: successful purchase
2020-01-19 15:49:16,771 - INFO: downloading...
2020-01-19 15:49:21,702 - INFO: Downloaded version 12
2020-01-19 15:49:23,322 - INFO: started crawling through com.tocaboca.tocalifeworld on iteration: 167
2020-01-19 15:49:24,546 - INFO: successful purchase
2020-01-19 15:49:24,956 - INFO: downloading...
2020-01-19 15:49:28,913 - INFO: Downloaded version 43549
2020-01-19 15:49:30,590 - INFO: started crawling through com.happylabs.hps on iteration: 168
2020-01-19 15:49:31,716 - INFO: successful purchase
2020-01-19 15:49:32,435 - INFO: downloading...
2020-01-19 15:49:38,394 - INFO: Downloaded version 75
2020-01-19 15:49:40,034 - INFO: started crawling through com.hyperbeard.klep2cats on iteration: 169
2020-01-19 15:49:41,238 - INFO: successful purchase
2020-01-19 15:49:41,571 - INFO: downloading...
2020-01-19 15:49:48,636 - INFO: Downloaded version 52
2020-01-19 15:49:50,249 - INFO: started crawling through com.appsorama.kleptocats on iteration: 170
2020-01-19 15:49:51,375 - INFO: successful purchase
2020-01-19 15:49:51,769 - INFO: downloading...
2020-01-19 15:49:57,968 - INFO: Downloaded version 103
2020-01-19 15:49:59,605 - INFO: started crawling through com.hyperbeard.kleptodogs on iteration: 171
2020-01-19 15:50:00,802 - INFO: successful purchase
2020-01-19 15:50:01,308 - INFO: downloading...
2020-01-19 15:50:09,013 - INFO: Downloaded version 34
2020-01-19 15:50:10,638 - INFO: started crawling through com.hyperbeard.kleptocorns on iteration: 172
2020-01-19 15:50:11,651 - INFO: successful purchase
2020-01-19 15:50:12,059 - INFO: downloading...
2020-01-19 15:50:16,675 - INFO: Downloaded version 21
2020-01-19 15:50:18,267 - INFO: started crawling through br.com.tapps.myboo on iteration: 173
2020-01-19 15:50:19,433 - INFO: successful purchase
2020-01-19 15:50:19,883 - INFO: downloading...
2020-01-19 15:50:29,523 - INFO: Downloaded version 11218
2020-01-19 15:50:31,172 - INFO: started crawling through com.frojo.moy6 on iteration: 174
2020-01-19 15:50:32,335 - INFO: successful purchase
2020-01-19 15:50:32,851 - INFO: downloading...
2020-01-19 15:50:37,409 - INFO: Downloaded version 104
2020-01-19 15:50:39,224 - INFO: started crawling through com.frojo.moy5 on iteration: 175
2020-01-19 15:50:40,323 - INFO: successful purchase
2020-01-19 15:50:40,681 - INFO: downloading...
2020-01-19 15:50:43,464 - INFO: Downloaded version 53
2020-01-19 15:50:45,126 - INFO: started crawling through com.frojo.moy4.android on iteration: 176
2020-01-19 15:50:46,159 - INFO: successful purchase
2020-01-19 15:50:46,505 - INFO: downloading...
2020-01-19 15:50:47,975 - INFO: Downloaded version 38
2020-01-19 15:50:49,632 - INFO: started crawling through com.frojo.moy3.android on iteration: 177
2020-01-19 15:50:50,877 - INFO: successful purchase
2020-01-19 15:50:51,291 - INFO: downloading...
2020-01-19 15:50:52,488 - INFO: Downloaded version 24
2020-01-19 15:50:54,346 - INFO: started crawling through com.frojo.moy2 on iteration: 178
2020-01-19 15:50:55,481 - INFO: successful purchase
2020-01-19 15:50:56,195 - INFO: downloading...
2020-01-19 15:50:57,676 - INFO: Downloaded version 22
2020-01-19 15:50:59,320 - INFO: started crawling through com.frojo.moyAnimated.android on iteration: 179
2020-01-19 15:51:00,598 - INFO: successful purchase
2020-01-19 15:51:01,109 - INFO: downloading...
2020-01-19 15:51:01,954 - INFO: Downloaded version 24
2020-01-19 15:51:03,595 - INFO: started crawling through com.frojo.virtualpet on iteration: 180
2020-01-19 15:51:04,640 - INFO: successful purchase
2020-01-19 15:51:05,206 - INFO: downloading...
2020-01-19 15:51:05,669 - INFO: Downloaded version 51
2020-01-19 15:51:07,277 - INFO: started crawling through com.frojo.pug on iteration: 181
2020-01-19 15:51:08,383 - INFO: successful purchase
2020-01-19 15:51:08,893 - INFO: downloading...
2020-01-19 15:51:13,196 - INFO: Downloaded version 16
2020-01-19 15:51:14,803 - INFO: started crawling through com.frojo.corgi on iteration: 182
2020-01-19 15:51:15,863 - INFO: successful purchase
2020-01-19 15:51:16,191 - INFO: downloading...
2020-01-19 15:51:23,672 - INFO: Downloaded version 6
2020-01-19 15:51:25,281 - INFO: started crawling through com.frojo.cat on iteration: 183
2020-01-19 15:51:26,403 - INFO: successful purchase
2020-01-19 15:51:26,914 - INFO: downloading...
2020-01-19 15:51:31,147 - INFO: Downloaded version 17
2020-01-19 15:51:32,666 - INFO: started crawling through com.frojo.chicken on iteration: 184
2020-01-19 15:51:33,776 - INFO: successful purchase
2020-01-19 15:51:34,228 - INFO: downloading...
2020-01-19 15:51:36,239 - INFO: Downloaded version 17
2020-01-19 15:51:37,806 - INFO: started crawling through com.frojo.dino.android on iteration: 185
2020-01-19 15:51:39,001 - INFO: successful purchase
2020-01-19 15:51:39,440 - INFO: downloading...
2020-01-19 15:51:40,600 - INFO: Downloaded version 14
2020-01-19 15:51:42,166 - INFO: started crawling through com.frojo.bear on iteration: 186
2020-01-19 15:51:43,403 - INFO: successful purchase
2020-01-19 15:51:43,810 - INFO: downloading...
2020-01-19 15:51:47,317 - INFO: Downloaded version 16
2020-01-19 15:51:48,873 - INFO: started crawling through com.frojo.chicken2 on iteration: 187
2020-01-19 15:51:50,058 - INFO: successful purchase
2020-01-19 15:51:50,671 - INFO: downloading...
2020-01-19 15:51:54,835 - INFO: Downloaded version 17
2020-01-19 15:51:56,446 - INFO: started crawling through com.bubadu.bubburestaurant on iteration: 188
2020-01-19 15:51:57,636 - INFO: successful purchase
2020-01-19 15:51:58,248 - INFO: downloading...
2020-01-19 15:52:04,395 - INFO: Downloaded version 20
2020-01-19 15:52:06,054 - INFO: started crawling through com.bubadu.bubbu on iteration: 189
2020-01-19 15:52:07,363 - INFO: successful purchase
2020-01-19 15:52:07,874 - INFO: downloading...
2020-01-19 15:52:17,096 - INFO: Downloaded version 70
2020-01-19 15:52:18,757 - INFO: started crawling through com.bubadu.duddu on iteration: 190
2020-01-19 15:52:19,961 - INFO: successful purchase
2020-01-19 15:52:20,276 - INFO: downloading...
2020-01-19 15:52:27,887 - INFO: Downloaded version 52
2020-01-19 15:52:29,479 - INFO: started crawling through com.bubadu.pixie on iteration: 191
2020-01-19 15:52:30,608 - INFO: successful purchase
2020-01-19 15:52:31,023 - INFO: downloading...
2020-01-19 15:52:36,854 - INFO: Downloaded version 38
2020-01-19 15:52:38,334 - INFO: started crawling through com.starstable.horses on iteration: 192
2020-01-19 15:52:39,415 - INFO: successful purchase
2020-01-19 15:52:39,824 - INFO: downloading...
2020-01-19 15:52:50,976 - INFO: Downloaded version 200192
2020-01-19 15:52:52,742 - INFO: started crawling through com.FoxieGames.HorseRidingTales on iteration: 193
2020-01-19 15:52:53,962 - INFO: successful purchase
2020-01-19 15:52:54,433 - INFO: downloading...
2020-01-19 15:53:05,172 - INFO: Downloaded version 512
2020-01-19 15:53:06,830 - INFO: started crawling through com.bubadu.doctorpets on iteration: 194
2020-01-19 15:53:07,985 - INFO: successful purchase
2020-01-19 15:53:08,301 - INFO: downloading...
2020-01-19 15:53:09,975 - INFO: Downloaded version 27
2020-01-19 15:53:11,698 - INFO: started crawling through br.com.tapps.myvirtualpetshop on iteration: 195
2020-01-19 15:53:12,799 - INFO: successful purchase
2020-01-19 15:53:13,208 - INFO: downloading...
2020-01-19 15:53:16,746 - INFO: Downloaded version 2056
2020-01-19 15:53:18,494 - INFO: started crawling through com.tutotoons.app.kikififipetbeautysalon.free on iteration: 196
2020-01-19 15:53:19,766 - INFO: successful purchase
2020-01-19 15:53:20,189 - INFO: downloading...
2020-01-19 15:53:24,271 - INFO: Downloaded version 4000029
2020-01-19 15:53:26,018 - INFO: started crawling through com.tutotoons.app.kikififipetfriends.free on iteration: 197
2020-01-19 15:53:27,240 - INFO: successful purchase
2020-01-19 15:53:27,957 - INFO: downloading...
2020-01-19 15:53:40,085 - INFO: Downloaded version 4000009
2020-01-19 15:53:41,694 - INFO: started crawling through com.tutotoons.app.kikififipethotel.free on iteration: 198
2020-01-19 15:53:42,802 - INFO: successful purchase
2020-01-19 15:53:43,244 - INFO: downloading...
2020-01-19 15:53:51,064 - INFO: Downloaded version 2000032
2020-01-19 15:53:52,680 - INFO: started crawling through com.tutotoons.app.babytigercare.free on iteration: 199
2020-01-19 15:53:53,861 - INFO: successful purchase
2020-01-19 15:53:54,371 - INFO: downloading...
2020-01-19 15:54:04,318 - INFO: Downloaded version 3000028
2020-01-19 15:54:05,898 - INFO: started crawling through com.cocoplay.cocopuppy on iteration: 200
2020-01-19 15:54:06,968 - INFO: successful purchase
2020-01-19 15:54:07,318 - INFO: downloading...
2020-01-19 15:54:18,038 - INFO: Downloaded version 204
2020-01-19 15:54:19,698 - INFO: started crawling through com.tutotoons.app.pandalufunpark.free on iteration: 201
2020-01-19 15:54:20,792 - INFO: successful purchase
2020-01-19 15:54:21,507 - INFO: downloading...
2020-01-19 15:54:29,343 - INFO: Downloaded version 3000011
2020-01-19 15:54:31,042 - INFO: started crawling through com.sinyee.babybus.food on iteration: 202
2020-01-19 15:54:32,260 - INFO: successful purchase
2020-01-19 15:54:32,982 - INFO: downloading...
2020-01-19 15:54:38,392 - INFO: Downloaded version 8400011
2020-01-19 15:54:40,162 - INFO: started crawling through com.sinyee.babybus.kitchens on iteration: 203
2020-01-19 15:54:41,375 - INFO: successful purchase
2020-01-19 15:54:42,193 - INFO: downloading...
2020-01-19 15:54:48,358 - INFO: Downloaded version 8400010
2020-01-19 15:54:50,004 - INFO: started crawling through com.sinyee.babybus.drinks on iteration: 204
2020-01-19 15:54:51,409 - INFO: successful purchase
2020-01-19 15:54:51,793 - INFO: downloading...
2020-01-19 15:54:55,808 - INFO: Downloaded version 8400010
2020-01-19 15:54:57,600 - INFO: started crawling through com.sinyee.babybus.icecream on iteration: 205
2020-01-19 15:54:58,885 - INFO: successful purchase
2020-01-19 15:54:59,908 - INFO: downloading...
2020-01-19 15:55:07,980 - INFO: Downloaded version 8400002
2020-01-19 15:55:09,566 - INFO: started crawling through com.sinyee.babybus.soda on iteration: 206
2020-01-19 15:55:10,763 - INFO: successful purchase
2020-01-19 15:55:11,581 - INFO: downloading...
2020-01-19 15:55:16,552 - INFO: Downloaded version 8390011
2020-01-19 15:55:18,191 - INFO: started crawling through com.sinyee.babybus.candy on iteration: 207
2020-01-19 15:55:19,366 - INFO: successful purchase
2020-01-19 15:55:20,081 - INFO: downloading...
2020-01-19 15:55:30,352 - INFO: Downloaded version 8390012
2020-01-19 15:55:31,898 - INFO: started crawling through com.sinyee.babybus.snacks on iteration: 208
2020-01-19 15:55:33,192 - INFO: successful purchase
2020-01-19 15:55:33,803 - INFO: downloading...
2020-01-19 15:55:38,058 - INFO: Downloaded version 8390008
2020-01-19 15:55:39,625 - INFO: started crawling through com.sinyee.babybus.holiday on iteration: 209
2020-01-19 15:55:40,870 - INFO: successful purchase
2020-01-19 15:55:41,381 - INFO: downloading...
2020-01-19 15:55:45,929 - INFO: Downloaded version 8400010
2020-01-19 15:55:47,569 - INFO: started crawling through com.sinyee.babybus.hero on iteration: 210
2020-01-19 15:55:48,652 - INFO: successful purchase
2020-01-19 15:55:49,572 - INFO: downloading...
2020-01-19 15:55:58,043 - INFO: Downloaded version 8400010
2020-01-19 15:55:59,722 - INFO: started crawling through com.sinyee.babybus.boat on iteration: 211
2020-01-19 15:56:00,839 - INFO: successful purchase
2020-01-19 15:56:01,348 - INFO: downloading...
2020-01-19 15:56:06,121 - INFO: Downloaded version 8380007
2020-01-19 15:56:07,729 - INFO: started crawling through com.sinyee.babybus.policemen on iteration: 212
2020-01-19 15:56:08,825 - INFO: successful purchase
2020-01-19 15:56:09,175 - INFO: downloading...
2020-01-19 15:56:17,772 - INFO: Downloaded version 8400000
2020-01-19 15:56:19,398 - INFO: started crawling through com.sinyee.babybus.firemanII on iteration: 213
2020-01-19 15:56:20,498 - INFO: successful purchase
2020-01-19 15:56:20,915 - INFO: downloading...
2020-01-19 15:56:26,815 - INFO: Downloaded version 8400011
2020-01-19 15:56:28,481 - INFO: started crawling through com.sinyee.babybus.world on iteration: 214
2020-01-19 15:56:29,612 - INFO: successful purchase
2020-01-19 15:56:30,123 - INFO: downloading...
2020-01-19 15:56:36,350 - INFO: Downloaded version 8390400
2020-01-19 15:56:38,092 - INFO: started crawling through com.sinyee.babybus.superman on iteration: 215
2020-01-19 15:56:39,340 - INFO: successful purchase
2020-01-19 15:56:39,851 - INFO: downloading...
2020-01-19 15:56:44,845 - INFO: Downloaded version 8400010
2020-01-19 15:56:46,547 - INFO: started crawling through com.sinyee.babybus.adventure on iteration: 216
2020-01-19 15:56:47,635 - INFO: successful purchase
2020-01-19 15:56:48,555 - INFO: downloading...
2020-01-19 15:56:55,607 - INFO: Downloaded version 8400010
2020-01-19 15:56:57,374 - INFO: started crawling through com.sinyee.babybus.earthquake on iteration: 217
2020-01-19 15:56:58,490 - INFO: successful purchase
2020-01-19 15:56:59,307 - INFO: downloading...
2020-01-19 15:57:04,554 - INFO: Downloaded version 8400010
2020-01-19 15:57:06,158 - INFO: started crawling through com.sinyee.babybus.earthquakeII on iteration: 218
2020-01-19 15:57:07,301 - INFO: successful purchase
2020-01-19 15:57:07,734 - INFO: downloading...
2020-01-19 15:57:10,095 - INFO: Downloaded version 8390010
2020-01-19 15:57:11,802 - INFO: started crawling through com.sinyee.babybus.homesafe.global on iteration: 219
2020-01-19 15:57:13,032 - INFO: successful purchase
2020-01-19 15:57:13,541 - INFO: downloading...
2020-01-19 15:57:17,361 - INFO: Downloaded version 8400010
2020-01-19 15:57:19,077 - INFO: started crawling through com.sinyee.babybus.dailysafety on iteration: 220
2020-01-19 15:57:20,300 - INFO: successful purchase
2020-01-19 15:57:20,642 - INFO: downloading...
2020-01-19 15:57:25,550 - INFO: Downloaded version 8400010
2020-01-19 15:57:27,094 - INFO: started crawling through com.sinyee.babybus.care on iteration: 221
2020-01-19 15:57:28,289 - INFO: successful purchase
2020-01-19 15:57:28,755 - INFO: downloading...
2020-01-19 15:57:31,923 - INFO: Downloaded version 8400011
2020-01-19 15:57:33,597 - INFO: started crawling through com.sinyee.babybus.shopping on iteration: 222
2020-01-19 15:57:34,739 - INFO: successful purchase
2020-01-19 15:57:35,257 - INFO: downloading...
2020-01-19 15:57:42,503 - INFO: Downloaded version 8400002
2020-01-19 15:57:44,203 - INFO: started crawling through com.sinyee.babybus.tailor on iteration: 223
2020-01-19 15:57:45,389 - INFO: successful purchase
2020-01-19 15:57:46,002 - INFO: downloading...
2020-01-19 15:57:51,418 - INFO: Downloaded version 8400010
2020-01-19 15:57:53,124 - INFO: started crawling through com.sinyee.babybus.cosmetology on iteration: 224
2020-01-19 15:57:54,195 - INFO: successful purchase
2020-01-19 15:57:54,809 - INFO: downloading...
2020-01-19 15:57:59,695 - INFO: Downloaded version 8400010
2020-01-19 15:58:01,290 - INFO: started crawling through com.sinyee.babybus.village on iteration: 225
2020-01-19 15:58:02,700 - INFO: successful purchase
2020-01-19 15:58:03,307 - INFO: downloading...
2020-01-19 15:58:07,158 - INFO: Downloaded version 8400010
2020-01-19 15:58:08,820 - INFO: started crawling through com.tutotoons.app.animalhairsalonaustralia.free on iteration: 226
2020-01-19 15:58:10,067 - INFO: successful purchase
2020-01-19 15:58:11,192 - INFO: downloading...
2020-01-19 15:58:20,448 - INFO: Downloaded version 6000024
2020-01-19 15:58:22,103 - INFO: started crawling through com.tutotoons.app.jungleanimalhairsalon2.free on iteration: 227
2020-01-19 15:58:23,277 - INFO: successful purchase
2020-01-19 15:58:24,197 - INFO: downloading...
2020-01-19 15:58:32,890 - INFO: Downloaded version 5000012
2020-01-19 15:58:34,458 - INFO: started crawling through com.YovoGames.hair3 on iteration: 228
2020-01-19 15:58:35,670 - INFO: successful purchase
2020-01-19 15:58:36,153 - INFO: downloading...
2020-01-19 15:58:40,055 - INFO: Downloaded version 16
2020-01-19 15:58:41,646 - INFO: started crawling through com.tutotoons.app.amysanimalhairsalon.free on iteration: 229
2020-01-19 15:58:42,834 - INFO: successful purchase
2020-01-19 15:58:43,166 - INFO: downloading...
2020-01-19 15:58:49,698 - INFO: Downloaded version 2000083
2020-01-19 15:58:51,414 - INFO: started crawling through com.tutotoons.app.ponysisterspopmusicband.free on iteration: 230
2020-01-19 15:58:52,563 - INFO: successful purchase
2020-01-19 15:58:52,918 - INFO: downloading...
2020-01-19 15:59:03,117 - INFO: Downloaded version 3000015
2020-01-19 15:59:04,876 - INFO: started crawling through com.sinyee.babybus.princessII on iteration: 231
2020-01-19 15:59:06,081 - INFO: successful purchase
2020-01-19 15:59:06,795 - INFO: downloading...
2020-01-19 15:59:10,390 - INFO: Downloaded version 8400001
2020-01-19 15:59:11,964 - INFO: started crawling through com.sinyee.babybus.princess on iteration: 232
2020-01-19 15:59:13,349 - INFO: successful purchase
2020-01-19 15:59:13,699 - INFO: downloading...
2020-01-19 15:59:18,111 - INFO: Downloaded version 8400010
2020-01-19 15:59:19,969 - INFO: started crawling through com.sinyee.babybus.babyhospital on iteration: 233
2020-01-19 15:59:21,133 - INFO: successful purchase
2020-01-19 15:59:21,849 - INFO: downloading...
2020-01-19 15:59:27,577 - INFO: Downloaded version 8400010
2020-01-19 15:59:29,286 - INFO: started crawling through com.sinyee.babybus.repair on iteration: 234
2020-01-19 15:59:30,349 - INFO: successful purchase
2020-01-19 15:59:30,860 - INFO: downloading...
2020-01-19 15:59:34,466 - INFO: Downloaded version 8400010
2020-01-19 15:59:36,086 - INFO: started crawling through com.sinyee.babybus.repairshop on iteration: 235
2020-01-19 15:59:37,317 - INFO: successful purchase
2020-01-19 15:59:37,823 - INFO: downloading...
2020-01-19 15:59:47,950 - INFO: Downloaded version 8390011
2020-01-19 15:59:49,560 - INFO: started crawling through com.sinyee.babybus.build on iteration: 236
2020-01-19 15:59:50,726 - INFO: successful purchase
2020-01-19 15:59:51,342 - INFO: downloading...
2020-01-19 15:59:58,722 - INFO: Downloaded version 8400010
2020-01-19 16:00:00,294 - INFO: started crawling through com.sinyee.babybus.assistant on iteration: 237
2020-01-19 16:00:01,480 - INFO: successful purchase
2020-01-19 16:00:01,821 - INFO: downloading...
2020-01-19 16:00:06,199 - INFO: Downloaded version 8390010
2020-01-19 16:00:07,927 - INFO: started crawling through com.sinyee.babybus.garden on iteration: 238
2020-01-19 16:00:09,158 - INFO: successful purchase
2020-01-19 16:00:09,976 - INFO: downloading...
2020-01-19 16:00:15,094 - INFO: Downloaded version 8400010
2020-01-19 16:00:16,708 - INFO: started crawling through com.sinyee.babybus.zoo on iteration: 239
2020-01-19 16:00:18,476 - INFO: successful purchase
2020-01-19 16:00:19,499 - INFO: downloading...
2020-01-19 16:00:23,281 - INFO: Downloaded version 8390010
2020-01-19 16:00:25,051 - INFO: started crawling through com.sinyee.babybus.expedition on iteration: 240
2020-01-19 16:00:26,158 - INFO: successful purchase
2020-01-19 16:00:26,977 - INFO: downloading...
2020-01-19 16:00:30,887 - INFO: Downloaded version 8390010
2020-01-19 16:00:32,406 - INFO: started crawling through com.sinyee.babybus.forest on iteration: 241
2020-01-19 16:00:33,534 - INFO: successful purchase
2020-01-19 16:00:34,143 - INFO: downloading...
2020-01-19 16:00:38,328 - INFO: Downloaded version 8390010
2020-01-19 16:00:39,882 - INFO: started crawling through com.sinyee.babybus.ant on iteration: 242
2020-01-19 16:00:41,108 - INFO: successful purchase
2020-01-19 16:00:41,823 - INFO: downloading...
2020-01-19 16:00:45,613 - INFO: Downloaded version 8390010
2020-01-19 16:00:47,344 - INFO: started crawling through com.sinyee.babybus.hexapod on iteration: 243
2020-01-19 16:00:48,480 - INFO: successful purchase
2020-01-19 16:00:49,093 - INFO: downloading...
2020-01-19 16:00:53,802 - INFO: Downloaded version 8390010
2020-01-19 16:00:55,411 - INFO: started crawling through com.sinyee.babybus.magichouse on iteration: 244
2020-01-19 16:00:56,775 - INFO: successful purchase
2020-01-19 16:00:57,108 - INFO: downloading...
2020-01-19 16:01:00,813 - INFO: Downloaded version 8400010
2020-01-19 16:01:02,536 - INFO: started crawling through com.sinyee.babybus.seaworld on iteration: 245
2020-01-19 16:01:03,740 - INFO: successful purchase
2020-01-19 16:01:04,110 - INFO: downloading...
2020-01-19 16:01:06,826 - INFO: Downloaded version 8390010
2020-01-19 16:01:08,546 - INFO: started crawling through com.sinyee.babybus.dinosaur on iteration: 246
2020-01-19 16:01:09,679 - INFO: successful purchase
2020-01-19 16:01:10,494 - INFO: downloading...
2020-01-19 16:01:13,992 - INFO: Downloaded version 8390011
2020-01-19 16:01:15,648 - INFO: started crawling through com.sinyee.babybus.dinosaurII on iteration: 247
2020-01-19 16:01:16,742 - INFO: successful purchase
2020-01-19 16:01:17,253 - INFO: downloading...
2020-01-19 16:01:21,672 - INFO: Downloaded version 8390012
2020-01-19 16:01:23,324 - INFO: started crawling through com.sinyee.babybus.natural on iteration: 248
2020-01-19 16:01:24,524 - INFO: successful purchase
2020-01-19 16:01:24,975 - INFO: downloading...
2020-01-19 16:01:32,726 - INFO: Downloaded version 8391300
2020-01-19 16:01:34,437 - INFO: started crawling through com.edujoy.Dinosaur_pet on iteration: 249
2020-01-19 16:01:35,891 - INFO: successful purchase
2020-01-19 16:01:36,504 - INFO: downloading...
2020-01-19 16:01:40,263 - INFO: Downloaded version 38
2020-01-19 16:01:42,165 - INFO: started crawling through se.appfamily.dinoadventure on iteration: 250
2020-01-19 16:01:43,263 - INFO: successful purchase
2020-01-19 16:01:43,722 - INFO: downloading...
2020-01-19 16:01:44,971 - INFO: Downloaded version 245
2020-01-19 16:01:46,771 - INFO: started crawling through net.cleverbit.DinoPuzzles on iteration: 251
2020-01-19 16:01:47,976 - INFO: successful purchase
2020-01-19 16:01:48,346 - INFO: downloading...
2020-01-19 16:01:53,000 - INFO: Downloaded version 200241
2020-01-19 16:01:54,905 - INFO: started crawling through com.bigstarkids.animalspuzzlegame on iteration: 252
2020-01-19 16:01:55,962 - INFO: successful purchase
2020-01-19 16:01:56,606 - INFO: downloading...
2020-01-19 16:01:59,303 - INFO: Downloaded version 6
2020-01-19 16:02:00,969 - INFO: started crawling through net.cleverbit.SafariPuzzles on iteration: 253
2020-01-19 16:02:01,799 - ERROR: error: error performing purchase: Error retrieving information from server. [DF-BPA-36] for: net.cleverbit.SafariPuzzles.
 Probably a server timeout. Waiting 60 sec and trying again.
2020-01-19 16:03:01,859 - INFO: started crawling through net.cleverbit.SafariPuzzles on iteration: 253
2020-01-19 16:03:02,933 - INFO: successful purchase
2020-01-19 16:03:03,544 - INFO: downloading...
2020-01-19 16:03:06,422 - INFO: Downloaded version 200241
2020-01-19 16:03:08,187 - INFO: started crawling through com.edujoy.Baby_puzzles on iteration: 254
2020-01-19 16:03:09,280 - INFO: successful purchase
2020-01-19 16:03:09,996 - INFO: downloading...
2020-01-19 16:03:11,007 - INFO: Downloaded version 80
2020-01-19 16:03:12,706 - INFO: started crawling through com.appquiz.Baby_Blocks on iteration: 255
2020-01-19 16:03:14,093 - INFO: successful purchase
2020-01-19 16:03:14,502 - INFO: downloading...
2020-01-19 16:03:15,209 - INFO: Downloaded version 70
2020-01-19 16:03:17,059 - INFO: started crawling through com.iabuzz.puzzle4kidsAnimals on iteration: 256
2020-01-19 16:03:18,394 - INFO: successful purchase
2020-01-19 16:03:19,114 - INFO: downloading...
2020-01-19 16:03:25,266 - INFO: Downloaded version 300
2020-01-19 16:03:26,907 - INFO: started crawling through com.iabuzz.apk.p4kall on iteration: 257
2020-01-19 16:03:28,127 - INFO: successful purchase
2020-01-19 16:03:28,633 - INFO: downloading...
2020-01-19 16:03:40,342 - INFO: Downloaded version 300
2020-01-19 16:03:41,877 - INFO: started crawling through forqan.tech.babypuzzles_edu.ads on iteration: 258
2020-01-19 16:03:43,072 - INFO: successful purchase
2020-01-19 16:03:43,685 - INFO: downloading...
2020-01-19 16:03:52,056 - INFO: Downloaded version 47
2020-01-19 16:03:53,606 - INFO: started crawling through com.happytools.learning.kids.games on iteration: 259
2020-01-19 16:03:54,848 - INFO: successful purchase
2020-01-19 16:03:55,563 - INFO: downloading...
2020-01-19 16:04:00,582 - INFO: Downloaded version 16
2020-01-19 16:04:02,154 - INFO: started crawling through se.appfamily.balloonpopfree on iteration: 260
2020-01-19 16:04:03,347 - INFO: successful purchase
2020-01-19 16:04:03,730 - INFO: downloading...
2020-01-19 16:04:05,142 - INFO: Downloaded version 242
2020-01-19 16:04:06,905 - INFO: started crawling through com.greenteagames.bunnyrunracing on iteration: 261
2020-01-19 16:04:08,263 - INFO: successful purchase
2020-01-19 16:04:08,773 - INFO: downloading...
2020-01-19 16:04:13,297 - INFO: Downloaded version 27
2020-01-19 16:04:14,958 - INFO: started crawling through com.greenteagames.princessrungame on iteration: 262
2020-01-19 16:04:16,148 - INFO: successful purchase
2020-01-19 16:04:17,068 - INFO: downloading...
2020-01-19 16:04:22,122 - INFO: Downloaded version 28
2020-01-19 16:04:23,764 - INFO: started crawling through com.greenteagames.dragonrun on iteration: 263
2020-01-19 16:04:24,954 - INFO: successful purchase
2020-01-19 16:04:25,407 - INFO: downloading...
2020-01-19 16:04:28,196 - INFO: Downloaded version 100033
2020-01-19 16:04:29,823 - INFO: started crawling through com.rvappstudios.jigsaw.puzzles.kids on iteration: 264
2020-01-19 16:04:30,995 - INFO: successful purchase
2020-01-19 16:04:31,609 - INFO: downloading...
2020-01-19 16:04:37,410 - INFO: Downloaded version 40
2020-01-19 16:04:39,366 - INFO: started crawling through com.rvappstudios.math.kids.counting on iteration: 265
2020-01-19 16:04:40,621 - INFO: successful purchase
2020-01-19 16:04:41,029 - INFO: downloading...
2020-01-19 16:04:43,338 - INFO: Downloaded version 26
2020-01-19 16:04:44,969 - INFO: started crawling through com.GamesForKids.Mathgames.MultiplicationTables on iteration: 266
2020-01-19 16:04:46,048 - INFO: successful purchase
2020-01-19 16:04:46,389 - INFO: downloading...
2020-01-19 16:04:47,133 - INFO: Downloaded version 78
2020-01-19 16:04:48,845 - INFO: started crawling through com.multiplication.table on iteration: 267
2020-01-19 16:04:50,042 - INFO: successful purchase
2020-01-19 16:04:50,515 - INFO: downloading...
2020-01-19 16:04:50,764 - INFO: Downloaded version 7
2020-01-19 16:04:52,270 - INFO: started crawling through com.closeapps.mathrun on iteration: 268
2020-01-19 16:04:53,423 - INFO: successful purchase
2020-01-19 16:04:53,625 - ERROR: error: error getting download url: Server busy, please try again later. for: com.closeapps.mathrun.
 Server Timeout. Waiting 10 min and tying again. attempt 1 out of 5
2020-01-19 16:14:53,722 - INFO: started crawling through com.closeapps.mathrun on iteration: 268
2020-01-19 16:14:54,922 - INFO: successful purchase
2020-01-19 16:14:55,126 - CRITICAL: critical error: error getting download url: Server busy, please try again later. for: com.closeapps.mathrun.
 trying again. Waiting 10 min. attempt 2 out of 5
2020-01-19 16:24:55,226 - INFO: started crawling through com.closeapps.mathrun on iteration: 268
2020-01-19 16:24:56,423 - INFO: successful purchase
2020-01-19 16:24:56,626 - CRITICAL: critical error: error getting download url: Server busy, please try again later. for: com.closeapps.mathrun.
 trying again. Waiting 10 min. attempt 3 out of 5
