2020-01-19 12:36:40,938 - INFO: token: aas_et/AKppINaZBJNJWmCmAtglVIPFaTecVEUqrN9mCUlPEtAc7NLTu1EW69tU6SdNgInPkSa4SvBmOo5LxyHNMtTuQXpIqx5boYWVDHss9plG034YkBn2b9Wfw2scXN3cAvbNUP5hEWAge0Pqo2PRpmVIMt0oxo7zoG57cbrqs9K2cV9ExKx7FPEVDeG4im9PyGDO6yqrnzDJfHjV9MmxvAeNtps=
2020-01-19 12:36:41,015 - INFO: auth: swfg_OlFiMh9f_N8Ah-zs0DmRMirCNCYlt2mxYmlajpis3skmedfgwy-hmDihiOyuahMOQ.
2020-01-19 12:36:42,016 - INFO: 0 previously crawled apps loaded. This crawler won't crawl through these apps.
2020-01-19 12:36:42,017 - INFO: initiated crawling for 1000 apps
2020-01-19 12:36:43,018 - INFO: started crawling through com.snapchat.android on iteration: 1
2020-01-19 12:36:44,728 - INFO: successful purchase
2020-01-19 12:36:45,340 - INFO: downloading...
2020-01-19 12:36:47,699 - INFO: Downloaded version 2008
2020-01-19 12:36:49,761 - INFO: started crawling through com.zhiliaoapp.musically on iteration: 2
2020-01-19 12:36:51,201 - INFO: successful purchase
2020-01-19 12:36:51,607 - INFO: downloading...
2020-01-19 12:36:54,703 - INFO: Downloaded version 2021405030
2020-01-19 12:36:56,928 - INFO: started crawling through com.kiloo.subwaysurf on iteration: 3
2020-01-19 12:36:58,655 - INFO: successful purchase
2020-01-19 12:36:59,188 - INFO: downloading...
2020-01-19 12:37:05,479 - INFO: Downloaded version 1280
2020-01-19 12:37:07,273 - INFO: started crawling through com.youmusic.magictiles on iteration: 4
2020-01-19 12:37:08,998 - INFO: successful purchase
2020-01-19 12:37:09,444 - INFO: downloading...
2020-01-19 12:37:14,568 - INFO: Downloaded version 2001141418
2020-01-19 12:37:16,709 - INFO: started crawling through com.amanotes.beathopper on iteration: 5
2020-01-19 12:37:18,112 - INFO: successful purchase
2020-01-19 12:37:18,707 - INFO: downloading...
2020-01-19 12:37:23,456 - INFO: Downloaded version 500115
2020-01-19 12:37:25,482 - INFO: started crawling through com.outfit7.talkingtomgoldrun on iteration: 6
2020-01-19 12:37:26,817 - INFO: successful purchase
2020-01-19 12:37:27,838 - INFO: downloading...
2020-01-19 12:37:38,347 - INFO: Downloaded version 940
2020-01-19 12:37:40,124 - INFO: started crawling through com.outfit7.herodash on iteration: 7
2020-01-19 12:37:41,563 - INFO: successful purchase
2020-01-19 12:37:42,174 - INFO: downloading...
2020-01-19 12:37:48,510 - INFO: Downloaded version 202
2020-01-19 12:37:50,185 - INFO: started crawling through com.outfit7.mytalkingtom2 on iteration: 8
2020-01-19 12:37:51,704 - INFO: successful purchase
2020-01-19 12:37:52,417 - INFO: downloading...
2020-01-19 12:38:03,227 - INFO: Downloaded version 310
2020-01-19 12:38:05,126 - INFO: started crawling through com.outfit7.mytalkingtomfree on iteration: 9
2020-01-19 12:38:06,959 - INFO: successful purchase
2020-01-19 12:38:07,430 - INFO: downloading...
2020-01-19 12:38:17,427 - INFO: Downloaded version 2032
2020-01-19 12:38:19,313 - INFO: started crawling through com.outfit7.mytalkingangelafree on iteration: 10
2020-01-19 12:38:20,887 - INFO: successful purchase
2020-01-19 12:38:21,600 - INFO: downloading...
2020-01-19 12:38:31,286 - INFO: Downloaded version 1412
2020-01-19 12:38:33,153 - INFO: started crawling through com.outfit7.mytalkinghank on iteration: 11
2020-01-19 12:38:35,025 - INFO: successful purchase
2020-01-19 12:38:35,834 - INFO: downloading...
2020-01-19 12:38:42,981 - INFO: Downloaded version 240
2020-01-19 12:38:45,074 - INFO: started crawling through com.outfit7.talkingben on iteration: 12
2020-01-19 12:38:46,487 - INFO: successful purchase
2020-01-19 12:38:47,099 - INFO: downloading...
2020-01-19 12:38:54,808 - INFO: Downloaded version 242
2020-01-19 12:38:56,780 - INFO: started crawling through com.outfit7.talkingnewsfree on iteration: 13
2020-01-19 12:38:58,264 - INFO: successful purchase
2020-01-19 12:38:59,183 - INFO: downloading...
2020-01-19 12:39:03,170 - INFO: Downloaded version 102
2020-01-19 12:39:05,098 - INFO: started crawling through com.outfit7.talkingpierrefree on iteration: 14
2020-01-19 12:39:06,456 - INFO: successful purchase
2020-01-19 12:39:07,208 - INFO: downloading...
2020-01-19 12:39:10,364 - INFO: Downloaded version 91
2020-01-19 12:39:12,278 - INFO: started crawling through talking.toy.funny.couple on iteration: 15
2020-01-19 12:39:13,727 - INFO: successful purchase
2020-01-19 12:39:14,440 - INFO: downloading...
2020-01-19 12:39:18,568 - INFO: Downloaded version 934168
2020-01-19 12:39:20,440 - INFO: started crawling through jp.co.mozukuapp.inko on iteration: 16
2020-01-19 12:39:22,123 - INFO: successful purchase
2020-01-19 12:39:22,838 - INFO: downloading...
2020-01-19 12:39:29,109 - INFO: Downloaded version 3
2020-01-19 12:39:30,966 - INFO: started crawling through com.gamecircus.zoo on iteration: 17
2020-01-19 12:39:32,371 - INFO: successful purchase
2020-01-19 12:39:32,981 - INFO: downloading...
2020-01-19 12:39:42,281 - INFO: Downloaded version 91072
2020-01-19 12:39:43,974 - INFO: started crawling through com.gameloft.android.ANMP.GloftDOHM on iteration: 18
2020-01-19 12:39:45,369 - INFO: successful purchase
2020-01-19 12:39:46,084 - INFO: downloading...
2020-01-19 12:39:58,690 - INFO: Downloaded version 50527
2020-01-19 12:40:00,399 - INFO: started crawling through es.socialpoint.DragonCity on iteration: 19
2020-01-19 12:40:01,691 - INFO: successful purchase
2020-01-19 12:40:02,473 - INFO: downloading...
2020-01-19 12:40:15,477 - INFO: Downloaded version 1804782988
2020-01-19 12:40:17,314 - INFO: started crawling through es.socialpoint.MonsterLegends on iteration: 20
2020-01-19 12:40:18,550 - INFO: successful purchase
2020-01-19 12:40:19,161 - INFO: downloading...
2020-01-19 12:40:27,213 - INFO: Downloaded version 1804782971
2020-01-19 12:40:28,947 - INFO: started crawling through com.supercell.brawlstars on iteration: 21
2020-01-19 12:40:30,120 - INFO: successful purchase
2020-01-19 12:40:30,732 - INFO: downloading...
2020-01-19 12:40:43,808 - INFO: Downloaded version 104
2020-01-19 12:40:45,590 - INFO: started crawling through com.roblox.client on iteration: 22
2020-01-19 12:40:46,709 - INFO: successful purchase
2020-01-19 12:40:47,064 - INFO: downloading...
2020-01-19 12:40:53,606 - INFO: Downloaded version 668
2020-01-19 12:40:55,703 - INFO: started crawling through com.FDGEntertainment.redball4.gp on iteration: 23
2020-01-19 12:40:56,951 - INFO: successful purchase
2020-01-19 12:40:57,537 - INFO: downloading...
2020-01-19 12:41:01,070 - INFO: Downloaded version 1418
2020-01-19 12:41:03,221 - INFO: started crawling through com.sega.sonicdash on iteration: 24
2020-01-19 12:41:04,425 - INFO: successful purchase
2020-01-19 12:41:04,934 - INFO: downloading...
2020-01-19 12:41:13,751 - INFO: Downloaded version 1711934552
2020-01-19 12:41:15,704 - INFO: started crawling through com.sega.sonicboomandroid on iteration: 25
2020-01-19 12:41:16,816 - INFO: successful purchase
2020-01-19 12:41:17,317 - INFO: downloading...
2020-01-19 12:41:23,203 - INFO: Downloaded version 1811932362
2020-01-19 12:41:24,881 - INFO: started crawling through com.lego.ninjago.rideninja on iteration: 26
2020-01-19 12:41:26,134 - INFO: successful purchase
2020-01-19 12:41:26,850 - INFO: downloading...
2020-01-19 12:41:31,063 - INFO: Downloaded version 20
2020-01-19 12:41:32,810 - INFO: started crawling through com.hutchgames.hotwheels on iteration: 27
2020-01-19 12:41:34,122 - INFO: successful purchase
2020-01-19 12:41:34,733 - INFO: downloading...
2020-01-19 12:41:42,219 - INFO: Downloaded version 1164800000
2020-01-19 12:41:44,035 - INFO: started crawling through com.hasbro.beybladesenterprise on iteration: 28
2020-01-19 12:41:45,182 - INFO: successful purchase
2020-01-19 12:41:45,622 - INFO: downloading...
2020-01-19 12:41:53,197 - INFO: Downloaded version 139
2020-01-19 12:41:55,044 - INFO: started crawling through com.epicstory.beybladeburst on iteration: 29
2020-01-19 12:41:56,348 - INFO: successful purchase
2020-01-19 12:41:56,683 - INFO: downloading...
2020-01-19 12:42:03,836 - INFO: Downloaded version 1404100
2020-01-19 12:42:05,749 - INFO: started crawling through com.dhxmedia.slugitout2 on iteration: 30
2020-01-19 12:42:06,890 - INFO: successful purchase
2020-01-19 12:42:07,605 - INFO: downloading...
2020-01-19 12:42:10,854 - INFO: Downloaded version 728300
2020-01-19 12:42:12,937 - INFO: started crawling through com.gameloft.android.ANMP.GloftPOHM on iteration: 31
2020-01-19 12:42:14,164 - INFO: successful purchase
2020-01-19 12:42:14,671 - INFO: downloading...
2020-01-19 12:42:18,376 - INFO: Downloaded version 58022
2020-01-19 12:42:20,084 - INFO: started crawling through com.budgestudios.googleplay.MyLittlePonyRainbowRunners on iteration: 32
2020-01-19 12:42:21,227 - INFO: successful purchase
2020-01-19 12:42:21,839 - INFO: downloading...
2020-01-19 12:42:25,671 - INFO: Downloaded version 1364
2020-01-19 12:42:27,362 - INFO: started crawling through com.budgestudios.MyLittlePonyHarmonyQuest on iteration: 33
2020-01-19 12:42:28,805 - INFO: successful purchase
2020-01-19 12:42:29,239 - INFO: downloading...
2020-01-19 12:42:31,896 - INFO: Downloaded version 40
2020-01-19 12:42:33,721 - INFO: started crawling through kr.co.smartstudy.babyshark_android_googlemarket on iteration: 34
2020-01-19 12:42:34,949 - INFO: successful purchase
2020-01-19 12:42:35,396 - INFO: downloading...
2020-01-19 12:42:37,480 - INFO: Downloaded version 2500
2020-01-19 12:42:39,107 - INFO: started crawling through kr.co.smartstudy.babysharkrun_android_googlemarket on iteration: 35
2020-01-19 12:42:40,376 - INFO: successful purchase
2020-01-19 12:42:41,193 - INFO: downloading...
2020-01-19 12:42:46,523 - INFO: Downloaded version 1600
2020-01-19 12:42:48,197 - INFO: started crawling through com.YovoGames.dentist on iteration: 36
2020-01-19 12:42:49,388 - INFO: successful purchase
2020-01-19 12:42:49,875 - INFO: downloading...
2020-01-19 12:42:50,907 - INFO: Downloaded version 16
2020-01-19 12:42:52,652 - INFO: started crawling through com.YovoGames.hair on iteration: 37
2020-01-19 12:42:54,098 - INFO: successful purchase
2020-01-19 12:42:54,711 - INFO: downloading...
2020-01-19 12:42:56,629 - INFO: Downloaded version 15
2020-01-19 12:42:58,386 - INFO: started crawling through com.bubadu.princess on iteration: 38
2020-01-19 12:42:59,530 - INFO: successful purchase
2020-01-19 12:43:00,131 - INFO: downloading...
2020-01-19 12:43:02,532 - INFO: Downloaded version 24
2020-01-19 12:43:04,311 - INFO: started crawling through com.kidsthree.princessfashionsalon on iteration: 39
2020-01-19 12:43:05,874 - INFO: successful purchase
2020-01-19 12:43:06,341 - INFO: downloading...
2020-01-19 12:43:09,487 - INFO: Downloaded version 635000
2020-01-19 12:43:11,143 - INFO: started crawling through com.budgestudios.HelloKittyNailSalon on iteration: 40
2020-01-19 12:43:12,326 - INFO: successful purchase
2020-01-19 12:43:12,759 - INFO: downloading...
2020-01-19 12:43:19,509 - INFO: Downloaded version 1369
2020-01-19 12:43:21,200 - INFO: started crawling through com.budgestudios.HelloKittyLunchBox on iteration: 41
2020-01-19 12:43:22,467 - INFO: successful purchase
2020-01-19 12:43:22,963 - INFO: downloading...
2020-01-19 12:43:26,666 - INFO: Downloaded version 1503
2020-01-19 12:43:28,448 - INFO: started crawling through com.iabuzz.HelloKittyRacingAdventure on iteration: 42
2020-01-19 12:43:29,737 - INFO: successful purchase
2020-01-19 12:43:30,346 - INFO: downloading...
2020-01-19 12:43:32,892 - INFO: Downloaded version 302
2020-01-19 12:43:34,619 - INFO: started crawling through se.appfamily.hellokitty.coloring.free on iteration: 43
2020-01-19 12:43:35,779 - INFO: successful purchase
2020-01-19 12:43:36,291 - INFO: downloading...
2020-01-19 12:43:37,102 - INFO: Downloaded version 240
2020-01-19 12:43:38,747 - INFO: started crawling through com.cocoplay.carebears on iteration: 44
2020-01-19 12:43:39,975 - INFO: successful purchase
2020-01-19 12:43:40,431 - INFO: downloading...
2020-01-19 12:43:45,022 - INFO: Downloaded version 109
2020-01-19 12:43:46,882 - INFO: started crawling through com.lily.times.tweenshusky.all on iteration: 45
2020-01-19 12:43:48,172 - INFO: successful purchase
2020-01-19 12:43:48,983 - INFO: downloading...
2020-01-19 12:43:54,559 - INFO: Downloaded version 934217
2020-01-19 12:43:56,487 - INFO: started crawling through com.lily.times.dog1.all on iteration: 46
2020-01-19 12:43:57,588 - INFO: successful purchase
2020-01-19 12:43:58,040 - INFO: downloading...
2020-01-19 12:44:02,564 - INFO: Downloaded version 956158
2020-01-19 12:44:04,212 - INFO: started crawling through com.WildWorks.AnimalJamPlayWild on iteration: 47
2020-01-19 12:44:05,370 - INFO: successful purchase
2020-01-19 12:44:06,187 - INFO: downloading...
2020-01-19 12:44:11,200 - INFO: Downloaded version 863
2020-01-19 12:44:12,899 - INFO: started crawling through jp.pokemon.pokemonquest on iteration: 48
2020-01-19 12:44:14,177 - INFO: successful purchase
2020-01-19 12:44:14,892 - INFO: downloading...
2020-01-19 12:44:25,180 - INFO: Downloaded version 20
2020-01-19 12:44:26,926 - INFO: started crawling through com.yodo1.crossyroad on iteration: 49
2020-01-19 12:44:28,209 - INFO: successful purchase
2020-01-19 12:44:28,546 - INFO: downloading...
2020-01-19 12:44:34,014 - INFO: Downloaded version 100430
2020-01-19 12:44:35,842 - INFO: started crawling through com.disney.disneycrossyroad_goo on iteration: 50
2020-01-19 12:44:37,013 - INFO: successful purchase
2020-01-19 12:44:37,488 - INFO: downloading...
2020-01-19 12:44:44,819 - INFO: Downloaded version 18441
2020-01-19 12:44:46,661 - INFO: started crawling through air.com.turner.boomerangmakeandrace on iteration: 51
2020-01-19 12:44:47,970 - INFO: successful purchase
2020-01-19 12:44:48,992 - INFO: downloading...
2020-01-19 12:44:55,989 - INFO: Downloaded version 1008000
2020-01-19 12:44:57,741 - INFO: started crawling through com.pjmasks.moonlightheroes on iteration: 52
2020-01-19 12:44:58,928 - INFO: successful purchase
2020-01-19 12:44:59,372 - INFO: downloading...
2020-01-19 12:45:09,808 - INFO: Downloaded version 112
2020-01-19 12:45:11,696 - INFO: started crawling through com.pjmasks.timetobeahero on iteration: 53
2020-01-19 12:45:12,853 - INFO: successful purchase
2020-01-19 12:45:14,182 - INFO: downloading...
2020-01-19 12:45:23,691 - INFO: Downloaded version 243
2020-01-19 12:45:25,394 - INFO: started crawling through com.devgame.robocar.poli.city.game.amber.kids.free on iteration: 54
2020-01-19 12:45:26,577 - INFO: successful purchase
2020-01-19 12:45:26,959 - INFO: downloading...
2020-01-19 12:45:29,861 - INFO: Downloaded version 106
2020-01-19 12:45:31,634 - INFO: started crawling through com.devgame.fixies.masters.repair.games on iteration: 55
2020-01-19 12:45:32,825 - INFO: successful purchase
2020-01-19 12:45:33,434 - INFO: downloading...
2020-01-19 12:45:38,398 - INFO: Downloaded version 258
2020-01-19 12:45:40,029 - INFO: started crawling through com.kingbirdgames.fixies on iteration: 56
2020-01-19 12:45:41,219 - INFO: successful purchase
2020-01-19 12:45:41,550 - INFO: downloading...
2020-01-19 12:45:46,133 - INFO: Downloaded version 10069
2020-01-19 12:45:47,862 - INFO: started crawling through com.turner.super_slime_blitz on iteration: 57
2020-01-19 12:45:49,001 - INFO: successful purchase
2020-01-19 12:45:49,567 - INFO: downloading...
2020-01-19 12:45:52,342 - INFO: Downloaded version 180
2020-01-19 12:45:54,434 - INFO: started crawling through com.turner.kickahead on iteration: 58
2020-01-19 12:45:55,556 - INFO: successful purchase
2020-01-19 12:45:55,996 - INFO: downloading...
2020-01-19 12:45:58,342 - INFO: Downloaded version 37
2020-01-19 12:46:00,078 - INFO: started crawling through com.ninjakiwi.btdadventuretime on iteration: 59
2020-01-19 12:46:01,392 - INFO: successful purchase
2020-01-19 12:46:01,984 - INFO: downloading...
2020-01-19 12:46:10,662 - INFO: Downloaded version 2716
2020-01-19 12:46:12,343 - INFO: started crawling through com.ninjakiwi.bloonstdbattles on iteration: 60
2020-01-19 12:46:13,683 - INFO: successful purchase
2020-01-19 12:46:14,049 - INFO: downloading...
2020-01-19 12:46:20,699 - INFO: Downloaded version 1010955
2020-01-19 12:46:22,488 - INFO: started crawling through com.ninjakiwi.monkeycity on iteration: 61
2020-01-19 12:46:23,716 - INFO: successful purchase
2020-01-19 12:46:24,152 - INFO: downloading...
2020-01-19 12:46:28,734 - INFO: Downloaded version 19406
2020-01-19 12:46:30,412 - INFO: started crawling through com.ninjakiwi.supermonkey on iteration: 62
2020-01-19 12:46:31,703 - INFO: successful purchase
2020-01-19 12:46:32,133 - INFO: downloading...
2020-01-19 12:46:43,473 - INFO: Downloaded version 8601
2020-01-19 12:46:45,151 - INFO: started crawling through com.sega.sonic1px on iteration: 63
2020-01-19 12:46:46,552 - INFO: successful purchase
2020-01-19 12:46:47,059 - INFO: downloading...
2020-01-19 12:46:53,458 - INFO: Downloaded version 81
2020-01-19 12:46:55,484 - INFO: started crawling through com.sega.sonic2.runner on iteration: 64
2020-01-19 12:46:56,694 - INFO: successful purchase
2020-01-19 12:46:57,404 - INFO: downloading...
2020-01-19 12:47:03,033 - INFO: Downloaded version 56
2020-01-19 12:47:04,793 - INFO: started crawling through com.sega.sonic4episode2 on iteration: 65
2020-01-19 12:47:06,008 - INFO: successful purchase
2020-01-19 12:47:06,620 - INFO: downloading...
2020-01-19 12:47:09,713 - INFO: Downloaded version 36
2020-01-19 12:47:11,604 - INFO: started crawling through com.ankama.kingtongue on iteration: 66
2020-01-19 12:47:12,766 - INFO: successful purchase
2020-01-19 12:47:13,380 - INFO: downloading...
2020-01-19 12:47:21,455 - INFO: Downloaded version 24
2020-01-19 12:47:23,184 - INFO: started crawling through com.vascof.GSwitch3 on iteration: 67
2020-01-19 12:47:24,440 - INFO: successful purchase
2020-01-19 12:47:25,565 - INFO: downloading...
2020-01-19 12:47:29,575 - INFO: Downloaded version 110146
2020-01-19 12:47:31,305 - INFO: started crawling through com.JindoBlu.TwoPlayerGamesChallenge on iteration: 68
2020-01-19 12:47:32,430 - INFO: successful purchase
2020-01-19 12:47:32,810 - INFO: downloading...
2020-01-19 12:47:33,099 - INFO: Downloaded version 24
2020-01-19 12:47:34,848 - INFO: started crawling through com.tellmewow.senior.hangman on iteration: 69
2020-01-19 12:47:36,115 - INFO: successful purchase
2020-01-19 12:47:36,577 - INFO: downloading...
2020-01-19 12:47:37,669 - INFO: Downloaded version 299
2020-01-19 12:47:39,493 - INFO: started crawling through com.edujoy.Word_Search on iteration: 70
2020-01-19 12:47:40,825 - INFO: successful purchase
2020-01-19 12:47:41,147 - INFO: downloading...
2020-01-19 12:47:42,305 - INFO: Downloaded version 94
2020-01-19 12:47:44,136 - INFO: started crawling through com.superswell.findthedifferences on iteration: 71
2020-01-19 12:47:45,230 - INFO: successful purchase
2020-01-19 12:47:45,942 - INFO: downloading...
2020-01-19 12:47:54,799 - INFO: Downloaded version 385
2020-01-19 12:47:56,796 - INFO: started crawling through com.generamobile.bubblewords on iteration: 72
2020-01-19 12:47:57,927 - INFO: successful purchase
2020-01-19 12:47:58,845 - INFO: downloading...
2020-01-19 12:48:02,723 - INFO: Downloaded version 122
2020-01-19 12:48:04,530 - INFO: started crawling through com.orange.coloring.learn.kids on iteration: 73
2020-01-19 12:48:05,607 - INFO: successful purchase
2020-01-19 12:48:06,222 - INFO: downloading...
2020-01-19 12:48:13,344 - INFO: Downloaded version 107
2020-01-19 12:48:15,170 - INFO: started crawling through com.orange.kidspiano.music.songs on iteration: 74
2020-01-19 12:48:16,358 - INFO: successful purchase
2020-01-19 12:48:16,765 - INFO: downloading...
2020-01-19 12:48:21,488 - INFO: Downloaded version 239
2020-01-19 12:48:23,188 - INFO: started crawling through com.rvappstudios.baby.games.piano.phone.kids on iteration: 75
2020-01-19 12:48:24,346 - INFO: successful purchase
2020-01-19 12:48:24,794 - INFO: downloading...
2020-01-19 12:48:28,601 - INFO: Downloaded version 16
2020-01-19 12:48:30,295 - INFO: started crawling through com.indocipta.kidspiano on iteration: 76
2020-01-19 12:48:31,514 - INFO: successful purchase
2020-01-19 12:48:32,022 - INFO: downloading...
2020-01-19 12:48:32,962 - INFO: Downloaded version 18
2020-01-19 12:48:34,764 - INFO: started crawling through com.gokids.bphone1 on iteration: 77
2020-01-19 12:48:35,917 - INFO: successful purchase
2020-01-19 12:48:36,280 - INFO: downloading...
2020-01-19 12:48:37,595 - INFO: Downloaded version 1005009
2020-01-19 12:48:39,365 - INFO: started crawling through com.gokids.tablet on iteration: 78
2020-01-19 12:48:40,627 - INFO: successful purchase
2020-01-19 12:48:41,069 - INFO: downloading...
2020-01-19 12:48:43,919 - INFO: Downloaded version 1009007
2020-01-19 12:48:45,586 - INFO: started crawling through com.infigames.babycomputer on iteration: 79
2020-01-19 12:48:47,079 - INFO: successful purchase
2020-01-19 12:48:47,998 - INFO: downloading...
2020-01-19 12:48:50,635 - INFO: Downloaded version 200036
2020-01-19 12:48:52,254 - INFO: started crawling through com.appsbergman.celulareducacional on iteration: 80
2020-01-19 12:48:53,428 - INFO: successful purchase
2020-01-19 12:48:53,813 - INFO: downloading...
2020-01-19 12:48:59,274 - INFO: Downloaded version 17
2020-01-19 12:49:00,920 - INFO: started crawling through com.pescapps.game4kids on iteration: 81
2020-01-19 12:49:02,344 - INFO: successful purchase
2020-01-19 12:49:02,808 - INFO: downloading...
2020-01-19 12:49:05,996 - INFO: Downloaded version 8
2020-01-19 12:49:07,696 - INFO: started crawling through com.pescapps.gamekids5 on iteration: 82
2020-01-19 12:49:08,891 - INFO: successful purchase
2020-01-19 12:49:09,912 - INFO: downloading...
2020-01-19 12:49:12,225 - INFO: Downloaded version 6
2020-01-19 12:49:13,964 - INFO: started crawling through com.gamesforkids.preschoolworksheets.alphabets on iteration: 83
2020-01-19 12:49:15,239 - INFO: successful purchase
2020-01-19 12:49:15,707 - INFO: downloading...
2020-01-19 12:49:16,741 - INFO: Downloaded version 21
2020-01-19 12:49:18,654 - INFO: started crawling through com.rvappstudios.numbers123.toddler.counting.tracing on iteration: 84
2020-01-19 12:49:19,949 - INFO: successful purchase
2020-01-19 12:49:20,357 - INFO: downloading...
2020-01-19 12:49:23,344 - INFO: Downloaded version 45
2020-01-19 12:49:24,973 - INFO: started crawling through com.rvappstudios.abc_kids_toddler_tracing_phonics on iteration: 85
2020-01-19 12:49:26,503 - INFO: successful purchase
2020-01-19 12:49:27,013 - INFO: downloading...
2020-01-19 12:49:29,020 - INFO: Downloaded version 46
2020-01-19 12:49:30,739 - INFO: started crawling through com.rvappstudios.shapes.colors.toddler on iteration: 86
2020-01-19 12:49:32,033 - INFO: successful purchase
2020-01-19 12:49:32,369 - INFO: downloading...
2020-01-19 12:49:35,351 - INFO: Downloaded version 26
2020-01-19 12:49:37,034 - INFO: started crawling through com.rvappstudios.kids.coloring.book.color.painting on iteration: 87
2020-01-19 12:49:38,281 - INFO: successful purchase
2020-01-19 12:49:38,891 - INFO: downloading...
2020-01-19 12:49:43,947 - INFO: Downloaded version 5
2020-01-19 12:49:45,638 - INFO: started crawling through com.rvappstudios.jigsaw.puzzles.kids on iteration: 88
2020-01-19 12:49:46,881 - INFO: successful purchase
2020-01-19 12:49:47,493 - INFO: downloading...
2020-01-19 12:49:51,359 - INFO: Downloaded version 40
2020-01-19 12:49:58,038 - INFO: started crawling through com.greenteagames.dogracing3d on iteration: 89
2020-01-19 12:49:59,272 - INFO: successful purchase
2020-01-19 12:50:00,293 - INFO: downloading...
2020-01-19 12:50:01,911 - INFO: Downloaded version 100099
2020-01-19 12:50:03,620 - INFO: started crawling through com.rvappstudios.math.kids.counting on iteration: 90
2020-01-19 12:50:04,904 - INFO: successful purchase
2020-01-19 12:50:05,516 - INFO: downloading...
2020-01-19 12:50:09,542 - INFO: Downloaded version 26
2020-01-19 12:50:11,188 - INFO: started crawling through com.GamesForKids.Mathgames.MultiplicationTables on iteration: 91
2020-01-19 12:50:12,358 - INFO: successful purchase
2020-01-19 12:50:13,299 - INFO: downloading...
2020-01-19 12:50:14,524 - INFO: Downloaded version 78
2020-01-19 12:50:16,226 - INFO: started crawling through com.multiplication.table on iteration: 92
2020-01-19 12:50:17,397 - INFO: successful purchase
2020-01-19 12:50:17,907 - INFO: downloading...
2020-01-19 12:50:18,146 - INFO: Downloaded version 7
2020-01-19 12:50:19,858 - INFO: started crawling through com.closeapps.mathrun on iteration: 93
2020-01-19 12:50:21,187 - INFO: successful purchase
2020-01-19 12:50:21,646 - INFO: downloading...
2020-01-19 12:50:23,669 - INFO: Downloaded version 186
2020-01-19 12:50:25,498 - INFO: started crawling through kids.juegodesumas on iteration: 94
2020-01-19 12:50:26,614 - INFO: successful purchase
2020-01-19 12:50:27,092 - INFO: downloading...
2020-01-19 12:50:27,323 - INFO: Downloaded version 21
2020-01-19 12:50:28,924 - INFO: started crawling through com.sinyee.babybus.happycounting on iteration: 95
2020-01-19 12:50:30,095 - INFO: successful purchase
2020-01-19 12:50:30,706 - INFO: downloading...
2020-01-19 12:50:33,928 - INFO: Downloaded version 8390010
2020-01-19 12:50:35,600 - INFO: started crawling through com.sinyee.babybus.number on iteration: 96
2020-01-19 12:50:36,853 - INFO: successful purchase
2020-01-19 12:50:37,202 - INFO: downloading...
2020-01-19 12:50:40,730 - INFO: Downloaded version 8390010
2020-01-19 12:50:42,449 - INFO: started crawling through com.bimiboo.mysteries on iteration: 97
2020-01-19 12:50:43,594 - INFO: successful purchase
2020-01-19 12:50:44,113 - INFO: downloading...
2020-01-19 12:50:49,474 - INFO: Downloaded version 39
2020-01-19 12:50:51,184 - INFO: started crawling through com.bimiboo.colors on iteration: 98
2020-01-19 12:50:52,418 - INFO: successful purchase
2020-01-19 12:50:53,073 - INFO: downloading...
2020-01-19 12:50:56,456 - INFO: Downloaded version 65
2020-01-19 12:50:58,254 - INFO: started crawling through com.bimiboo.birthday on iteration: 99
2020-01-19 12:50:59,548 - INFO: successful purchase
2020-01-19 12:51:00,813 - INFO: downloading...
2020-01-19 12:51:04,871 - INFO: Downloaded version 46
2020-01-19 12:51:06,585 - INFO: started crawling through com.bimiboo.adventure on iteration: 100
2020-01-19 12:51:07,778 - INFO: successful purchase
2020-01-19 12:51:08,390 - INFO: downloading...
2020-01-19 12:51:13,024 - INFO: Downloaded version 53
2020-01-19 12:51:14,869 - INFO: started crawling through com.bimiboo.runner on iteration: 101
2020-01-19 12:51:16,073 - INFO: successful purchase
2020-01-19 12:51:16,890 - INFO: downloading...
2020-01-19 12:51:23,037 - INFO: Downloaded version 13
2020-01-19 12:51:24,640 - INFO: started crawling through com.bimiboo.puzzles on iteration: 102
2020-01-19 12:51:25,903 - INFO: successful purchase
2020-01-19 12:51:26,394 - INFO: downloading...
2020-01-19 12:51:31,323 - INFO: Downloaded version 70
2020-01-19 12:51:33,168 - INFO: started crawling through brilliant.sari on iteration: 103
2020-01-19 12:51:34,403 - INFO: successful purchase
2020-01-19 12:51:34,941 - INFO: downloading...
2020-01-19 12:51:40,248 - INFO: Downloaded version 168
2020-01-19 12:51:42,180 - INFO: started crawling through com.gokids.transportbuilding on iteration: 104
2020-01-19 12:51:43,414 - INFO: successful purchase
2020-01-19 12:51:43,875 - INFO: downloading...
2020-01-19 12:51:48,226 - INFO: Downloaded version 1000016
2020-01-19 12:51:49,906 - INFO: started crawling through com.razmobi.monstertrucks2 on iteration: 105
2020-01-19 12:51:50,993 - INFO: successful purchase
2020-01-19 12:51:51,351 - INFO: downloading...
2020-01-19 12:51:53,535 - INFO: Downloaded version 43
2020-01-19 12:51:55,268 - INFO: started crawling through com.PSVStudio.HippoMonstarTruck on iteration: 106
2020-01-19 12:51:56,522 - INFO: successful purchase
2020-01-19 12:51:57,236 - INFO: downloading...
2020-01-19 12:52:02,887 - INFO: Downloaded version 19
2020-01-19 12:52:04,645 - INFO: started crawling through com.iabuzz.apk.BEEPZZ on iteration: 107
2020-01-19 12:52:05,840 - INFO: successful purchase
2020-01-19 12:52:06,452 - INFO: downloading...
2020-01-19 12:52:08,950 - INFO: Downloaded version 300
2020-01-19 12:52:10,696 - INFO: started crawling through com.razmobi.funkidsplanes on iteration: 108
2020-01-19 12:52:11,882 - INFO: successful purchase
2020-01-19 12:52:12,596 - INFO: downloading...
2020-01-19 12:52:16,302 - INFO: Downloaded version 9
2020-01-19 12:52:17,972 - INFO: started crawling through com.YovoGames.airport on iteration: 109
2020-01-19 12:52:19,152 - INFO: successful purchase
2020-01-19 12:52:19,969 - INFO: downloading...
2020-01-19 12:52:21,678 - INFO: Downloaded version 31
2020-01-19 12:52:23,498 - INFO: started crawling through com.hippo_kids_games.for_girls_boys.water_slide_park on iteration: 110
2020-01-19 12:52:24,682 - INFO: successful purchase
2020-01-19 12:52:25,191 - INFO: downloading...
2020-01-19 12:52:30,631 - INFO: Downloaded version 33
2020-01-19 12:52:32,418 - INFO: started crawling through com.psvn.doors100 on iteration: 111
2020-01-19 12:52:33,796 - INFO: successful purchase
2020-01-19 12:52:34,715 - INFO: downloading...
2020-01-19 12:52:38,754 - INFO: Downloaded version 29
2020-01-19 12:52:40,429 - INFO: started crawling through com.hippo.CousinWedding on iteration: 112
2020-01-19 12:52:42,192 - INFO: successful purchase
2020-01-19 12:52:42,556 - INFO: downloading...
2020-01-19 12:52:47,344 - INFO: Downloaded version 23
2020-01-19 12:52:49,098 - INFO: started crawling through com.hippo_kids_games.girls_dress_up.newborn_baby_care on iteration: 113
2020-01-19 12:52:50,388 - INFO: successful purchase
2020-01-19 12:52:50,872 - INFO: downloading...
2020-01-19 12:52:54,201 - INFO: Downloaded version 30
2020-01-19 12:52:55,951 - INFO: started crawling through com.psv.psvn_goodnight_hippo_2 on iteration: 114
2020-01-19 12:52:57,040 - INFO: successful purchase
2020-01-19 12:52:57,415 - INFO: downloading...
2020-01-19 12:53:00,435 - INFO: Downloaded version 25
2020-01-19 12:53:02,122 - INFO: started crawling through com.hyppo.goodnight on iteration: 115
2020-01-19 12:53:03,388 - INFO: successful purchase
2020-01-19 12:53:03,870 - INFO: downloading...
2020-01-19 12:53:06,736 - INFO: Downloaded version 28
2020-01-19 12:53:08,400 - INFO: started crawling through com.Hippo.GoodMorning on iteration: 116
2020-01-19 12:53:09,739 - INFO: successful purchase
2020-01-19 12:53:10,658 - INFO: downloading...
2020-01-19 12:53:16,286 - INFO: Downloaded version 16
2020-01-19 12:53:18,054 - INFO: started crawling through com.PSVStudio.KidsHelloween on iteration: 117
2020-01-19 12:53:19,364 - INFO: successful purchase
2020-01-19 12:53:19,714 - INFO: downloading...
2020-01-19 12:53:21,906 - INFO: Downloaded version 17
2020-01-19 12:53:23,755 - INFO: started crawling through com.KidsGames.SuperHippo2 on iteration: 118
2020-01-19 12:53:24,894 - INFO: successful purchase
2020-01-19 12:53:25,351 - INFO: downloading...
2020-01-19 12:53:29,442 - INFO: Downloaded version 27
2020-01-19 12:53:31,121 - INFO: started crawling through com.KidsGames.SuperHippo on iteration: 119
2020-01-19 12:53:32,269 - INFO: successful purchase
2020-01-19 12:53:33,088 - INFO: downloading...
2020-01-19 12:53:40,053 - INFO: Downloaded version 26
2020-01-19 12:53:41,710 - INFO: started crawling through com.PSVStudio.HippoDentist on iteration: 120
2020-01-19 12:53:42,812 - INFO: successful purchase
2020-01-19 12:53:43,169 - INFO: downloading...
2020-01-19 12:53:46,808 - INFO: Downloaded version 32
2020-01-19 12:53:48,407 - INFO: started crawling through com.psvn.traumatologist on iteration: 121
2020-01-19 12:53:49,573 - INFO: successful purchase
2020-01-19 12:53:50,389 - INFO: downloading...
2020-01-19 12:53:55,664 - INFO: Downloaded version 41
2020-01-19 12:53:57,317 - INFO: started crawling through com.PSVGameStudio.HippoFirePatrol on iteration: 122
2020-01-19 12:53:58,482 - INFO: successful purchase
2020-01-19 12:53:58,950 - INFO: downloading...
2020-01-19 12:54:03,147 - INFO: Downloaded version 24
2020-01-19 12:54:04,845 - INFO: started crawling through com.HippoKidsGame.KidsLearnProfessios3 on iteration: 123
2020-01-19 12:54:06,059 - INFO: successful purchase
2020-01-19 12:54:07,388 - INFO: downloading...
2020-01-19 12:54:09,642 - INFO: Downloaded version 34
2020-01-19 12:54:11,380 - INFO: started crawling through com.PSV.Baby_Cooking_School on iteration: 124
2020-01-19 12:54:12,510 - INFO: successful purchase
2020-01-19 12:54:13,122 - INFO: downloading...
2020-01-19 12:54:16,838 - INFO: Downloaded version 37
2020-01-19 12:54:18,437 - INFO: started crawling through com.kidgame.supermarket on iteration: 125
2020-01-19 12:54:19,579 - INFO: successful purchase
2020-01-19 12:54:19,963 - INFO: downloading...
2020-01-19 12:54:25,021 - INFO: Downloaded version 78
2020-01-19 12:54:26,772 - INFO: started crawling through com.PSVStudio.HippoRailwayStation on iteration: 126
2020-01-19 12:54:27,974 - INFO: successful purchase
2020-01-19 12:54:28,482 - INFO: downloading...
2020-01-19 12:54:30,577 - INFO: Downloaded version 30
2020-01-19 12:54:32,245 - INFO: started crawling through com.budgestudios.googleplay.ThomasAndFriendsMagicalTracks on iteration: 127
2020-01-19 12:54:33,400 - INFO: successful purchase
2020-01-19 12:54:33,727 - INFO: downloading...
2020-01-19 12:54:38,672 - INFO: Downloaded version 1970
2020-01-19 12:54:40,506 - INFO: started crawling through com.budgestudios.googleplay.ThomasAndFriendsMinis on iteration: 128
2020-01-19 12:54:41,594 - INFO: successful purchase
2020-01-19 12:54:42,026 - INFO: downloading...
2020-01-19 12:54:45,066 - INFO: Downloaded version 348
2020-01-19 12:54:46,922 - INFO: started crawling through com.budgestudios.ThomasAndFriendsGoGoThomas on iteration: 129
2020-01-19 12:54:48,043 - INFO: successful purchase
2020-01-19 12:54:48,554 - INFO: downloading...
2020-01-19 12:54:50,718 - INFO: Downloaded version 534
2020-01-19 12:54:52,429 - INFO: started crawling through com.budgestudios.ChuggingtonReadyToBuild on iteration: 130
2020-01-19 12:54:53,575 - INFO: successful purchase
2020-01-19 12:54:54,016 - INFO: downloading...
2020-01-19 12:54:55,036 - INFO: Downloaded version 21
2020-01-19 12:54:56,908 - INFO: started crawling through com.thevoxelagents.tc3 on iteration: 131
2020-01-19 12:54:57,979 - INFO: successful purchase
2020-01-19 12:54:58,297 - INFO: downloading...
2020-01-19 12:55:01,425 - INFO: Downloaded version 2019122005
2020-01-19 12:55:03,152 - INFO: started crawling through com.dogbytegames.blockyrush on iteration: 132
2020-01-19 12:55:04,533 - INFO: successful purchase
2020-01-19 12:55:04,904 - INFO: downloading...
2020-01-19 12:55:06,762 - INFO: Downloaded version 43
2020-01-19 12:55:08,540 - INFO: started crawling through com.crescentmoongames.blocky_roads on iteration: 133
2020-01-19 12:55:09,826 - INFO: successful purchase
2020-01-19 12:55:10,308 - INFO: downloading...
2020-01-19 12:55:12,779 - INFO: Downloaded version 56
2020-01-19 12:55:14,524 - INFO: started crawling through com.nimblebit.legotower on iteration: 134
2020-01-19 12:55:15,690 - INFO: successful purchase
2020-01-19 12:55:16,136 - INFO: downloading...
2020-01-19 12:55:27,162 - INFO: Downloaded version 153
2020-01-19 12:55:28,966 - INFO: started crawling through com.lego.common.legolife on iteration: 135
2020-01-19 12:55:30,131 - INFO: successful purchase
2020-01-19 12:55:30,734 - INFO: downloading...
2020-01-19 12:55:33,527 - INFO: Downloaded version 100000178
2020-01-19 12:55:35,188 - INFO: started crawling through com.lego.friends.heartlake on iteration: 136
2020-01-19 12:55:36,280 - INFO: successful purchase
2020-01-19 12:55:36,989 - INFO: downloading...
2020-01-19 12:55:49,015 - INFO: Downloaded version 96
2020-01-19 12:55:50,750 - INFO: started crawling through com.gameloft.android.ANMP.GloftDMHM on iteration: 137
2020-01-19 12:55:51,949 - INFO: successful purchase
2020-01-19 12:55:52,554 - INFO: downloading...
2020-01-19 12:55:57,502 - INFO: Downloaded version 69023
2020-01-19 12:55:59,168 - INFO: started crawling through net.gogame.rainbow on iteration: 138
2020-01-19 12:56:00,442 - INFO: successful purchase
2020-01-19 12:56:00,926 - INFO: downloading...
2020-01-19 12:56:10,337 - INFO: Downloaded version 200202566
2020-01-19 12:56:12,182 - INFO: started crawling through mytown.home on iteration: 139
2020-01-19 12:56:13,344 - INFO: successful purchase
2020-01-19 12:56:13,705 - INFO: downloading...
2020-01-19 12:56:15,899 - INFO: Downloaded version 90
2020-01-19 12:56:17,630 - INFO: started crawling through mytown.police on iteration: 140
2020-01-19 12:56:18,874 - INFO: successful purchase
2020-01-19 12:56:19,385 - INFO: downloading...
2020-01-19 12:56:20,897 - INFO: Downloaded version 37
2020-01-19 12:56:22,580 - INFO: started crawling through mytown.fashion on iteration: 141
2020-01-19 12:56:23,789 - INFO: successful purchase
2020-01-19 12:56:24,264 - INFO: downloading...
2020-01-19 12:56:26,789 - INFO: Downloaded version 14
2020-01-19 12:56:28,444 - INFO: started crawling through mytown.danceschool.free on iteration: 142
2020-01-19 12:56:29,524 - INFO: successful purchase
2020-01-19 12:56:30,238 - INFO: downloading...
2020-01-19 12:56:32,138 - INFO: Downloaded version 18
2020-01-19 12:56:33,833 - INFO: started crawling through mytown.beautycontest.free on iteration: 143
2020-01-19 12:56:35,155 - INFO: successful purchase
2020-01-19 12:56:35,972 - INFO: downloading...
2020-01-19 12:56:42,325 - INFO: Downloaded version 15
2020-01-19 12:56:43,988 - INFO: started crawling through mylittleprincess.stores.free on iteration: 144
2020-01-19 12:56:45,088 - INFO: successful purchase
2020-01-19 12:56:46,008 - INFO: downloading...
2020-01-19 12:56:50,030 - INFO: Downloaded version 18
2020-01-19 12:56:51,718 - INFO: started crawling through mylittleprincess.castle.free on iteration: 145
2020-01-19 12:56:52,871 - INFO: successful purchase
2020-01-19 12:56:53,380 - INFO: downloading...
2020-01-19 12:56:57,142 - INFO: Downloaded version 31
2020-01-19 12:56:58,814 - INFO: started crawling through com.miga.world on iteration: 146
2020-01-19 12:57:00,756 - INFO: successful purchase
2020-01-19 12:57:01,399 - INFO: downloading...
2020-01-19 12:57:10,066 - INFO: Downloaded version 18
2020-01-19 12:57:11,707 - INFO: started crawling through com.miga.myapartment on iteration: 147
2020-01-19 12:57:13,044 - INFO: successful purchase
2020-01-19 12:57:13,759 - INFO: downloading...
2020-01-19 12:57:17,246 - INFO: Downloaded version 9
2020-01-19 12:57:19,103 - INFO: started crawling through com.miga.mytvshows on iteration: 148
2020-01-19 12:57:20,314 - INFO: successful purchase
2020-01-19 12:57:20,825 - INFO: downloading...
2020-01-19 12:57:23,614 - INFO: Downloaded version 5
2020-01-19 12:57:25,459 - INFO: started crawling through com.miga.mystore on iteration: 149
2020-01-19 12:57:26,665 - INFO: successful purchase
2020-01-19 12:57:27,126 - INFO: downloading...
2020-01-19 12:57:30,321 - INFO: Downloaded version 6
2020-01-19 12:57:32,078 - INFO: started crawling through com.miga.mypets on iteration: 150
2020-01-19 12:57:33,319 - INFO: successful purchase
2020-01-19 12:57:33,829 - INFO: downloading...
2020-01-19 12:57:37,188 - INFO: Downloaded version 5
2020-01-19 12:57:38,780 - INFO: started crawling through com.miga.myvacation on iteration: 151
2020-01-19 12:57:40,078 - INFO: successful purchase
2020-01-19 12:57:40,691 - INFO: downloading...
2020-01-19 12:57:45,126 - INFO: Downloaded version 14
2020-01-19 12:57:46,792 - INFO: started crawling through com.miga.myfirestation on iteration: 152
2020-01-19 12:57:48,372 - INFO: successful purchase
2020-01-19 12:57:48,745 - INFO: downloading...
2020-01-19 12:57:51,799 - INFO: Downloaded version 4
2020-01-19 12:57:53,469 - INFO: started crawling through com.miga.mytown on iteration: 153
2020-01-19 12:57:55,033 - INFO: successful purchase
2020-01-19 12:57:56,050 - INFO: downloading...
2020-01-19 12:58:00,722 - INFO: Downloaded version 12
2020-01-19 12:58:02,361 - INFO: started crawling through com.tocaboca.tocalifeworld on iteration: 154
2020-01-19 12:58:03,527 - INFO: successful purchase
2020-01-19 12:58:03,856 - INFO: downloading...
2020-01-19 12:58:07,514 - INFO: Downloaded version 43549
2020-01-19 12:58:09,210 - INFO: started crawling through com.tocaboca.tocakitchen2 on iteration: 155
2020-01-19 12:58:10,388 - INFO: successful purchase
2020-01-19 12:58:10,704 - INFO: downloading...
2020-01-19 12:58:15,706 - INFO: Downloaded version 4226
2020-01-19 12:58:17,435 - INFO: started crawling through com.tocaboca.tocakitchen on iteration: 156
2020-01-19 12:58:18,993 - INFO: successful purchase
2020-01-19 12:58:19,806 - INFO: downloading...
2020-01-19 12:58:27,416 - INFO: Downloaded version 647
2020-01-19 12:58:29,090 - INFO: started crawling through jp.smarteducation.tofusushi on iteration: 157
2020-01-19 12:58:30,151 - INFO: successful purchase
2020-01-19 12:58:30,968 - INFO: downloading...
2020-01-19 12:58:36,817 - INFO: Downloaded version 400030
2020-01-19 12:58:38,530 - INFO: started crawling through br.com.tapps.donotdisturb on iteration: 158
2020-01-19 12:58:39,778 - INFO: successful purchase
2020-01-19 12:58:40,454 - INFO: downloading...
2020-01-19 12:58:43,127 - INFO: Downloaded version 2036
2020-01-19 12:58:44,877 - INFO: started crawling through br.com.tapps.donotdisturb3 on iteration: 159
2020-01-19 12:58:46,949 - INFO: successful purchase
2020-01-19 12:58:47,260 - INFO: downloading...
2020-01-19 12:58:49,982 - INFO: Downloaded version 107
2020-01-19 12:58:51,711 - INFO: started crawling through com.FDGEntertainment.CoverOrange2.gp on iteration: 160
2020-01-19 12:58:52,884 - INFO: successful purchase
2020-01-19 12:58:53,805 - INFO: downloading...
2020-01-19 12:59:00,599 - INFO: Downloaded version 446
2020-01-19 12:59:02,317 - INFO: started crawling through com.FDGEntertainment.CoverOrange1.gp on iteration: 161
2020-01-19 12:59:03,637 - INFO: successful purchase
2020-01-19 12:59:04,005 - INFO: downloading...
2020-01-19 12:59:11,840 - INFO: Downloaded version 446
2020-01-19 12:59:13,761 - INFO: started crawling through br.com.tapps.myboo on iteration: 162
2020-01-19 12:59:15,003 - INFO: successful purchase
2020-01-19 12:59:15,389 - INFO: downloading...
2020-01-19 12:59:23,684 - INFO: Downloaded version 11218
2020-01-19 12:59:25,401 - INFO: started crawling through com.frojo.moy6 on iteration: 163
2020-01-19 12:59:27,087 - INFO: successful purchase
2020-01-19 12:59:27,697 - INFO: downloading...
2020-01-19 12:59:36,081 - INFO: Downloaded version 104
2020-01-19 12:59:37,877 - INFO: started crawling through com.frojo.moy5 on iteration: 164
2020-01-19 12:59:39,170 - INFO: successful purchase
2020-01-19 12:59:39,885 - INFO: downloading...
2020-01-19 12:59:43,564 - INFO: Downloaded version 53
2020-01-19 12:59:45,257 - INFO: started crawling through com.frojo.moy4.android on iteration: 165
2020-01-19 12:59:46,440 - INFO: successful purchase
2020-01-19 12:59:47,359 - INFO: downloading...
2020-01-19 12:59:48,870 - INFO: Downloaded version 38
2020-01-19 12:59:50,667 - INFO: started crawling through com.frojo.moy3.android on iteration: 166
2020-01-19 12:59:51,765 - INFO: successful purchase
2020-01-19 12:59:52,480 - INFO: downloading...
2020-01-19 12:59:54,206 - INFO: Downloaded version 24
2020-01-19 12:59:55,914 - INFO: started crawling through com.frojo.moy2 on iteration: 167
2020-01-19 12:59:56,988 - INFO: successful purchase
2020-01-19 12:59:57,702 - INFO: downloading...
2020-01-19 12:59:58,489 - INFO: Downloaded version 22
2020-01-19 13:00:00,050 - INFO: started crawling through com.frojo.moyAnimated.android on iteration: 168
2020-01-19 13:00:01,392 - INFO: successful purchase
2020-01-19 13:00:02,106 - INFO: downloading...
2020-01-19 13:00:02,958 - INFO: Downloaded version 24
2020-01-19 13:00:04,599 - INFO: started crawling through com.frojo.virtualpet on iteration: 169
2020-01-19 13:00:05,795 - INFO: successful purchase
2020-01-19 13:00:06,508 - INFO: downloading...
2020-01-19 13:00:07,156 - INFO: Downloaded version 51
2020-01-19 13:00:08,844 - INFO: started crawling through com.frojo.pug on iteration: 170
2020-01-19 13:00:10,094 - INFO: successful purchase
2020-01-19 13:00:11,056 - INFO: downloading...
2020-01-19 13:00:15,011 - INFO: Downloaded version 16
2020-01-19 13:00:16,586 - INFO: started crawling through com.frojo.corgi on iteration: 171
2020-01-19 13:00:17,775 - INFO: successful purchase
2020-01-19 13:00:18,234 - INFO: downloading...
2020-01-19 13:00:22,983 - INFO: Downloaded version 6
2020-01-19 13:00:24,667 - INFO: started crawling through com.frojo.cat on iteration: 172
2020-01-19 13:00:25,870 - INFO: successful purchase
2020-01-19 13:00:26,233 - INFO: downloading...
2020-01-19 13:00:29,345 - INFO: Downloaded version 17
2020-01-19 13:00:31,006 - INFO: started crawling through com.frojo.chicken on iteration: 173
2020-01-19 13:00:32,158 - INFO: successful purchase
2020-01-19 13:00:32,622 - INFO: downloading...
2020-01-19 13:00:34,784 - INFO: Downloaded version 17
2020-01-19 13:00:36,342 - INFO: started crawling through com.frojo.dino.android on iteration: 174
2020-01-19 13:00:37,462 - INFO: successful purchase
2020-01-19 13:00:37,924 - INFO: downloading...
2020-01-19 13:00:39,118 - INFO: Downloaded version 14
2020-01-19 13:00:40,808 - INFO: started crawling through com.frojo.bear on iteration: 175
2020-01-19 13:00:42,079 - INFO: successful purchase
2020-01-19 13:00:42,418 - INFO: downloading...
2020-01-19 13:00:45,659 - INFO: Downloaded version 16
2020-01-19 13:00:47,376 - INFO: started crawling through com.frojo.chicken2 on iteration: 176
2020-01-19 13:00:48,802 - INFO: successful purchase
2020-01-19 13:00:49,370 - INFO: downloading...
2020-01-19 13:00:52,264 - INFO: Downloaded version 17
2020-01-19 13:00:54,344 - INFO: started crawling through com.bubadu.bubburestaurant on iteration: 177
2020-01-19 13:00:55,663 - INFO: successful purchase
2020-01-19 13:00:56,275 - INFO: downloading...
2020-01-19 13:01:01,204 - INFO: Downloaded version 20
2020-01-19 13:01:02,970 - INFO: started crawling through com.bubadu.bubbu on iteration: 178
2020-01-19 13:01:04,470 - INFO: successful purchase
2020-01-19 13:01:05,093 - INFO: downloading...
2020-01-19 13:01:11,376 - INFO: Downloaded version 70
2020-01-19 13:01:13,111 - INFO: started crawling through com.bubadu.duddu on iteration: 179
2020-01-19 13:01:14,505 - INFO: successful purchase
2020-01-19 13:01:15,014 - INFO: downloading...
2020-01-19 13:01:21,795 - INFO: Downloaded version 52
2020-01-19 13:01:23,994 - INFO: started crawling through com.bubadu.pixie on iteration: 180
2020-01-19 13:01:25,170 - INFO: successful purchase
2020-01-19 13:01:25,766 - INFO: downloading...
2020-01-19 13:01:30,328 - INFO: Downloaded version 38
2020-01-19 13:01:36,082 - INFO: started crawling through air.bullstudios.fairyhorsecare on iteration: 181
2020-01-19 13:01:37,443 - INFO: successful purchase
2020-01-19 13:01:37,994 - INFO: downloading...
2020-01-19 13:01:43,332 - INFO: Downloaded version 2003024
2020-01-19 13:01:45,364 - INFO: started crawling through com.cocoplay.cocopony on iteration: 182
2020-01-19 13:01:46,862 - INFO: successful purchase
2020-01-19 13:01:47,162 - INFO: downloading...
2020-01-19 13:01:53,053 - INFO: Downloaded version 109
2020-01-19 13:01:54,679 - INFO: started crawling through com.cocoplay.ponyfashionacademy on iteration: 183
2020-01-19 13:01:55,873 - INFO: successful purchase
2020-01-19 13:01:56,432 - INFO: downloading...
2020-01-19 13:02:00,717 - INFO: Downloaded version 135
2020-01-19 13:02:02,425 - INFO: started crawling through com.cocoplay.cocoiceprincesstwo on iteration: 184
2020-01-19 13:02:03,764 - INFO: successful purchase
2020-01-19 13:02:04,269 - INFO: downloading...
2020-01-19 13:02:12,913 - INFO: Downloaded version 109
2020-01-19 13:02:14,530 - INFO: started crawling through com.cocoplay.cocorockstar on iteration: 185
2020-01-19 13:02:15,847 - INFO: successful purchase
2020-01-19 13:02:16,228 - INFO: downloading...
2020-01-19 13:02:27,281 - INFO: Downloaded version 105
2020-01-19 13:02:28,963 - INFO: started crawling through com.cocoplay.cocoparty on iteration: 186
2020-01-19 13:02:30,179 - INFO: successful purchase
2020-01-19 13:02:30,792 - INFO: downloading...
2020-01-19 13:02:38,844 - INFO: Downloaded version 104
2020-01-19 13:02:40,712 - INFO: started crawling through com.cocoplay.cocosupermodel on iteration: 187
2020-01-19 13:02:41,956 - INFO: successful purchase
2020-01-19 13:02:42,543 - INFO: downloading...
2020-01-19 13:02:49,676 - INFO: Downloaded version 107
2020-01-19 13:02:51,394 - INFO: started crawling through com.cocoplay.cocokitty on iteration: 188
2020-01-19 13:02:52,708 - INFO: successful purchase
2020-01-19 13:02:53,935 - INFO: downloading...
2020-01-19 13:03:01,145 - INFO: Downloaded version 116
2020-01-19 13:03:02,950 - INFO: started crawling through com.cocoplay.cocobunny on iteration: 189
2020-01-19 13:03:04,381 - INFO: successful purchase
2020-01-19 13:03:05,095 - INFO: downloading...
2020-01-19 13:03:12,012 - INFO: Downloaded version 111
2020-01-19 13:03:13,605 - INFO: started crawling through com.NeufOctobre.BuMyBunnyVirtualPet on iteration: 190
2020-01-19 13:03:14,929 - INFO: successful purchase
2020-01-19 13:03:15,439 - INFO: downloading...
2020-01-19 13:03:22,385 - INFO: Downloaded version 200023
2020-01-19 13:03:24,366 - INFO: started crawling through com.cocoplay.cocopuppy on iteration: 191
2020-01-19 13:03:25,578 - INFO: successful purchase
2020-01-19 13:03:26,072 - INFO: downloading...
2020-01-19 13:03:32,342 - INFO: Downloaded version 204
2020-01-19 13:03:34,261 - INFO: started crawling through com.tutotoons.app.kikififipetfriends.free on iteration: 192
2020-01-19 13:03:35,513 - INFO: successful purchase
2020-01-19 13:03:35,938 - INFO: downloading...
2020-01-19 13:03:42,511 - INFO: Downloaded version 4000009
2020-01-19 13:03:44,128 - INFO: started crawling through com.tutotoons.app.kikififipetbeautysalon.free on iteration: 193
2020-01-19 13:03:45,347 - INFO: successful purchase
2020-01-19 13:03:46,061 - INFO: downloading...
2020-01-19 13:03:49,844 - INFO: Downloaded version 4000029
2020-01-19 13:03:51,666 - INFO: started crawling through com.tutotoons.app.kikififipethotel.free on iteration: 194
2020-01-19 13:03:53,021 - INFO: successful purchase
2020-01-19 13:03:53,387 - INFO: downloading...
2020-01-19 13:03:57,813 - INFO: Downloaded version 2000032
2020-01-19 13:03:59,491 - INFO: started crawling through com.tutotoons.app.babytigercare.free on iteration: 195
2020-01-19 13:04:00,702 - INFO: successful purchase
2020-01-19 13:04:01,151 - INFO: downloading...
2020-01-19 13:04:08,166 - INFO: Downloaded version 3000028
2020-01-19 13:04:10,009 - INFO: started crawling through com.tutotoons.app.pandalufunpark.free on iteration: 196
2020-01-19 13:04:11,351 - INFO: successful purchase
2020-01-19 13:04:12,375 - INFO: downloading...
2020-01-19 13:04:18,946 - INFO: Downloaded version 3000011
2020-01-19 13:04:20,771 - INFO: started crawling through com.sinyee.babybus.earthquake on iteration: 197
2020-01-19 13:04:22,002 - INFO: successful purchase
2020-01-19 13:04:22,511 - INFO: downloading...
2020-01-19 13:04:25,325 - INFO: Downloaded version 8400010
2020-01-19 13:04:27,013 - INFO: started crawling through com.sinyee.babybus.earthquakeII on iteration: 198
2020-01-19 13:04:28,248 - INFO: successful purchase
2020-01-19 13:04:28,684 - INFO: downloading...
2020-01-19 13:04:30,879 - INFO: Downloaded version 8390010
2020-01-19 13:04:32,761 - INFO: started crawling through com.sinyee.babybus.homesafe.global on iteration: 199
2020-01-19 13:04:33,982 - INFO: successful purchase
2020-01-19 13:04:34,594 - INFO: downloading...
2020-01-19 13:04:38,702 - INFO: Downloaded version 8400010
2020-01-19 13:04:40,402 - INFO: started crawling through com.sinyee.babybus.dailysafety on iteration: 200
2020-01-19 13:04:41,662 - INFO: successful purchase
2020-01-19 13:04:42,377 - INFO: downloading...
2020-01-19 13:04:46,168 - INFO: Downloaded version 8400010
2020-01-19 13:04:47,796 - INFO: started crawling through com.sinyee.babybus.care on iteration: 201
2020-01-19 13:04:49,035 - INFO: successful purchase
2020-01-19 13:04:49,407 - INFO: downloading...
2020-01-19 13:04:52,826 - INFO: Downloaded version 8400011
2020-01-19 13:04:54,433 - INFO: started crawling through com.sinyee.babybus.food on iteration: 202
2020-01-19 13:04:55,589 - INFO: successful purchase
2020-01-19 13:04:55,951 - INFO: downloading...
2020-01-19 13:05:00,037 - INFO: Downloaded version 8400011
2020-01-19 13:05:01,758 - INFO: started crawling through com.sinyee.babybus.kitchens on iteration: 203
2020-01-19 13:05:02,864 - INFO: successful purchase
2020-01-19 13:05:03,359 - INFO: downloading...
2020-01-19 13:05:07,226 - INFO: Downloaded version 8400010
2020-01-19 13:05:08,969 - INFO: started crawling through com.sinyee.babybus.drinks on iteration: 204
2020-01-19 13:05:10,027 - INFO: successful purchase
2020-01-19 13:05:10,364 - INFO: downloading...
2020-01-19 13:05:13,521 - INFO: Downloaded version 8400010
2020-01-19 13:05:15,126 - INFO: started crawling through com.sinyee.babybus.icecream on iteration: 205
2020-01-19 13:05:16,275 - INFO: successful purchase
2020-01-19 13:05:16,887 - INFO: downloading...
2020-01-19 13:05:23,068 - INFO: Downloaded version 8400002
2020-01-19 13:05:24,676 - INFO: started crawling through com.sinyee.babybus.soda on iteration: 206
2020-01-19 13:05:25,797 - INFO: successful purchase
2020-01-19 13:05:26,307 - INFO: downloading...
2020-01-19 13:05:29,573 - INFO: Downloaded version 8390011
2020-01-19 13:05:31,187 - INFO: started crawling through com.sinyee.babybus.candy on iteration: 207
2020-01-19 13:05:32,299 - INFO: successful purchase
2020-01-19 13:05:32,844 - INFO: downloading...
2020-01-19 13:05:37,436 - INFO: Downloaded version 8390012
2020-01-19 13:05:39,130 - INFO: started crawling through com.sinyee.babybus.snacks on iteration: 208
2020-01-19 13:05:40,338 - INFO: successful purchase
2020-01-19 13:05:40,788 - INFO: downloading...
2020-01-19 13:05:44,996 - INFO: Downloaded version 8390008
2020-01-19 13:05:46,691 - INFO: started crawling through com.sinyee.babybus.bakery on iteration: 209
2020-01-19 13:05:48,120 - INFO: successful purchase
2020-01-19 13:05:48,500 - INFO: downloading...
2020-01-19 13:05:54,625 - INFO: Downloaded version 8390012
2020-01-19 13:05:56,406 - INFO: started crawling through com.sinyee.babybus.holiday on iteration: 210
2020-01-19 13:05:57,543 - INFO: successful purchase
2020-01-19 13:05:57,881 - INFO: downloading...
2020-01-19 13:06:01,460 - INFO: Downloaded version 8400010
2020-01-19 13:06:03,205 - INFO: started crawling through com.sinyee.babybus.picnic on iteration: 211
2020-01-19 13:06:04,402 - INFO: successful purchase
2020-01-19 13:06:04,787 - INFO: downloading...
2020-01-19 13:06:07,272 - INFO: Downloaded version 8390010
2020-01-19 13:06:09,020 - INFO: started crawling through com.sinyee.babybus.olympic on iteration: 212
2020-01-19 13:06:10,343 - INFO: successful purchase
2020-01-19 13:06:10,685 - INFO: downloading...
2020-01-19 13:06:17,204 - INFO: Downloaded version 8360006
2020-01-19 13:06:18,996 - INFO: started crawling through com.sinyee.babybus.sport on iteration: 213
2020-01-19 13:06:20,171 - INFO: successful purchase
2020-01-19 13:06:20,785 - INFO: downloading...
2020-01-19 13:06:24,372 - INFO: Downloaded version 8390010
2020-01-19 13:06:26,180 - INFO: started crawling through com.sinyee.babybus.policemen on iteration: 214
2020-01-19 13:06:27,340 - INFO: successful purchase
2020-01-19 13:06:27,952 - INFO: downloading...
2020-01-19 13:06:34,807 - INFO: Downloaded version 8400000
2020-01-19 13:06:36,530 - INFO: started crawling through com.sinyee.babybus.firemanII on iteration: 215
2020-01-19 13:06:37,784 - INFO: successful purchase
2020-01-19 13:06:38,397 - INFO: downloading...
2020-01-19 13:06:43,032 - INFO: Downloaded version 8400011
2020-01-19 13:06:44,807 - INFO: started crawling through com.sinyee.babybus.world on iteration: 216
2020-01-19 13:06:45,977 - INFO: successful purchase
2020-01-19 13:06:46,464 - INFO: downloading...
2020-01-19 13:06:52,242 - INFO: Downloaded version 8390400
2020-01-19 13:06:54,057 - INFO: started crawling through com.sinyee.babybus.superman on iteration: 217
2020-01-19 13:06:55,192 - INFO: successful purchase
2020-01-19 13:06:55,702 - INFO: downloading...
2020-01-19 13:07:00,746 - INFO: Downloaded version 8400010
2020-01-19 13:07:02,880 - INFO: started crawling through com.sinyee.babybus.adventure on iteration: 218
2020-01-19 13:07:04,204 - INFO: successful purchase
2020-01-19 13:07:04,665 - INFO: downloading...
2020-01-19 13:07:07,786 - INFO: Downloaded version 8400010
2020-01-19 13:07:09,470 - INFO: started crawling through com.sinyee.babybus.town on iteration: 219
2020-01-19 13:07:10,655 - INFO: successful purchase
2020-01-19 13:07:11,164 - INFO: downloading...
2020-01-19 13:07:17,542 - INFO: Downloaded version 8360006
2020-01-19 13:07:19,265 - INFO: started crawling through com.sinyee.babybus.magichouse on iteration: 220
2020-01-19 13:07:20,383 - INFO: successful purchase
2020-01-19 13:07:20,892 - INFO: downloading...
2020-01-19 13:07:23,066 - INFO: Downloaded version 8400010
2020-01-19 13:07:24,713 - INFO: started crawling through com.sinyee.babybus.shopping on iteration: 221
2020-01-19 13:07:25,913 - INFO: successful purchase
2020-01-19 13:07:26,626 - INFO: downloading...
2020-01-19 13:07:31,366 - INFO: Downloaded version 8400002
2020-01-19 13:07:33,266 - INFO: started crawling through com.sinyee.babybus.tailor on iteration: 222
2020-01-19 13:07:34,514 - INFO: successful purchase
2020-01-19 13:07:34,855 - INFO: downloading...
2020-01-19 13:07:38,884 - INFO: Downloaded version 8400010
2020-01-19 13:07:40,464 - INFO: started crawling through com.sinyee.babybus.cosmetology on iteration: 223
2020-01-19 13:07:41,580 - INFO: successful purchase
2020-01-19 13:07:42,063 - INFO: downloading...
2020-01-19 13:07:45,367 - INFO: Downloaded version 8400010
2020-01-19 13:07:46,967 - INFO: started crawling through com.sinyee.babybus.village on iteration: 224
2020-01-19 13:07:48,133 - INFO: successful purchase
2020-01-19 13:07:48,506 - INFO: downloading...
2020-01-19 13:07:52,912 - INFO: Downloaded version 8400010
2020-01-19 13:07:54,566 - INFO: started crawling through com.tutotoons.app.animalhairsalonaustralia.free on iteration: 225
2020-01-19 13:07:55,813 - INFO: successful purchase
2020-01-19 13:07:56,220 - INFO: downloading...
2020-01-19 13:08:01,941 - INFO: Downloaded version 6000024
2020-01-19 13:08:03,662 - INFO: started crawling through com.tutotoons.app.jungleanimalhairsalon2.free on iteration: 226
2020-01-19 13:08:04,824 - INFO: successful purchase
2020-01-19 13:08:05,333 - INFO: downloading...
2020-01-19 13:08:10,811 - INFO: Downloaded version 5000012
2020-01-19 13:08:12,461 - INFO: started crawling through com.YovoGames.hair3 on iteration: 227
2020-01-19 13:08:13,733 - INFO: successful purchase
2020-01-19 13:08:14,345 - INFO: downloading...
2020-01-19 13:08:17,333 - INFO: Downloaded version 16
2020-01-19 13:08:18,934 - INFO: started crawling through com.tutotoons.app.amysanimalhairsalon.free on iteration: 228
2020-01-19 13:08:20,184 - INFO: successful purchase
2020-01-19 13:08:20,796 - INFO: downloading...
2020-01-19 13:08:25,181 - INFO: Downloaded version 2000083
2020-01-19 13:08:26,849 - INFO: started crawling through com.tutotoons.app.ponysisterspopmusicband.free on iteration: 229
2020-01-19 13:08:27,966 - INFO: successful purchase
2020-01-19 13:08:28,579 - INFO: downloading...
2020-01-19 13:08:37,373 - INFO: Downloaded version 3000015
2020-01-19 13:08:39,014 - INFO: started crawling through com.gamesforgirlsfree.unicorn on iteration: 230
2020-01-19 13:08:40,256 - INFO: successful purchase
2020-01-19 13:08:40,968 - INFO: downloading...
2020-01-19 13:08:42,282 - INFO: Downloaded version 400018
2020-01-19 13:08:43,904 - INFO: started crawling through com.edujoy.masha.games on iteration: 231
2020-01-19 13:08:45,067 - INFO: successful purchase
2020-01-19 13:08:45,522 - INFO: downloading...
2020-01-19 13:08:47,504 - INFO: Downloaded version 50
2020-01-19 13:08:49,209 - INFO: started crawling through com.edujoy.Masha.Bear on iteration: 232
2020-01-19 13:08:50,210 - INFO: successful purchase
2020-01-19 13:08:51,107 - INFO: downloading...
2020-01-19 13:08:52,984 - INFO: Downloaded version 49
2020-01-19 13:08:54,632 - INFO: started crawling through com.indigokids.mimdoctor on iteration: 233
2020-01-19 13:08:55,851 - INFO: successful purchase
2020-01-19 13:08:56,433 - INFO: downloading...
2020-01-19 13:09:04,114 - INFO: Downloaded version 393
2020-01-19 13:09:05,907 - INFO: started crawling through com.psvn.masha_and_the_bear_mini on iteration: 234
2020-01-19 13:09:06,981 - INFO: successful purchase
2020-01-19 13:09:07,489 - INFO: downloading...
2020-01-19 13:09:11,534 - INFO: Downloaded version 40
2020-01-19 13:09:13,266 - INFO: started crawling through com.indigokids.mimhillclimb on iteration: 235
2020-01-19 13:09:14,454 - INFO: successful purchase
2020-01-19 13:09:15,170 - INFO: downloading...
2020-01-19 13:09:21,940 - INFO: Downloaded version 200065
2020-01-19 13:09:23,653 - INFO: started crawling through com.greenteagames.bunnyrunracing on iteration: 236
2020-01-19 13:09:24,798 - INFO: successful purchase
2020-01-19 13:09:25,717 - INFO: downloading...
2020-01-19 13:09:28,370 - INFO: Downloaded version 27
2020-01-19 13:09:30,082 - INFO: started crawling through com.greenteagames.princessrungame on iteration: 237
2020-01-19 13:09:31,163 - INFO: successful purchase
2020-01-19 13:09:31,568 - INFO: downloading...
2020-01-19 13:09:34,665 - INFO: Downloaded version 28
2020-01-19 13:09:36,369 - INFO: started crawling through com.greenteagames.dragonrun on iteration: 238
2020-01-19 13:09:37,496 - INFO: successful purchase
2020-01-19 13:09:37,935 - INFO: downloading...
2020-01-19 13:09:40,100 - INFO: Downloaded version 100033
2020-01-19 13:09:41,739 - INFO: started crawling through com.taptaptales.mashasdaygamesforkids on iteration: 239
2020-01-19 13:09:42,923 - INFO: successful purchase
2020-01-19 13:09:43,433 - INFO: downloading...
2020-01-19 13:09:52,755 - INFO: Downloaded version 170
2020-01-19 13:09:54,476 - INFO: started crawling through com.edutainment.mashadentist on iteration: 240
2020-01-19 13:09:55,621 - INFO: successful purchase
2020-01-19 13:09:56,233 - INFO: downloading...
2020-01-19 13:10:02,508 - INFO: Downloaded version 73
2020-01-19 13:10:04,277 - INFO: started crawling through com.psvnMaB.Goodnight on iteration: 241
2020-01-19 13:10:05,449 - INFO: successful purchase
2020-01-19 13:10:06,473 - INFO: downloading...
2020-01-19 13:10:14,975 - INFO: Downloaded version 16
2020-01-19 13:10:16,916 - INFO: started crawling through com.sinyee.babybus.princessII on iteration: 242
2020-01-19 13:10:18,053 - INFO: successful purchase
2020-01-19 13:10:18,555 - INFO: downloading...
2020-01-19 13:10:22,614 - INFO: Downloaded version 8400001
2020-01-19 13:10:24,264 - INFO: started crawling through com.sinyee.babybus.princess on iteration: 243
2020-01-19 13:10:25,522 - INFO: successful purchase
2020-01-19 13:10:25,975 - INFO: downloading...
2020-01-19 13:10:30,173 - INFO: Downloaded version 8400010
2020-01-19 13:10:31,789 - INFO: started crawling through com.WildWorks.RyansTag on iteration: 244
2020-01-19 13:10:33,001 - INFO: successful purchase
2020-01-19 13:10:33,711 - INFO: downloading...
2020-01-19 13:10:48,799 - INFO: Downloaded version 367
2020-01-19 13:10:50,477 - INFO: started crawling through com.sinyee.babybus.repair on iteration: 245
2020-01-19 13:10:51,736 - INFO: successful purchase
2020-01-19 13:10:52,245 - INFO: downloading...
2020-01-19 13:10:55,035 - INFO: Downloaded version 8400010
2020-01-19 13:10:56,750 - INFO: started crawling through com.sinyee.babybus.repairshop on iteration: 246
2020-01-19 13:10:57,880 - INFO: successful purchase
2020-01-19 13:10:58,696 - INFO: downloading...
2020-01-19 13:11:06,548 - INFO: Downloaded version 8390011
2020-01-19 13:11:08,205 - INFO: started crawling through com.sinyee.babybus.occupation.global on iteration: 247
2020-01-19 13:11:09,456 - INFO: successful purchase
2020-01-19 13:11:10,068 - INFO: downloading...
2020-01-19 13:11:15,777 - INFO: Downloaded version 8390010
2020-01-19 13:11:17,416 - INFO: started crawling through com.sinyee.babybus.airport on iteration: 248
2020-01-19 13:11:18,667 - INFO: successful purchase
2020-01-19 13:11:19,284 - INFO: downloading...
2020-01-19 13:11:22,202 - INFO: Downloaded version 8390010
2020-01-19 13:11:24,000 - INFO: started crawling through com.sinyee.babybus.boat on iteration: 249
2020-01-19 13:11:25,220 - INFO: successful purchase
2020-01-19 13:11:25,730 - INFO: downloading...
2020-01-19 13:11:28,142 - INFO: Downloaded version 8380007
2020-01-19 13:11:29,856 - INFO: started crawling through com.sinyee.babybus.trainII on iteration: 250
2020-01-19 13:11:30,954 - INFO: successful purchase
2020-01-19 13:11:31,465 - INFO: downloading...
2020-01-19 13:11:35,135 - INFO: Downloaded version 8390010
2020-01-19 13:11:36,947 - INFO: started crawling through com.sinyee.babybus.karting.global on iteration: 251
2020-01-19 13:11:38,225 - INFO: successful purchase
2020-01-19 13:11:38,656 - INFO: downloading...
2020-01-19 13:11:41,522 - INFO: Downloaded version 8390008
2020-01-19 13:11:43,196 - INFO: started crawling through com.sinyee.babybus.taxi on iteration: 252
2020-01-19 13:11:44,472 - INFO: successful purchase
2020-01-19 13:11:44,822 - INFO: downloading...
2020-01-19 13:11:51,573 - INFO: Downloaded version 8390012
2020-01-19 13:11:53,234 - INFO: started crawling through com.sinyee.babybus.hero on iteration: 253
2020-01-19 13:11:54,301 - INFO: successful purchase
2020-01-19 13:11:54,755 - INFO: downloading...
2020-01-19 13:12:00,294 - INFO: Downloaded version 8400010
2020-01-19 13:12:01,973 - INFO: started crawling through com.sinyee.babybus.babyhospital on iteration: 254
2020-01-19 13:12:03,211 - INFO: successful purchase
2020-01-19 13:12:03,823 - INFO: downloading...
2020-01-19 13:12:06,729 - INFO: Downloaded version 8400010
2020-01-19 13:12:08,486 - INFO: started crawling through com.sinyee.babybus.pilot on iteration: 255
2020-01-19 13:12:09,662 - INFO: successful purchase
2020-01-19 13:12:09,999 - INFO: downloading...
2020-01-19 13:12:13,015 - INFO: Downloaded version 8390010
2020-01-19 13:12:14,633 - INFO: started crawling through com.sinyee.babybus.culture on iteration: 256
2020-01-19 13:12:15,805 - INFO: successful purchase
2020-01-19 13:12:16,176 - INFO: downloading...
2020-01-19 13:12:20,783 - INFO: Downloaded version 8390010
2020-01-19 13:12:22,527 - INFO: started crawling through com.sinyee.babybus.natural on iteration: 257
2020-01-19 13:12:23,691 - INFO: successful purchase
2020-01-19 13:12:24,078 - INFO: downloading...
2020-01-19 13:12:30,288 - INFO: Downloaded version 8391300
2020-01-19 13:12:31,975 - INFO: started crawling through com.sinyee.babybus.dinosaurII on iteration: 258
2020-01-19 13:12:33,116 - INFO: successful purchase
2020-01-19 13:12:33,928 - INFO: downloading...
2020-01-19 13:12:37,638 - INFO: Downloaded version 8390012
2020-01-19 13:12:40,322 - INFO: started crawling through com.sinyee.babybus.dinosaur on iteration: 259
2020-01-19 13:12:41,508 - INFO: successful purchase
2020-01-19 13:12:41,962 - INFO: downloading...
2020-01-19 13:12:45,404 - INFO: Downloaded version 8390011
2020-01-19 13:12:47,272 - INFO: started crawling through com.sinyee.babybus.seaworld on iteration: 260
2020-01-19 13:12:48,473 - INFO: successful purchase
2020-01-19 13:12:48,855 - INFO: downloading...
2020-01-19 13:12:51,831 - INFO: Downloaded version 8390010
2020-01-19 13:12:53,666 - INFO: started crawling through com.sinyee.babybus.garden on iteration: 261
2020-01-19 13:12:54,821 - INFO: successful purchase
2020-01-19 13:12:55,842 - INFO: downloading...
2020-01-19 13:13:00,654 - INFO: Downloaded version 8400010
2020-01-19 13:13:02,356 - INFO: started crawling through com.sinyee.babybus.zoo on iteration: 262
2020-01-19 13:13:03,422 - INFO: successful purchase
2020-01-19 13:13:04,648 - INFO: downloading...
2020-01-19 13:13:08,970 - INFO: Downloaded version 8390010
2020-01-19 13:13:10,651 - INFO: started crawling through com.sinyee.babybus.expedition on iteration: 263
2020-01-19 13:13:11,819 - INFO: successful purchase
2020-01-19 13:13:12,021 - ERROR: error: error getting download url: Server busy, please try again later. for: com.sinyee.babybus.expedition.
 Server Timeout. Waiting 5 min and tying again. attempt 2 out of 5
2020-01-19 13:18:12,026 - INFO: started crawling through com.sinyee.babybus.expedition on iteration: 263
2020-01-19 13:18:13,182 - INFO: successful purchase
2020-01-19 13:18:13,385 - CRITICAL: critical error: error getting download url: Server busy, please try again later. for: com.sinyee.babybus.expedition.
 trying again. Waiting 5 min. attempt 3 out of 5
2020-01-19 13:23:13,484 - INFO: started crawling through com.sinyee.babybus.expedition on iteration: 263
2020-01-19 13:23:14,650 - INFO: successful purchase
2020-01-19 13:23:14,852 - CRITICAL: critical error: error getting download url: Server busy, please try again later. for: com.sinyee.babybus.expedition.
 trying again. Waiting 5 min. attempt 4 out of 5
2020-01-19 13:28:14,950 - INFO: started crawling through com.sinyee.babybus.expedition on iteration: 263
2020-01-19 13:28:16,118 - INFO: successful purchase
2020-01-19 13:28:16,320 - CRITICAL: critical error: error getting download url: Server busy, please try again later. for: com.sinyee.babybus.expedition.
 trying again. Waiting 5 min. attempt 5 out of 5
